{"id":"9b388067-2ed2-4413-bea9-cd797e9698eb","target":"desktop","created":"2026-02-06T00:05:41.8536695-05:00","status":"ok","summary":"Sync completed where possible; reported missing repos. Versions and A2A status collected.","details":"Repos:\n- agentic-console: pulled (already up to date)\n- Enterprise: repo not found on desktop\n- CaseCompanion: repo not found on desktop\n- codex-control-stack: repo not found on desktop\n\nVersions:\n- Node: v24.13.0\n- Python: 3.11.9\n\nA2A:\n- Port 9451 listening on 0.0.0.0"}
{"id":"f88eacdf-3fd7-482b-8d3f-eb24d7dd9fa4","target":"desktop","created":"2026-02-06T00:13:56.3474541-05:00","status":"error","summary":"Planning not approved","details":"User denied planning."}
{"id":"f88eacdf-3fd7-482b-8d3f-eb24d7dd9fa4","target":"desktop","created":"2026-02-06T00:17:46.0846178-05:00","status":"ok","summary":"Repos bootstrapped","details":"Repos:\n- Enterprise: cloned to C:\\Users\\codym\\Enterprise (status: main...origin/main)\n- CaseCompanion: cloned to C:\\Users\\codym\\CaseCompanion (status: master...origin/master)\n- codex-control-stack: cloned to C:\\Users\\codym\\codex-control-stack (status: master...origin/master)"}
{"id":"15cebaa1-1f10-41ee-825e-45f10f469534","target":"desktop","created":"2026-02-06T00:17:46.1324913-05:00","status":"ok","summary":"Ping check","details":"Time: 02/06/2026 00:17:46\nHostname: CODYDESKTOP\nWatcher: not running (no process found)"}
{"id":"9b388067-2ed2-4413-bea9-cd797e9698eb","target":"desktop","created":"2026-02-06T00:51:15.2076575-05:00","status":"error","summary":"Planning not approved","details":"User denied planning."}
{"id":"f88eacdf-3fd7-482b-8d3f-eb24d7dd9fa4","target":"desktop","created":"2026-02-06T00:51:21.2330850-05:00","status":"error","summary":"Planning not approved","details":"User denied planning."}
{"id":"9b388067-2ed2-4413-bea9-cd797e9698eb","target":"desktop","created":"2026-02-06T00:52:26.6883646-05:00","status":"error","summary":"Planning not approved","details":"User denied planning."}
{"id":"15cebaa1-1f10-41ee-825e-45f10f469534","target":"desktop","created":"2026-02-06T00:52:31.3060222-05:00","status":"error","summary":"Planning not approved","details":"User denied planning."}
{"id":"9b388067-2ed2-4413-bea9-cd797e9698eb","target":"desktop","created":"2026-02-06T00:53:36.8732924-05:00","status":"error","summary":"Planning not approved","details":"User denied planning."}
{"id":"f88eacdf-3fd7-482b-8d3f-eb24d7dd9fa4","target":"desktop","created":"2026-02-06T00:53:41.4161034-05:00","status":"error","summary":"Planning not approved","details":"User denied planning."}
{"id":"9b388067-2ed2-4413-bea9-cd797e9698eb","target":"desktop","created":"2026-02-06T00:54:46.7757409-05:00","status":"error","summary":"Planning not approved","details":"User denied planning."}
{"id":"15cebaa1-1f10-41ee-825e-45f10f469534","target":"desktop","created":"2026-02-06T00:54:51.4684418-05:00","status":"error","summary":"Planning not approved","details":"User denied planning."}
{"id":"d18f795d-52c7-4d18-9d9b-f488c8e61823","target":"desktop","created":"2026-02-06T00:54:55.9812253-05:00","status":"error","summary":"Planning not approved","details":"User denied planning."}
{"id":"9b388067-2ed2-4413-bea9-cd797e9698eb","target":"desktop","created":"2026-02-06T00:56:01.7752826-05:00","status":"error","summary":"Planning not approved","details":"User denied planning."}
{"id":"f88eacdf-3fd7-482b-8d3f-eb24d7dd9fa4","target":"desktop","created":"2026-02-06T00:56:06.7855048-05:00","status":"error","summary":"Planning not approved","details":"User denied planning."}
{"id":"15cebaa1-1f10-41ee-825e-45f10f469534","target":"desktop","created":"2026-02-06T00:56:11.5926028-05:00","status":"error","summary":"Planning not approved","details":"User denied planning."}
{"id":"9b388067-2ed2-4413-bea9-cd797e9698eb","target":"desktop","created":"2026-02-06T00:57:17.0142551-05:00","status":"error","summary":"Planning not approved","details":"User denied planning."}
{"id":"f88eacdf-3fd7-482b-8d3f-eb24d7dd9fa4","target":"desktop","created":"2026-02-06T00:57:22.6930015-05:00","status":"error","summary":"Planning not approved","details":"User denied planning."}
{"id":"d18f795d-52c7-4d18-9d9b-f488c8e61823","target":"desktop","created":"2026-02-06T00:57:28.2806887-05:00","status":"error","summary":"Planning not approved","details":"User denied planning."}
{"id":"9b388067-2ed2-4413-bea9-cd797e9698eb","target":"desktop","created":"2026-02-06T00:58:35.2646638-05:00","status":"error","summary":"Planning not approved","details":"User denied planning."}
{"id":"f88eacdf-3fd7-482b-8d3f-eb24d7dd9fa4","target":"desktop","created":"2026-02-06T00:58:41.7574504-05:00","status":"error","summary":"Planning not approved","details":"User denied planning."}
{"id":"15cebaa1-1f10-41ee-825e-45f10f469534","target":"desktop","created":"2026-02-06T00:58:49.4389643-05:00","status":"error","summary":"Planning not approved","details":"User denied planning."}
{"id":"9b388067-2ed2-4413-bea9-cd797e9698eb","target":"desktop","created":"2026-02-06T00:59:59.2640221-05:00","status":"error","summary":"Planning not approved","details":"User denied planning."}
{"id":"f88eacdf-3fd7-482b-8d3f-eb24d7dd9fa4","target":"desktop","created":"2026-02-06T01:00:10.0351143-05:00","status":"error","summary":"Planning not approved","details":"User denied planning."}
{"id":"d18f795d-52c7-4d18-9d9b-f488c8e61823","target":"desktop","created":"2026-02-06T01:00:19.0996536-05:00","status":"error","summary":"Planning not approved","details":"User denied planning."}
{"id":"9b388067-2ed2-4413-bea9-cd797e9698eb","target":"desktop","created":"2026-02-06T01:01:28.2767344-05:00","status":"error","summary":"Planning not approved","details":"User denied planning."}
{"id":"f88eacdf-3fd7-482b-8d3f-eb24d7dd9fa4","target":"desktop","created":"2026-02-06T01:01:32.8068816-05:00","status":"error","summary":"Planning not approved","details":"User denied planning."}
{"id":"15cebaa1-1f10-41ee-825e-45f10f469534","target":"desktop","created":"2026-02-06T01:01:37.6560286-05:00","status":"error","summary":"Planning not approved","details":"User denied planning."}
{"id":"25095aaf-5b89-412c-9e50-2b9626aae7e8","target":"desktop","created":"2026-02-06T01:01:41.9999017-05:00","status":"error","summary":"Planning not approved","details":"User denied planning."}
{"id":"9b388067-2ed2-4413-bea9-cd797e9698eb","target":"desktop","created":"2026-02-06T01:02:47.2423714-05:00","status":"error","summary":"Planning not approved","details":"User denied planning."}
{"id":"f88eacdf-3fd7-482b-8d3f-eb24d7dd9fa4","target":"desktop","created":"2026-02-06T01:02:51.7851723-05:00","status":"error","summary":"Planning not approved","details":"User denied planning."}
{"id":"15cebaa1-1f10-41ee-825e-45f10f469534","target":"desktop","created":"2026-02-06T01:02:56.2456400-05:00","status":"error","summary":"Planning not approved","details":"User denied planning."}
{"id":"d18f795d-52c7-4d18-9d9b-f488c8e61823","target":"desktop","created":"2026-02-06T01:03:00.6849534-05:00","status":"error","summary":"Planning not approved","details":"User denied planning."}
{"id":"9b388067-2ed2-4413-bea9-cd797e9698eb","target":"desktop","created":"2026-02-06T01:04:05.8438631-05:00","status":"error","summary":"Planning not approved","details":"User denied planning."}
{"id":"f88eacdf-3fd7-482b-8d3f-eb24d7dd9fa4","target":"desktop","created":"2026-02-06T01:04:10.3603082-05:00","status":"error","summary":"Planning not approved","details":"User denied planning."}
{"id":"15cebaa1-1f10-41ee-825e-45f10f469534","target":"desktop","created":"2026-02-06T01:04:15.4495471-05:00","status":"error","summary":"Planning not approved","details":"User denied planning."}
{"id":"25095aaf-5b89-412c-9e50-2b9626aae7e8","target":"desktop","created":"2026-02-06T01:04:20.0088195-05:00","status":"error","summary":"Planning not approved","details":"User denied planning."}
<<<<<<< HEAD
{"id":"9b388067-2ed2-4413-bea9-cd797e9698eb","target":"desktop","created":"2026-02-06T01:05:25.3292859-05:00","status":"error","summary":"Planning not approved","details":"User denied planning."}
{"id":"f88eacdf-3fd7-482b-8d3f-eb24d7dd9fa4","target":"desktop","created":"2026-02-06T01:05:30.7948397-05:00","status":"error","summary":"Planning not approved","details":"User denied planning."}
{"id":"15cebaa1-1f10-41ee-825e-45f10f469534","target":"desktop","created":"2026-02-06T01:05:35.9746212-05:00","status":"error","summary":"Planning not approved","details":"User denied planning."}
{"id":"d18f795d-52c7-4d18-9d9b-f488c8e61823","target":"desktop","created":"2026-02-06T01:05:41.2967881-05:00","status":"error","summary":"Planning not approved","details":"User denied planning."}
=======
{"id":"d18f795d-52c7-4d18-9d9b-f488c8e61823","target":"desktop","created":"2026-02-06T01:04:26.4781374-05:00","status":"ok","summary":"Test B response","details":"Hostname: CODYDESKTOP\nTime: 02/06/2026 01:04:26"}
>>>>>>> 5a0f7632fc728d2d735afa9ddc741c67074b1db5
{"id":"9b388067-2ed2-4413-bea9-cd797e9698eb","target":"desktop","created":"2026-02-06T01:06:47.5387118-05:00","status":"error","summary":"Planning not approved","details":"User denied planning."}
{"id":"f88eacdf-3fd7-482b-8d3f-eb24d7dd9fa4","target":"desktop","created":"2026-02-06T01:06:52.1783293-05:00","status":"error","summary":"Planning not approved","details":"User denied planning."}
{"id":"15cebaa1-1f10-41ee-825e-45f10f469534","target":"desktop","created":"2026-02-06T01:06:56.6723205-05:00","status":"error","summary":"Planning not approved","details":"User denied planning."}
{"id":"25095aaf-5b89-412c-9e50-2b9626aae7e8","target":"desktop","created":"2026-02-06T01:07:01.3277546-05:00","status":"error","summary":"Planning not approved","details":"User denied planning."}
{"id":"9b388067-2ed2-4413-bea9-cd797e9698eb","target":"desktop","created":"2026-02-06T01:08:07.2085440-05:00","status":"error","summary":"Planning not approved","details":"User denied planning."}
{"id":"f88eacdf-3fd7-482b-8d3f-eb24d7dd9fa4","target":"desktop","created":"2026-02-06T01:08:11.7934663-05:00","status":"error","summary":"Planning not approved","details":"User denied planning."}
{"id":"15cebaa1-1f10-41ee-825e-45f10f469534","target":"desktop","created":"2026-02-06T01:08:16.6375303-05:00","status":"error","summary":"Planning not approved","details":"User denied planning."}
{"id":"d18f795d-52c7-4d18-9d9b-f488c8e61823","target":"desktop","created":"2026-02-06T01:08:20.9158208-05:00","status":"error","summary":"Planning not approved","details":"User denied planning."}
{"created":"2026-02-06T01:15:59.5095912-05:00","status":"ok","details":"hostname=WORK; time=2026-02-06T01:15:59.5095912-05:00; codex=C:\\nvm4w\\nodejs\\codex.ps1; watcher=not running","summary":"Laptop codex-connect setup complete","id":"706a770f-d369-4180-8460-c558cf3edd73","target":"laptop"}
{"id":"4ec42255-9623-4d8e-aa85-fc1406ce721e","target":"desktop","created":"2026-02-06T01:30:37.6245834-05:00","status":"ok","summary":"Direct A2A bootstrap on desktop complete","details":"Actions completed on desktop:\n- Pulled agentic-console and codex-control-stack (already up to date).\n- Rotated AGENTIC_A2A_SHARED_SECRET to a strong value in C:\\Users\\codym\\agentic-console\\.env.\n- Updated control-plane run_watcher.ps1 to use the new A2A secret.\n- Recreated scheduled task AgenticControlPlaneWatcher to use run_watcher.ps1; task is running.\n- Started Agentic Console (python app.py); A2A is listening on 0.0.0.0:9451.\n\nNotes:\n- cloudflared not found on PATH; tunnel not provisioned.\n- Memory integration for codex-control-stack not configured yet (needs target workflow/entrypoint)."}
{"id":"57715b3d-4374-4855-a797-2bdac49fdba4","target":"desktop","created":"2026-02-06T01:43:15.7551448-05:00","status":"ok","summary":"Desktop A2A bootstrap complete; tunnel/memory pending","details":"Desktop tasks:\n1) Pulled agentic-console and codex-control-stack (already up to date).\n2) A2A server is listening on 0.0.0.0:9451.\n3) A2A shared secret set in .env: TzCzKHqYR4mD9Fl+F3vy5/F0SnmtQP49U2n8LfgT8bE=\n4) Cloudflared not installed; no public tunnel/hostname yet.\n5) Inbound A2A handling is active (server running); laptop must send test message.\n6) Memory integration not configured yet (need codex-control-stack workflow/entrypoint to write/read summaries)."}
{"id":"a6315198-eb27-41cb-8433-2c608935e14e","target":"desktop","created":"2026-02-06T01:47:27.9748932-05:00","status":"ok","summary":"Concrete A2A setup applied; tunnel pending","details":"Desktop tasks:\n1) Pulled agentic-console and codex-control-stack (already up to date).\n2) .env updated:\n   - AGENTIC_A2A_LISTEN=true\n   - AGENTIC_A2A_HOST=0.0.0.0\n   - AGENTIC_A2A_PORT=9451\n   - AGENTIC_A2A_SHARED_SECRET=TzCzKHqYR4mD9Fl+F3vy5/F0SnmtQP49U2n8LfgT8bE=\n   - AGENTIC_NODE_NAME=desktop\n   - AGENTIC_A2A_PEERS=desktop=100.111.161.110:9451,laptop=100.98.190.75:9451\n3) Agentic Console started (python app.py). Port 9451 is listening on 0.0.0.0.\n4) Cloudflared not installed; no public tunnel/hostname yet.\n5) Inbound A2A handling is active; use a2a_send from laptop to test.\n6) Memory hook exists: A2ABus writes inbound messages to SQLite table a2a_messages (see C:\\Users\\codym\\agentic-console\\a2a.py)."}
{"id":"01b81a63-a4a6-4e96-801f-e1f5e7dba93c","target":"desktop","created":"2026-02-06T01:57:46.9390286-05:00","status":"ok","summary":"A2A + self-learning proof complete","details":"Hostname: CODYDESKTOP\nTime: 02/06/2026 01:57:46\nA2A listening: http://0.0.0.0:9451/a2a (confirmed by port 9451 listen)\nA2A peers configured: desktop=100.111.161.110:9451, laptop=100.98.190.75:9451\nA2A send test: POST to laptop 100.98.190.75:9451 returned 200\nMemory: added lab_note into memory store (kind=lab_note, tags=[a2a,laptop])"}
{"id":"9b388067-2ed2-4413-bea9-cd797e9698eb","target":"desktop","created":"2026-02-06T02:30:29.9306713-05:00","status":"error","summary":"Codex exec failed","details":"exit=1\nnode.exe : Not inside a trusted directory and --skip-git-repo-check was not specified.\r\nAt C:\\nvm4w\\nodejs\\codex.ps1:16 char:5\r\n+     \u0026 \"$basedir/node$exe\"  \"$basedir/node_modules/@openai/codex/bin/c ...\r\n+     ~~~~~~~~~~~~~~~~~~~~~~~~~~~~~~~~~~~~~~~~~~~~~~~~~~~~~~~~~~~~~~~~~\r\n    + CategoryInfo          : NotSpecified: (Not inside a tr... not specified.:String) [], RemoteException\r\n    + FullyQualifiedErrorId : NativeCommandError"}
{"id":"f88eacdf-3fd7-482b-8d3f-eb24d7dd9fa4","target":"desktop","created":"2026-02-06T02:30:34.7697683-05:00","status":"error","summary":"Codex exec failed","details":"exit=1\nnode.exe : Not inside a trusted directory and --skip-git-repo-check was not specified.\r\nAt C:\\nvm4w\\nodejs\\codex.ps1:16 char:5\r\n+     \u0026 \"$basedir/node$exe\"  \"$basedir/node_modules/@openai/codex/bin/c ...\r\n+     ~~~~~~~~~~~~~~~~~~~~~~~~~~~~~~~~~~~~~~~~~~~~~~~~~~~~~~~~~~~~~~~~~\r\n    + CategoryInfo          : NotSpecified: (Not inside a tr... not specified.:String) [], RemoteException\r\n    + FullyQualifiedErrorId : NativeCommandError"}
{"id":"15cebaa1-1f10-41ee-825e-45f10f469534","target":"desktop","created":"2026-02-06T02:30:38.2572888-05:00","status":"error","summary":"Codex exec failed","details":"exit=1\nnode.exe : Not inside a trusted directory and --skip-git-repo-check was not specified.\r\nAt C:\\nvm4w\\nodejs\\codex.ps1:16 char:5\r\n+     \u0026 \"$basedir/node$exe\"  \"$basedir/node_modules/@openai/codex/bin/c ...\r\n+     ~~~~~~~~~~~~~~~~~~~~~~~~~~~~~~~~~~~~~~~~~~~~~~~~~~~~~~~~~~~~~~~~~\r\n    + CategoryInfo          : NotSpecified: (Not inside a tr... not specified.:String) [], RemoteException\r\n    + FullyQualifiedErrorId : NativeCommandError"}
{"id":"d18f795d-52c7-4d18-9d9b-f488c8e61823","target":"desktop","created":"2026-02-06T02:30:41.3888996-05:00","status":"error","summary":"Codex exec failed","details":"exit=1\nnode.exe : Not inside a trusted directory and --skip-git-repo-check was not specified.\r\nAt C:\\nvm4w\\nodejs\\codex.ps1:16 char:5\r\n+     \u0026 \"$basedir/node$exe\"  \"$basedir/node_modules/@openai/codex/bin/c ...\r\n+     ~~~~~~~~~~~~~~~~~~~~~~~~~~~~~~~~~~~~~~~~~~~~~~~~~~~~~~~~~~~~~~~~~\r\n    + CategoryInfo          : NotSpecified: (Not inside a tr... not specified.:String) [], RemoteException\r\n    + FullyQualifiedErrorId : NativeCommandError"}
{"id":"25095aaf-5b89-412c-9e50-2b9626aae7e8","target":"desktop","created":"2026-02-06T02:30:44.3413755-05:00","status":"error","summary":"Codex exec failed","details":"exit=2\nnode.exe : error: unexpected argument \u0027-N\u0027 found\r\nAt C:\\nvm4w\\nodejs\\codex.ps1:16 char:5\r\n+     \u0026 \"$basedir/node$exe\"  \"$basedir/node_modules/@openai/codex/bin/c ...\r\n+     ~~~~~~~~~~~~~~~~~~~~~~~~~~~~~~~~~~~~~~~~~~~~~~~~~~~~~~~~~~~~~~~~~\r\n    + CategoryInfo          : NotSpecified: (error: unexpected argument \u0027-N\u0027 found:String) [], RemoteException\r\n    + FullyQualifiedErrorId : NativeCommandError\r\n \r\n\r\n  tip: to pass \u0027-N\u0027 as a value, use \u0027-- -N\u0027\r\n\r\nUsage: codex exec [OPTIONS] [PROMPT] [COMMAND]\r\n\r\nFor more information, try \u0027--help\u0027."}
{"id":"4ec42255-9623-4d8e-aa85-fc1406ce721e","target":"desktop","created":"2026-02-06T02:30:47.3703821-05:00","status":"error","summary":"Codex exec failed","details":"exit=1\nnode.exe : Not inside a trusted directory and --skip-git-repo-check was not specified.\r\nAt C:\\nvm4w\\nodejs\\codex.ps1:16 char:5\r\n+     \u0026 \"$basedir/node$exe\"  \"$basedir/node_modules/@openai/codex/bin/c ...\r\n+     ~~~~~~~~~~~~~~~~~~~~~~~~~~~~~~~~~~~~~~~~~~~~~~~~~~~~~~~~~~~~~~~~~\r\n    + CategoryInfo          : NotSpecified: (Not inside a tr... not specified.:String) [], RemoteException\r\n    + FullyQualifiedErrorId : NativeCommandError"}
{"id":"57715b3d-4374-4855-a797-2bdac49fdba4","target":"desktop","created":"2026-02-06T02:30:50.2487395-05:00","status":"error","summary":"Codex exec failed","details":"exit=1\nnode.exe : Not inside a trusted directory and --skip-git-repo-check was not specified.\r\nAt C:\\nvm4w\\nodejs\\codex.ps1:16 char:5\r\n+     \u0026 \"$basedir/node$exe\"  \"$basedir/node_modules/@openai/codex/bin/c ...\r\n+     ~~~~~~~~~~~~~~~~~~~~~~~~~~~~~~~~~~~~~~~~~~~~~~~~~~~~~~~~~~~~~~~~~\r\n    + CategoryInfo          : NotSpecified: (Not inside a tr... not specified.:String) [], RemoteException\r\n    + FullyQualifiedErrorId : NativeCommandError"}
{"id":"a6315198-eb27-41cb-8433-2c608935e14e","target":"desktop","created":"2026-02-06T02:30:53.4834593-05:00","status":"error","summary":"Codex exec failed","details":"exit=2\nnode.exe : error: unexpected argument \u0027network\u0027 found\r\nAt C:\\nvm4w\\nodejs\\codex.ps1:16 char:5\r\n+     \u0026 \"$basedir/node$exe\"  \"$basedir/node_modules/@openai/codex/bin/c ...\r\n+     ~~~~~~~~~~~~~~~~~~~~~~~~~~~~~~~~~~~~~~~~~~~~~~~~~~~~~~~~~~~~~~~~~\r\n    + CategoryInfo          : NotSpecified: (error: unexpect...\u0027network\u0027 found:String) [], RemoteException\r\n    + FullyQualifiedErrorId : NativeCommandError\r\n \r\n\r\nUsage: codex exec [OPTIONS] [PROMPT] [COMMAND]\r\n\r\nFor more information, try \u0027--help\u0027."}
{"id":"9b388067-2ed2-4413-bea9-cd797e9698eb","target":"desktop","created":"2026-02-06T02:31:06.9485274-05:00","status":"error","summary":"Codex exec failed","details":"exit=1\nnode.exe : Not inside a trusted directory and --skip-git-repo-check was not specified.\r\nAt C:\\nvm4w\\nodejs\\codex.ps1:16 char:5\r\n+     \u0026 \"$basedir/node$exe\"  \"$basedir/node_modules/@openai/codex/bin/c ...\r\n+     ~~~~~~~~~~~~~~~~~~~~~~~~~~~~~~~~~~~~~~~~~~~~~~~~~~~~~~~~~~~~~~~~~\r\n    + CategoryInfo          : NotSpecified: (Not inside a tr... not specified.:String) [], RemoteException\r\n    + FullyQualifiedErrorId : NativeCommandError"}
{"id":"f88eacdf-3fd7-482b-8d3f-eb24d7dd9fa4","target":"desktop","created":"2026-02-06T02:31:10.0513902-05:00","status":"error","summary":"Codex exec failed","details":"exit=1\nnode.exe : Not inside a trusted directory and --skip-git-repo-check was not specified.\r\nAt C:\\nvm4w\\nodejs\\codex.ps1:16 char:5\r\n+     \u0026 \"$basedir/node$exe\"  \"$basedir/node_modules/@openai/codex/bin/c ...\r\n+     ~~~~~~~~~~~~~~~~~~~~~~~~~~~~~~~~~~~~~~~~~~~~~~~~~~~~~~~~~~~~~~~~~\r\n    + CategoryInfo          : NotSpecified: (Not inside a tr... not specified.:String) [], RemoteException\r\n    + FullyQualifiedErrorId : NativeCommandError"}
{"id":"15cebaa1-1f10-41ee-825e-45f10f469534","target":"desktop","created":"2026-02-06T02:31:12.6869995-05:00","status":"error","summary":"Codex exec failed","details":"exit=1\nnode.exe : Not inside a trusted directory and --skip-git-repo-check was not specified.\r\nAt C:\\nvm4w\\nodejs\\codex.ps1:16 char:5\r\n+     \u0026 \"$basedir/node$exe\"  \"$basedir/node_modules/@openai/codex/bin/c ...\r\n+     ~~~~~~~~~~~~~~~~~~~~~~~~~~~~~~~~~~~~~~~~~~~~~~~~~~~~~~~~~~~~~~~~~\r\n    + CategoryInfo          : NotSpecified: (Not inside a tr... not specified.:String) [], RemoteException\r\n    + FullyQualifiedErrorId : NativeCommandError"}
{"id":"d18f795d-52c7-4d18-9d9b-f488c8e61823","target":"desktop","created":"2026-02-06T02:31:15.6446821-05:00","status":"error","summary":"Codex exec failed","details":"exit=1\nnode.exe : Not inside a trusted directory and --skip-git-repo-check was not specified.\r\nAt C:\\nvm4w\\nodejs\\codex.ps1:16 char:5\r\n+     \u0026 \"$basedir/node$exe\"  \"$basedir/node_modules/@openai/codex/bin/c ...\r\n+     ~~~~~~~~~~~~~~~~~~~~~~~~~~~~~~~~~~~~~~~~~~~~~~~~~~~~~~~~~~~~~~~~~\r\n    + CategoryInfo          : NotSpecified: (Not inside a tr... not specified.:String) [], RemoteException\r\n    + FullyQualifiedErrorId : NativeCommandError"}
{"id":"25095aaf-5b89-412c-9e50-2b9626aae7e8","target":"desktop","created":"2026-02-06T02:31:18.2831086-05:00","status":"error","summary":"Codex exec failed","details":"exit=2\nnode.exe : error: unexpected argument \u0027-N\u0027 found\r\nAt C:\\nvm4w\\nodejs\\codex.ps1:16 char:5\r\n+     \u0026 \"$basedir/node$exe\"  \"$basedir/node_modules/@openai/codex/bin/c ...\r\n+     ~~~~~~~~~~~~~~~~~~~~~~~~~~~~~~~~~~~~~~~~~~~~~~~~~~~~~~~~~~~~~~~~~\r\n    + CategoryInfo          : NotSpecified: (error: unexpected argument \u0027-N\u0027 found:String) [], RemoteException\r\n    + FullyQualifiedErrorId : NativeCommandError\r\n \r\n\r\n  tip: to pass \u0027-N\u0027 as a value, use \u0027-- -N\u0027\r\n\r\nUsage: codex exec [OPTIONS] [PROMPT] [COMMAND]\r\n\r\nFor more information, try \u0027--help\u0027."}
{"id":"4ec42255-9623-4d8e-aa85-fc1406ce721e","target":"desktop","created":"2026-02-06T02:31:21.1030496-05:00","status":"error","summary":"Codex exec failed","details":"exit=1\nnode.exe : Not inside a trusted directory and --skip-git-repo-check was not specified.\r\nAt C:\\nvm4w\\nodejs\\codex.ps1:16 char:5\r\n+     \u0026 \"$basedir/node$exe\"  \"$basedir/node_modules/@openai/codex/bin/c ...\r\n+     ~~~~~~~~~~~~~~~~~~~~~~~~~~~~~~~~~~~~~~~~~~~~~~~~~~~~~~~~~~~~~~~~~\r\n    + CategoryInfo          : NotSpecified: (Not inside a tr... not specified.:String) [], RemoteException\r\n    + FullyQualifiedErrorId : NativeCommandError"}
{"id":"57715b3d-4374-4855-a797-2bdac49fdba4","target":"desktop","created":"2026-02-06T02:31:24.3265145-05:00","status":"error","summary":"Codex exec failed","details":"exit=1\nnode.exe : Not inside a trusted directory and --skip-git-repo-check was not specified.\r\nAt C:\\nvm4w\\nodejs\\codex.ps1:16 char:5\r\n+     \u0026 \"$basedir/node$exe\"  \"$basedir/node_modules/@openai/codex/bin/c ...\r\n+     ~~~~~~~~~~~~~~~~~~~~~~~~~~~~~~~~~~~~~~~~~~~~~~~~~~~~~~~~~~~~~~~~~\r\n    + CategoryInfo          : NotSpecified: (Not inside a tr... not specified.:String) [], RemoteException\r\n    + FullyQualifiedErrorId : NativeCommandError"}
{"id":"01b81a63-a4a6-4e96-801f-e1f5e7dba93c","target":"desktop","created":"2026-02-06T02:31:27.6988964-05:00","status":"error","summary":"Codex exec failed","details":"exit=2\nnode.exe : error: unexpected argument \u0027network\u0027 found\r\nAt C:\\nvm4w\\nodejs\\codex.ps1:16 char:5\r\n+     \u0026 \"$basedir/node$exe\"  \"$basedir/node_modules/@openai/codex/bin/c ...\r\n+     ~~~~~~~~~~~~~~~~~~~~~~~~~~~~~~~~~~~~~~~~~~~~~~~~~~~~~~~~~~~~~~~~~\r\n    + CategoryInfo          : NotSpecified: (error: unexpect...\u0027network\u0027 found:String) [], RemoteException\r\n    + FullyQualifiedErrorId : NativeCommandError\r\n \r\n\r\nUsage: codex exec [OPTIONS] [PROMPT] [COMMAND]\r\n\r\nFor more information, try \u0027--help\u0027."}
{"id":"9b388067-2ed2-4413-bea9-cd797e9698eb","target":"desktop","created":"2026-02-06T02:31:41.6990113-05:00","status":"error","summary":"Codex exec failed","details":"exit=1\nnode.exe : Not inside a trusted directory and --skip-git-repo-check was not specified.\r\nAt C:\\nvm4w\\nodejs\\codex.ps1:16 char:5\r\n+     \u0026 \"$basedir/node$exe\"  \"$basedir/node_modules/@openai/codex/bin/c ...\r\n+     ~~~~~~~~~~~~~~~~~~~~~~~~~~~~~~~~~~~~~~~~~~~~~~~~~~~~~~~~~~~~~~~~~\r\n    + CategoryInfo          : NotSpecified: (Not inside a tr... not specified.:String) [], RemoteException\r\n    + FullyQualifiedErrorId : NativeCommandError"}
{"id":"f88eacdf-3fd7-482b-8d3f-eb24d7dd9fa4","target":"desktop","created":"2026-02-06T02:31:44.8451633-05:00","status":"error","summary":"Codex exec failed","details":"exit=1\nnode.exe : Not inside a trusted directory and --skip-git-repo-check was not specified.\r\nAt C:\\nvm4w\\nodejs\\codex.ps1:16 char:5\r\n+     \u0026 \"$basedir/node$exe\"  \"$basedir/node_modules/@openai/codex/bin/c ...\r\n+     ~~~~~~~~~~~~~~~~~~~~~~~~~~~~~~~~~~~~~~~~~~~~~~~~~~~~~~~~~~~~~~~~~\r\n    + CategoryInfo          : NotSpecified: (Not inside a tr... not specified.:String) [], RemoteException\r\n    + FullyQualifiedErrorId : NativeCommandError"}
{"id":"15cebaa1-1f10-41ee-825e-45f10f469534","target":"desktop","created":"2026-02-06T02:31:48.7163411-05:00","status":"error","summary":"Codex exec failed","details":"exit=1\nnode.exe : Not inside a trusted directory and --skip-git-repo-check was not specified.\r\nAt C:\\nvm4w\\nodejs\\codex.ps1:16 char:5\r\n+     \u0026 \"$basedir/node$exe\"  \"$basedir/node_modules/@openai/codex/bin/c ...\r\n+     ~~~~~~~~~~~~~~~~~~~~~~~~~~~~~~~~~~~~~~~~~~~~~~~~~~~~~~~~~~~~~~~~~\r\n    + CategoryInfo          : NotSpecified: (Not inside a tr... not specified.:String) [], RemoteException\r\n    + FullyQualifiedErrorId : NativeCommandError"}
{"id":"d18f795d-52c7-4d18-9d9b-f488c8e61823","target":"desktop","created":"2026-02-06T02:31:52.0761123-05:00","status":"error","summary":"Codex exec failed","details":"exit=1\nnode.exe : Not inside a trusted directory and --skip-git-repo-check was not specified.\r\nAt C:\\nvm4w\\nodejs\\codex.ps1:16 char:5\r\n+     \u0026 \"$basedir/node$exe\"  \"$basedir/node_modules/@openai/codex/bin/c ...\r\n+     ~~~~~~~~~~~~~~~~~~~~~~~~~~~~~~~~~~~~~~~~~~~~~~~~~~~~~~~~~~~~~~~~~\r\n    + CategoryInfo          : NotSpecified: (Not inside a tr... not specified.:String) [], RemoteException\r\n    + FullyQualifiedErrorId : NativeCommandError"}
{"id":"25095aaf-5b89-412c-9e50-2b9626aae7e8","target":"desktop","created":"2026-02-06T02:31:55.8206929-05:00","status":"error","summary":"Codex exec failed","details":"exit=2\nnode.exe : error: unexpected argument \u0027-N\u0027 found\r\nAt C:\\nvm4w\\nodejs\\codex.ps1:16 char:5\r\n+     \u0026 \"$basedir/node$exe\"  \"$basedir/node_modules/@openai/codex/bin/c ...\r\n+     ~~~~~~~~~~~~~~~~~~~~~~~~~~~~~~~~~~~~~~~~~~~~~~~~~~~~~~~~~~~~~~~~~\r\n    + CategoryInfo          : NotSpecified: (error: unexpected argument \u0027-N\u0027 found:String) [], RemoteException\r\n    + FullyQualifiedErrorId : NativeCommandError\r\n \r\n\r\n  tip: to pass \u0027-N\u0027 as a value, use \u0027-- -N\u0027\r\n\r\nUsage: codex exec [OPTIONS] [PROMPT] [COMMAND]\r\n\r\nFor more information, try \u0027--help\u0027."}
{"id":"4ec42255-9623-4d8e-aa85-fc1406ce721e","target":"desktop","created":"2026-02-06T02:31:59.0854496-05:00","status":"error","summary":"Codex exec failed","details":"exit=1\nnode.exe : Not inside a trusted directory and --skip-git-repo-check was not specified.\r\nAt C:\\nvm4w\\nodejs\\codex.ps1:16 char:5\r\n+     \u0026 \"$basedir/node$exe\"  \"$basedir/node_modules/@openai/codex/bin/c ...\r\n+     ~~~~~~~~~~~~~~~~~~~~~~~~~~~~~~~~~~~~~~~~~~~~~~~~~~~~~~~~~~~~~~~~~\r\n    + CategoryInfo          : NotSpecified: (Not inside a tr... not specified.:String) [], RemoteException\r\n    + FullyQualifiedErrorId : NativeCommandError"}
{"id":"57715b3d-4374-4855-a797-2bdac49fdba4","target":"desktop","created":"2026-02-06T02:32:02.7304859-05:00","status":"error","summary":"Codex exec failed","details":"exit=1\nnode.exe : Not inside a trusted directory and --skip-git-repo-check was not specified.\r\nAt C:\\nvm4w\\nodejs\\codex.ps1:16 char:5\r\n+     \u0026 \"$basedir/node$exe\"  \"$basedir/node_modules/@openai/codex/bin/c ...\r\n+     ~~~~~~~~~~~~~~~~~~~~~~~~~~~~~~~~~~~~~~~~~~~~~~~~~~~~~~~~~~~~~~~~~\r\n    + CategoryInfo          : NotSpecified: (Not inside a tr... not specified.:String) [], RemoteException\r\n    + FullyQualifiedErrorId : NativeCommandError"}
{"id":"a6315198-eb27-41cb-8433-2c608935e14e","target":"desktop","created":"2026-02-06T02:32:06.1128812-05:00","status":"error","summary":"Codex exec failed","details":"exit=2\nnode.exe : error: unexpected argument \u0027network\u0027 found\r\nAt C:\\nvm4w\\nodejs\\codex.ps1:16 char:5\r\n+     \u0026 \"$basedir/node$exe\"  \"$basedir/node_modules/@openai/codex/bin/c ...\r\n+     ~~~~~~~~~~~~~~~~~~~~~~~~~~~~~~~~~~~~~~~~~~~~~~~~~~~~~~~~~~~~~~~~~\r\n    + CategoryInfo          : NotSpecified: (error: unexpect...\u0027network\u0027 found:String) [], RemoteException\r\n    + FullyQualifiedErrorId : NativeCommandError\r\n \r\n\r\nUsage: codex exec [OPTIONS] [PROMPT] [COMMAND]\r\n\r\nFor more information, try \u0027--help\u0027."}
{"id":"9b388067-2ed2-4413-bea9-cd797e9698eb","target":"desktop","created":"2026-02-06T02:32:20.1960280-05:00","status":"error","summary":"Codex exec failed","details":"exit=1\nnode.exe : Not inside a trusted directory and --skip-git-repo-check was not specified.\r\nAt C:\\nvm4w\\nodejs\\codex.ps1:16 char:5\r\n+     \u0026 \"$basedir/node$exe\"  \"$basedir/node_modules/@openai/codex/bin/c ...\r\n+     ~~~~~~~~~~~~~~~~~~~~~~~~~~~~~~~~~~~~~~~~~~~~~~~~~~~~~~~~~~~~~~~~~\r\n    + CategoryInfo          : NotSpecified: (Not inside a tr... not specified.:String) [], RemoteException\r\n    + FullyQualifiedErrorId : NativeCommandError"}
{"id":"f88eacdf-3fd7-482b-8d3f-eb24d7dd9fa4","target":"desktop","created":"2026-02-06T02:32:23.4950838-05:00","status":"error","summary":"Codex exec failed","details":"exit=1\nnode.exe : Not inside a trusted directory and --skip-git-repo-check was not specified.\r\nAt C:\\nvm4w\\nodejs\\codex.ps1:16 char:5\r\n+     \u0026 \"$basedir/node$exe\"  \"$basedir/node_modules/@openai/codex/bin/c ...\r\n+     ~~~~~~~~~~~~~~~~~~~~~~~~~~~~~~~~~~~~~~~~~~~~~~~~~~~~~~~~~~~~~~~~~\r\n    + CategoryInfo          : NotSpecified: (Not inside a tr... not specified.:String) [], RemoteException\r\n    + FullyQualifiedErrorId : NativeCommandError"}
{"id":"15cebaa1-1f10-41ee-825e-45f10f469534","target":"desktop","created":"2026-02-06T02:32:26.7191820-05:00","status":"error","summary":"Codex exec failed","details":"exit=1\nnode.exe : Not inside a trusted directory and --skip-git-repo-check was not specified.\r\nAt C:\\nvm4w\\nodejs\\codex.ps1:16 char:5\r\n+     \u0026 \"$basedir/node$exe\"  \"$basedir/node_modules/@openai/codex/bin/c ...\r\n+     ~~~~~~~~~~~~~~~~~~~~~~~~~~~~~~~~~~~~~~~~~~~~~~~~~~~~~~~~~~~~~~~~~\r\n    + CategoryInfo          : NotSpecified: (Not inside a tr... not specified.:String) [], RemoteException\r\n    + FullyQualifiedErrorId : NativeCommandError"}
{"id":"d18f795d-52c7-4d18-9d9b-f488c8e61823","target":"desktop","created":"2026-02-06T02:32:29.9433491-05:00","status":"error","summary":"Codex exec failed","details":"exit=1\nnode.exe : Not inside a trusted directory and --skip-git-repo-check was not specified.\r\nAt C:\\nvm4w\\nodejs\\codex.ps1:16 char:5\r\n+     \u0026 \"$basedir/node$exe\"  \"$basedir/node_modules/@openai/codex/bin/c ...\r\n+     ~~~~~~~~~~~~~~~~~~~~~~~~~~~~~~~~~~~~~~~~~~~~~~~~~~~~~~~~~~~~~~~~~\r\n    + CategoryInfo          : NotSpecified: (Not inside a tr... not specified.:String) [], RemoteException\r\n    + FullyQualifiedErrorId : NativeCommandError"}
{"id":"25095aaf-5b89-412c-9e50-2b9626aae7e8","target":"desktop","created":"2026-02-06T02:32:33.7510612-05:00","status":"error","summary":"Codex exec failed","details":"exit=2\nnode.exe : error: unexpected argument \u0027-N\u0027 found\r\nAt C:\\nvm4w\\nodejs\\codex.ps1:16 char:5\r\n+     \u0026 \"$basedir/node$exe\"  \"$basedir/node_modules/@openai/codex/bin/c ...\r\n+     ~~~~~~~~~~~~~~~~~~~~~~~~~~~~~~~~~~~~~~~~~~~~~~~~~~~~~~~~~~~~~~~~~\r\n    + CategoryInfo          : NotSpecified: (error: unexpected argument \u0027-N\u0027 found:String) [], RemoteException\r\n    + FullyQualifiedErrorId : NativeCommandError\r\n \r\n\r\n  tip: to pass \u0027-N\u0027 as a value, use \u0027-- -N\u0027\r\n\r\nUsage: codex exec [OPTIONS] [PROMPT] [COMMAND]\r\n\r\nFor more information, try \u0027--help\u0027."}
{"id":"4ec42255-9623-4d8e-aa85-fc1406ce721e","target":"desktop","created":"2026-02-06T02:32:38.1735900-05:00","status":"error","summary":"Codex exec failed","details":"exit=1\nnode.exe : Not inside a trusted directory and --skip-git-repo-check was not specified.\r\nAt C:\\nvm4w\\nodejs\\codex.ps1:16 char:5\r\n+     \u0026 \"$basedir/node$exe\"  \"$basedir/node_modules/@openai/codex/bin/c ...\r\n+     ~~~~~~~~~~~~~~~~~~~~~~~~~~~~~~~~~~~~~~~~~~~~~~~~~~~~~~~~~~~~~~~~~\r\n    + CategoryInfo          : NotSpecified: (Not inside a tr... not specified.:String) [], RemoteException\r\n    + FullyQualifiedErrorId : NativeCommandError"}
{"id":"57715b3d-4374-4855-a797-2bdac49fdba4","target":"desktop","created":"2026-02-06T02:32:41.7805954-05:00","status":"error","summary":"Codex exec failed","details":"exit=1\nnode.exe : Not inside a trusted directory and --skip-git-repo-check was not specified.\r\nAt C:\\nvm4w\\nodejs\\codex.ps1:16 char:5\r\n+     \u0026 \"$basedir/node$exe\"  \"$basedir/node_modules/@openai/codex/bin/c ...\r\n+     ~~~~~~~~~~~~~~~~~~~~~~~~~~~~~~~~~~~~~~~~~~~~~~~~~~~~~~~~~~~~~~~~~\r\n    + CategoryInfo          : NotSpecified: (Not inside a tr... not specified.:String) [], RemoteException\r\n    + FullyQualifiedErrorId : NativeCommandError"}
{"id":"01b81a63-a4a6-4e96-801f-e1f5e7dba93c","target":"desktop","created":"2026-02-06T02:32:45.1853053-05:00","status":"error","summary":"Codex exec failed","details":"exit=2\nnode.exe : error: unexpected argument \u0027network\u0027 found\r\nAt C:\\nvm4w\\nodejs\\codex.ps1:16 char:5\r\n+     \u0026 \"$basedir/node$exe\"  \"$basedir/node_modules/@openai/codex/bin/c ...\r\n+     ~~~~~~~~~~~~~~~~~~~~~~~~~~~~~~~~~~~~~~~~~~~~~~~~~~~~~~~~~~~~~~~~~\r\n    + CategoryInfo          : NotSpecified: (error: unexpect...\u0027network\u0027 found:String) [], RemoteException\r\n    + FullyQualifiedErrorId : NativeCommandError\r\n \r\n\r\nUsage: codex exec [OPTIONS] [PROMPT] [COMMAND]\r\n\r\nFor more information, try \u0027--help\u0027."}
{"id":"9b388067-2ed2-4413-bea9-cd797e9698eb","target":"desktop","created":"2026-02-06T02:32:59.8854450-05:00","status":"error","summary":"Codex exec failed","details":"exit=1\nnode.exe : Not inside a trusted directory and --skip-git-repo-check was not specified.\r\nAt C:\\nvm4w\\nodejs\\codex.ps1:16 char:5\r\n+     \u0026 \"$basedir/node$exe\"  \"$basedir/node_modules/@openai/codex/bin/c ...\r\n+     ~~~~~~~~~~~~~~~~~~~~~~~~~~~~~~~~~~~~~~~~~~~~~~~~~~~~~~~~~~~~~~~~~\r\n    + CategoryInfo          : NotSpecified: (Not inside a tr... not specified.:String) [], RemoteException\r\n    + FullyQualifiedErrorId : NativeCommandError"}
{"id":"f88eacdf-3fd7-482b-8d3f-eb24d7dd9fa4","target":"desktop","created":"2026-02-06T02:33:03.2036713-05:00","status":"error","summary":"Codex exec failed","details":"exit=1\nnode.exe : Not inside a trusted directory and --skip-git-repo-check was not specified.\r\nAt C:\\nvm4w\\nodejs\\codex.ps1:16 char:5\r\n+     \u0026 \"$basedir/node$exe\"  \"$basedir/node_modules/@openai/codex/bin/c ...\r\n+     ~~~~~~~~~~~~~~~~~~~~~~~~~~~~~~~~~~~~~~~~~~~~~~~~~~~~~~~~~~~~~~~~~\r\n    + CategoryInfo          : NotSpecified: (Not inside a tr... not specified.:String) [], RemoteException\r\n    + FullyQualifiedErrorId : NativeCommandError"}
{"id":"15cebaa1-1f10-41ee-825e-45f10f469534","target":"desktop","created":"2026-02-06T02:33:06.5384183-05:00","status":"error","summary":"Codex exec failed","details":"exit=1\nnode.exe : Not inside a trusted directory and --skip-git-repo-check was not specified.\r\nAt C:\\nvm4w\\nodejs\\codex.ps1:16 char:5\r\n+     \u0026 \"$basedir/node$exe\"  \"$basedir/node_modules/@openai/codex/bin/c ...\r\n+     ~~~~~~~~~~~~~~~~~~~~~~~~~~~~~~~~~~~~~~~~~~~~~~~~~~~~~~~~~~~~~~~~~\r\n    + CategoryInfo          : NotSpecified: (Not inside a tr... not specified.:String) [], RemoteException\r\n    + FullyQualifiedErrorId : NativeCommandError"}
{"id":"d18f795d-52c7-4d18-9d9b-f488c8e61823","target":"desktop","created":"2026-02-06T02:33:09.9994156-05:00","status":"error","summary":"Codex exec failed","details":"exit=1\nnode.exe : Not inside a trusted directory and --skip-git-repo-check was not specified.\r\nAt C:\\nvm4w\\nodejs\\codex.ps1:16 char:5\r\n+     \u0026 \"$basedir/node$exe\"  \"$basedir/node_modules/@openai/codex/bin/c ...\r\n+     ~~~~~~~~~~~~~~~~~~~~~~~~~~~~~~~~~~~~~~~~~~~~~~~~~~~~~~~~~~~~~~~~~\r\n    + CategoryInfo          : NotSpecified: (Not inside a tr... not specified.:String) [], RemoteException\r\n    + FullyQualifiedErrorId : NativeCommandError"}
{"id":"25095aaf-5b89-412c-9e50-2b9626aae7e8","target":"desktop","created":"2026-02-06T02:33:13.9590532-05:00","status":"error","summary":"Codex exec failed","details":"exit=2\nnode.exe : error: unexpected argument \u0027-N\u0027 found\r\nAt C:\\nvm4w\\nodejs\\codex.ps1:16 char:5\r\n+     \u0026 \"$basedir/node$exe\"  \"$basedir/node_modules/@openai/codex/bin/c ...\r\n+     ~~~~~~~~~~~~~~~~~~~~~~~~~~~~~~~~~~~~~~~~~~~~~~~~~~~~~~~~~~~~~~~~~\r\n    + CategoryInfo          : NotSpecified: (error: unexpected argument \u0027-N\u0027 found:String) [], RemoteException\r\n    + FullyQualifiedErrorId : NativeCommandError\r\n \r\n\r\n  tip: to pass \u0027-N\u0027 as a value, use \u0027-- -N\u0027\r\n\r\nUsage: codex exec [OPTIONS] [PROMPT] [COMMAND]\r\n\r\nFor more information, try \u0027--help\u0027."}
{"id":"4ec42255-9623-4d8e-aa85-fc1406ce721e","target":"desktop","created":"2026-02-06T02:33:17.4419344-05:00","status":"error","summary":"Codex exec failed","details":"exit=1\nnode.exe : Not inside a trusted directory and --skip-git-repo-check was not specified.\r\nAt C:\\nvm4w\\nodejs\\codex.ps1:16 char:5\r\n+     \u0026 \"$basedir/node$exe\"  \"$basedir/node_modules/@openai/codex/bin/c ...\r\n+     ~~~~~~~~~~~~~~~~~~~~~~~~~~~~~~~~~~~~~~~~~~~~~~~~~~~~~~~~~~~~~~~~~\r\n    + CategoryInfo          : NotSpecified: (Not inside a tr... not specified.:String) [], RemoteException\r\n    + FullyQualifiedErrorId : NativeCommandError"}
{"id":"57715b3d-4374-4855-a797-2bdac49fdba4","target":"desktop","created":"2026-02-06T02:33:22.4729747-05:00","status":"error","summary":"Codex exec failed","details":"exit=1\nnode.exe : Not inside a trusted directory and --skip-git-repo-check was not specified.\r\nAt C:\\nvm4w\\nodejs\\codex.ps1:16 char:5\r\n+     \u0026 \"$basedir/node$exe\"  \"$basedir/node_modules/@openai/codex/bin/c ...\r\n+     ~~~~~~~~~~~~~~~~~~~~~~~~~~~~~~~~~~~~~~~~~~~~~~~~~~~~~~~~~~~~~~~~~\r\n    + CategoryInfo          : NotSpecified: (Not inside a tr... not specified.:String) [], RemoteException\r\n    + FullyQualifiedErrorId : NativeCommandError"}
{"id":"a6315198-eb27-41cb-8433-2c608935e14e","target":"desktop","created":"2026-02-06T02:33:26.5621691-05:00","status":"error","summary":"Codex exec failed","details":"exit=2\nnode.exe : error: unexpected argument \u0027network\u0027 found\r\nAt C:\\nvm4w\\nodejs\\codex.ps1:16 char:5\r\n+     \u0026 \"$basedir/node$exe\"  \"$basedir/node_modules/@openai/codex/bin/c ...\r\n+     ~~~~~~~~~~~~~~~~~~~~~~~~~~~~~~~~~~~~~~~~~~~~~~~~~~~~~~~~~~~~~~~~~\r\n    + CategoryInfo          : NotSpecified: (error: unexpect...\u0027network\u0027 found:String) [], RemoteException\r\n    + FullyQualifiedErrorId : NativeCommandError\r\n \r\n\r\nUsage: codex exec [OPTIONS] [PROMPT] [COMMAND]\r\n\r\nFor more information, try \u0027--help\u0027."}
{"id":"9b388067-2ed2-4413-bea9-cd797e9698eb","target":"desktop","created":"2026-02-06T02:33:41.0686708-05:00","status":"error","summary":"Codex exec failed","details":"exit=1\nnode.exe : Not inside a trusted directory and --skip-git-repo-check was not specified.\r\nAt C:\\nvm4w\\nodejs\\codex.ps1:16 char:5\r\n+     \u0026 \"$basedir/node$exe\"  \"$basedir/node_modules/@openai/codex/bin/c ...\r\n+     ~~~~~~~~~~~~~~~~~~~~~~~~~~~~~~~~~~~~~~~~~~~~~~~~~~~~~~~~~~~~~~~~~\r\n    + CategoryInfo          : NotSpecified: (Not inside a tr... not specified.:String) [], RemoteException\r\n    + FullyQualifiedErrorId : NativeCommandError"}
{"id":"f88eacdf-3fd7-482b-8d3f-eb24d7dd9fa4","target":"desktop","created":"2026-02-06T02:33:45.5965614-05:00","status":"error","summary":"Codex exec failed","details":"exit=1\nnode.exe : Not inside a trusted directory and --skip-git-repo-check was not specified.\r\nAt C:\\nvm4w\\nodejs\\codex.ps1:16 char:5\r\n+     \u0026 \"$basedir/node$exe\"  \"$basedir/node_modules/@openai/codex/bin/c ...\r\n+     ~~~~~~~~~~~~~~~~~~~~~~~~~~~~~~~~~~~~~~~~~~~~~~~~~~~~~~~~~~~~~~~~~\r\n    + CategoryInfo          : NotSpecified: (Not inside a tr... not specified.:String) [], RemoteException\r\n    + FullyQualifiedErrorId : NativeCommandError"}
{"id":"15cebaa1-1f10-41ee-825e-45f10f469534","target":"desktop","created":"2026-02-06T02:33:51.3585507-05:00","status":"error","summary":"Codex exec failed","details":"exit=1\nnode.exe : Not inside a trusted directory and --skip-git-repo-check was not specified.\r\nAt C:\\nvm4w\\nodejs\\codex.ps1:16 char:5\r\n+     \u0026 \"$basedir/node$exe\"  \"$basedir/node_modules/@openai/codex/bin/c ...\r\n+     ~~~~~~~~~~~~~~~~~~~~~~~~~~~~~~~~~~~~~~~~~~~~~~~~~~~~~~~~~~~~~~~~~\r\n    + CategoryInfo          : NotSpecified: (Not inside a tr... not specified.:String) [], RemoteException\r\n    + FullyQualifiedErrorId : NativeCommandError"}
{"id":"d18f795d-52c7-4d18-9d9b-f488c8e61823","target":"desktop","created":"2026-02-06T02:33:56.3487482-05:00","status":"error","summary":"Codex exec failed","details":"exit=1\nnode.exe : Not inside a trusted directory and --skip-git-repo-check was not specified.\r\nAt C:\\nvm4w\\nodejs\\codex.ps1:16 char:5\r\n+     \u0026 \"$basedir/node$exe\"  \"$basedir/node_modules/@openai/codex/bin/c ...\r\n+     ~~~~~~~~~~~~~~~~~~~~~~~~~~~~~~~~~~~~~~~~~~~~~~~~~~~~~~~~~~~~~~~~~\r\n    + CategoryInfo          : NotSpecified: (Not inside a tr... not specified.:String) [], RemoteException\r\n    + FullyQualifiedErrorId : NativeCommandError"}
{"id":"25095aaf-5b89-412c-9e50-2b9626aae7e8","target":"desktop","created":"2026-02-06T02:33:59.7495973-05:00","status":"error","summary":"Codex exec failed","details":"exit=2\nnode.exe : error: unexpected argument \u0027-N\u0027 found\r\nAt C:\\nvm4w\\nodejs\\codex.ps1:16 char:5\r\n+     \u0026 \"$basedir/node$exe\"  \"$basedir/node_modules/@openai/codex/bin/c ...\r\n+     ~~~~~~~~~~~~~~~~~~~~~~~~~~~~~~~~~~~~~~~~~~~~~~~~~~~~~~~~~~~~~~~~~\r\n    + CategoryInfo          : NotSpecified: (error: unexpected argument \u0027-N\u0027 found:String) [], RemoteException\r\n    + FullyQualifiedErrorId : NativeCommandError\r\n \r\n\r\n  tip: to pass \u0027-N\u0027 as a value, use \u0027-- -N\u0027\r\n\r\nUsage: codex exec [OPTIONS] [PROMPT] [COMMAND]\r\n\r\nFor more information, try \u0027--help\u0027."}
{"id":"4ec42255-9623-4d8e-aa85-fc1406ce721e","target":"desktop","created":"2026-02-06T02:34:03.8595924-05:00","status":"error","summary":"Codex exec failed","details":"exit=1\nnode.exe : Not inside a trusted directory and --skip-git-repo-check was not specified.\r\nAt C:\\nvm4w\\nodejs\\codex.ps1:16 char:5\r\n+     \u0026 \"$basedir/node$exe\"  \"$basedir/node_modules/@openai/codex/bin/c ...\r\n+     ~~~~~~~~~~~~~~~~~~~~~~~~~~~~~~~~~~~~~~~~~~~~~~~~~~~~~~~~~~~~~~~~~\r\n    + CategoryInfo          : NotSpecified: (Not inside a tr... not specified.:String) [], RemoteException\r\n    + FullyQualifiedErrorId : NativeCommandError"}
{"id":"57715b3d-4374-4855-a797-2bdac49fdba4","target":"desktop","created":"2026-02-06T02:34:06.7313644-05:00","status":"error","summary":"Codex exec failed","details":"exit=1\nnode.exe : Not inside a trusted directory and --skip-git-repo-check was not specified.\r\nAt C:\\nvm4w\\nodejs\\codex.ps1:16 char:5\r\n+     \u0026 \"$basedir/node$exe\"  \"$basedir/node_modules/@openai/codex/bin/c ...\r\n+     ~~~~~~~~~~~~~~~~~~~~~~~~~~~~~~~~~~~~~~~~~~~~~~~~~~~~~~~~~~~~~~~~~\r\n    + CategoryInfo          : NotSpecified: (Not inside a tr... not specified.:String) [], RemoteException\r\n    + FullyQualifiedErrorId : NativeCommandError"}
{"id":"01b81a63-a4a6-4e96-801f-e1f5e7dba93c","target":"desktop","created":"2026-02-06T02:34:09.2472645-05:00","status":"error","summary":"Codex exec failed","details":"exit=2\nnode.exe : error: unexpected argument \u0027network\u0027 found\r\nAt C:\\nvm4w\\nodejs\\codex.ps1:16 char:5\r\n+     \u0026 \"$basedir/node$exe\"  \"$basedir/node_modules/@openai/codex/bin/c ...\r\n+     ~~~~~~~~~~~~~~~~~~~~~~~~~~~~~~~~~~~~~~~~~~~~~~~~~~~~~~~~~~~~~~~~~\r\n    + CategoryInfo          : NotSpecified: (error: unexpect...\u0027network\u0027 found:String) [], RemoteException\r\n    + FullyQualifiedErrorId : NativeCommandError\r\n \r\n\r\nUsage: codex exec [OPTIONS] [PROMPT] [COMMAND]\r\n\r\nFor more information, try \u0027--help\u0027."}
{"id":"9b388067-2ed2-4413-bea9-cd797e9698eb","target":"desktop","created":"2026-02-06T02:34:22.3061312-05:00","status":"error","summary":"Codex exec failed","details":"exit=1\nnode.exe : Not inside a trusted directory and --skip-git-repo-check was not specified.\r\nAt C:\\nvm4w\\nodejs\\codex.ps1:16 char:5\r\n+     \u0026 \"$basedir/node$exe\"  \"$basedir/node_modules/@openai/codex/bin/c ...\r\n+     ~~~~~~~~~~~~~~~~~~~~~~~~~~~~~~~~~~~~~~~~~~~~~~~~~~~~~~~~~~~~~~~~~\r\n    + CategoryInfo          : NotSpecified: (Not inside a tr... not specified.:String) [], RemoteException\r\n    + FullyQualifiedErrorId : NativeCommandError"}
{"id":"f88eacdf-3fd7-482b-8d3f-eb24d7dd9fa4","target":"desktop","created":"2026-02-06T02:34:24.5851094-05:00","status":"error","summary":"Codex exec failed","details":"exit=1\nnode.exe : Not inside a trusted directory and --skip-git-repo-check was not specified.\r\nAt C:\\nvm4w\\nodejs\\codex.ps1:16 char:5\r\n+     \u0026 \"$basedir/node$exe\"  \"$basedir/node_modules/@openai/codex/bin/c ...\r\n+     ~~~~~~~~~~~~~~~~~~~~~~~~~~~~~~~~~~~~~~~~~~~~~~~~~~~~~~~~~~~~~~~~~\r\n    + CategoryInfo          : NotSpecified: (Not inside a tr... not specified.:String) [], RemoteException\r\n    + FullyQualifiedErrorId : NativeCommandError"}
{"id":"15cebaa1-1f10-41ee-825e-45f10f469534","target":"desktop","created":"2026-02-06T02:34:26.8496450-05:00","status":"error","summary":"Codex exec failed","details":"exit=1\nnode.exe : Not inside a trusted directory and --skip-git-repo-check was not specified.\r\nAt C:\\nvm4w\\nodejs\\codex.ps1:16 char:5\r\n+     \u0026 \"$basedir/node$exe\"  \"$basedir/node_modules/@openai/codex/bin/c ...\r\n+     ~~~~~~~~~~~~~~~~~~~~~~~~~~~~~~~~~~~~~~~~~~~~~~~~~~~~~~~~~~~~~~~~~\r\n    + CategoryInfo          : NotSpecified: (Not inside a tr... not specified.:String) [], RemoteException\r\n    + FullyQualifiedErrorId : NativeCommandError"}
{"id":"d18f795d-52c7-4d18-9d9b-f488c8e61823","target":"desktop","created":"2026-02-06T02:34:29.1693808-05:00","status":"error","summary":"Codex exec failed","details":"exit=1\nnode.exe : Not inside a trusted directory and --skip-git-repo-check was not specified.\r\nAt C:\\nvm4w\\nodejs\\codex.ps1:16 char:5\r\n+     \u0026 \"$basedir/node$exe\"  \"$basedir/node_modules/@openai/codex/bin/c ...\r\n+     ~~~~~~~~~~~~~~~~~~~~~~~~~~~~~~~~~~~~~~~~~~~~~~~~~~~~~~~~~~~~~~~~~\r\n    + CategoryInfo          : NotSpecified: (Not inside a tr... not specified.:String) [], RemoteException\r\n    + FullyQualifiedErrorId : NativeCommandError"}
{"id":"25095aaf-5b89-412c-9e50-2b9626aae7e8","target":"desktop","created":"2026-02-06T02:34:31.3749204-05:00","status":"error","summary":"Codex exec failed","details":"exit=2\nnode.exe : error: unexpected argument \u0027-N\u0027 found\r\nAt C:\\nvm4w\\nodejs\\codex.ps1:16 char:5\r\n+     \u0026 \"$basedir/node$exe\"  \"$basedir/node_modules/@openai/codex/bin/c ...\r\n+     ~~~~~~~~~~~~~~~~~~~~~~~~~~~~~~~~~~~~~~~~~~~~~~~~~~~~~~~~~~~~~~~~~\r\n    + CategoryInfo          : NotSpecified: (error: unexpected argument \u0027-N\u0027 found:String) [], RemoteException\r\n    + FullyQualifiedErrorId : NativeCommandError\r\n \r\n\r\n  tip: to pass \u0027-N\u0027 as a value, use \u0027-- -N\u0027\r\n\r\nUsage: codex exec [OPTIONS] [PROMPT] [COMMAND]\r\n\r\nFor more information, try \u0027--help\u0027."}
{"id":"4ec42255-9623-4d8e-aa85-fc1406ce721e","target":"desktop","created":"2026-02-06T02:34:33.7269213-05:00","status":"error","summary":"Codex exec failed","details":"exit=1\nnode.exe : Not inside a trusted directory and --skip-git-repo-check was not specified.\r\nAt C:\\nvm4w\\nodejs\\codex.ps1:16 char:5\r\n+     \u0026 \"$basedir/node$exe\"  \"$basedir/node_modules/@openai/codex/bin/c ...\r\n+     ~~~~~~~~~~~~~~~~~~~~~~~~~~~~~~~~~~~~~~~~~~~~~~~~~~~~~~~~~~~~~~~~~\r\n    + CategoryInfo          : NotSpecified: (Not inside a tr... not specified.:String) [], RemoteException\r\n    + FullyQualifiedErrorId : NativeCommandError"}
{"id":"57715b3d-4374-4855-a797-2bdac49fdba4","target":"desktop","created":"2026-02-06T02:34:36.0579957-05:00","status":"error","summary":"Codex exec failed","details":"exit=1\nnode.exe : Not inside a trusted directory and --skip-git-repo-check was not specified.\r\nAt C:\\nvm4w\\nodejs\\codex.ps1:16 char:5\r\n+     \u0026 \"$basedir/node$exe\"  \"$basedir/node_modules/@openai/codex/bin/c ...\r\n+     ~~~~~~~~~~~~~~~~~~~~~~~~~~~~~~~~~~~~~~~~~~~~~~~~~~~~~~~~~~~~~~~~~\r\n    + CategoryInfo          : NotSpecified: (Not inside a tr... not specified.:String) [], RemoteException\r\n    + FullyQualifiedErrorId : NativeCommandError"}
{"id":"a6315198-eb27-41cb-8433-2c608935e14e","target":"desktop","created":"2026-02-06T02:34:38.2813399-05:00","status":"error","summary":"Codex exec failed","details":"exit=2\nnode.exe : error: unexpected argument \u0027network\u0027 found\r\nAt C:\\nvm4w\\nodejs\\codex.ps1:16 char:5\r\n+     \u0026 \"$basedir/node$exe\"  \"$basedir/node_modules/@openai/codex/bin/c ...\r\n+     ~~~~~~~~~~~~~~~~~~~~~~~~~~~~~~~~~~~~~~~~~~~~~~~~~~~~~~~~~~~~~~~~~\r\n    + CategoryInfo          : NotSpecified: (error: unexpect...\u0027network\u0027 found:String) [], RemoteException\r\n    + FullyQualifiedErrorId : NativeCommandError\r\n \r\n\r\nUsage: codex exec [OPTIONS] [PROMPT] [COMMAND]\r\n\r\nFor more information, try \u0027--help\u0027."}
{"id":"9b388067-2ed2-4413-bea9-cd797e9698eb","target":"desktop","created":"2026-02-06T02:34:51.8851888-05:00","status":"error","summary":"Codex exec failed","details":"exit=1\nnode.exe : Not inside a trusted directory and --skip-git-repo-check was not specified.\r\nAt C:\\nvm4w\\nodejs\\codex.ps1:16 char:5\r\n+     \u0026 \"$basedir/node$exe\"  \"$basedir/node_modules/@openai/codex/bin/c ...\r\n+     ~~~~~~~~~~~~~~~~~~~~~~~~~~~~~~~~~~~~~~~~~~~~~~~~~~~~~~~~~~~~~~~~~\r\n    + CategoryInfo          : NotSpecified: (Not inside a tr... not specified.:String) [], RemoteException\r\n    + FullyQualifiedErrorId : NativeCommandError"}
{"id":"f88eacdf-3fd7-482b-8d3f-eb24d7dd9fa4","target":"desktop","created":"2026-02-06T02:34:54.8251184-05:00","status":"error","summary":"Codex exec failed","details":"exit=1\nnode.exe : Not inside a trusted directory and --skip-git-repo-check was not specified.\r\nAt C:\\nvm4w\\nodejs\\codex.ps1:16 char:5\r\n+     \u0026 \"$basedir/node$exe\"  \"$basedir/node_modules/@openai/codex/bin/c ...\r\n+     ~~~~~~~~~~~~~~~~~~~~~~~~~~~~~~~~~~~~~~~~~~~~~~~~~~~~~~~~~~~~~~~~~\r\n    + CategoryInfo          : NotSpecified: (Not inside a tr... not specified.:String) [], RemoteException\r\n    + FullyQualifiedErrorId : NativeCommandError"}
{"id":"15cebaa1-1f10-41ee-825e-45f10f469534","target":"desktop","created":"2026-02-06T02:34:57.3263740-05:00","status":"error","summary":"Codex exec failed","details":"exit=1\nnode.exe : Not inside a trusted directory and --skip-git-repo-check was not specified.\r\nAt C:\\nvm4w\\nodejs\\codex.ps1:16 char:5\r\n+     \u0026 \"$basedir/node$exe\"  \"$basedir/node_modules/@openai/codex/bin/c ...\r\n+     ~~~~~~~~~~~~~~~~~~~~~~~~~~~~~~~~~~~~~~~~~~~~~~~~~~~~~~~~~~~~~~~~~\r\n    + CategoryInfo          : NotSpecified: (Not inside a tr... not specified.:String) [], RemoteException\r\n    + FullyQualifiedErrorId : NativeCommandError"}
{"id":"d18f795d-52c7-4d18-9d9b-f488c8e61823","target":"desktop","created":"2026-02-06T02:34:59.7703025-05:00","status":"error","summary":"Codex exec failed","details":"exit=1\nnode.exe : Not inside a trusted directory and --skip-git-repo-check was not specified.\r\nAt C:\\nvm4w\\nodejs\\codex.ps1:16 char:5\r\n+     \u0026 \"$basedir/node$exe\"  \"$basedir/node_modules/@openai/codex/bin/c ...\r\n+     ~~~~~~~~~~~~~~~~~~~~~~~~~~~~~~~~~~~~~~~~~~~~~~~~~~~~~~~~~~~~~~~~~\r\n    + CategoryInfo          : NotSpecified: (Not inside a tr... not specified.:String) [], RemoteException\r\n    + FullyQualifiedErrorId : NativeCommandError"}
{"id":"25095aaf-5b89-412c-9e50-2b9626aae7e8","target":"desktop","created":"2026-02-06T02:35:02.2008271-05:00","status":"error","summary":"Codex exec failed","details":"exit=2\nnode.exe : error: unexpected argument \u0027-N\u0027 found\r\nAt C:\\nvm4w\\nodejs\\codex.ps1:16 char:5\r\n+     \u0026 \"$basedir/node$exe\"  \"$basedir/node_modules/@openai/codex/bin/c ...\r\n+     ~~~~~~~~~~~~~~~~~~~~~~~~~~~~~~~~~~~~~~~~~~~~~~~~~~~~~~~~~~~~~~~~~\r\n    + CategoryInfo          : NotSpecified: (error: unexpected argument \u0027-N\u0027 found:String) [], RemoteException\r\n    + FullyQualifiedErrorId : NativeCommandError\r\n \r\n\r\n  tip: to pass \u0027-N\u0027 as a value, use \u0027-- -N\u0027\r\n\r\nUsage: codex exec [OPTIONS] [PROMPT] [COMMAND]\r\n\r\nFor more information, try \u0027--help\u0027."}
{"id":"4ec42255-9623-4d8e-aa85-fc1406ce721e","target":"desktop","created":"2026-02-06T02:35:05.9903505-05:00","status":"error","summary":"Codex exec failed","details":"exit=1\nnode.exe : Not inside a trusted directory and --skip-git-repo-check was not specified.\r\nAt C:\\nvm4w\\nodejs\\codex.ps1:16 char:5\r\n+     \u0026 \"$basedir/node$exe\"  \"$basedir/node_modules/@openai/codex/bin/c ...\r\n+     ~~~~~~~~~~~~~~~~~~~~~~~~~~~~~~~~~~~~~~~~~~~~~~~~~~~~~~~~~~~~~~~~~\r\n    + CategoryInfo          : NotSpecified: (Not inside a tr... not specified.:String) [], RemoteException\r\n    + FullyQualifiedErrorId : NativeCommandError"}
{"id":"57715b3d-4374-4855-a797-2bdac49fdba4","target":"desktop","created":"2026-02-06T02:35:08.3437495-05:00","status":"error","summary":"Codex exec failed","details":"exit=1\nnode.exe : Not inside a trusted directory and --skip-git-repo-check was not specified.\r\nAt C:\\nvm4w\\nodejs\\codex.ps1:16 char:5\r\n+     \u0026 \"$basedir/node$exe\"  \"$basedir/node_modules/@openai/codex/bin/c ...\r\n+     ~~~~~~~~~~~~~~~~~~~~~~~~~~~~~~~~~~~~~~~~~~~~~~~~~~~~~~~~~~~~~~~~~\r\n    + CategoryInfo          : NotSpecified: (Not inside a tr... not specified.:String) [], RemoteException\r\n    + FullyQualifiedErrorId : NativeCommandError"}
{"id":"01b81a63-a4a6-4e96-801f-e1f5e7dba93c","target":"desktop","created":"2026-02-06T02:35:10.5283485-05:00","status":"error","summary":"Codex exec failed","details":"exit=2\nnode.exe : error: unexpected argument \u0027network\u0027 found\r\nAt C:\\nvm4w\\nodejs\\codex.ps1:16 char:5\r\n+     \u0026 \"$basedir/node$exe\"  \"$basedir/node_modules/@openai/codex/bin/c ...\r\n+     ~~~~~~~~~~~~~~~~~~~~~~~~~~~~~~~~~~~~~~~~~~~~~~~~~~~~~~~~~~~~~~~~~\r\n    + CategoryInfo          : NotSpecified: (error: unexpect...\u0027network\u0027 found:String) [], RemoteException\r\n    + FullyQualifiedErrorId : NativeCommandError\r\n \r\n\r\nUsage: codex exec [OPTIONS] [PROMPT] [COMMAND]\r\n\r\nFor more information, try \u0027--help\u0027."}
{"id":"9b388067-2ed2-4413-bea9-cd797e9698eb","target":"desktop","created":"2026-02-06T02:35:23.3897380-05:00","status":"error","summary":"Codex exec failed","details":"exit=1\nnode.exe : Not inside a trusted directory and --skip-git-repo-check was not specified.\r\nAt C:\\nvm4w\\nodejs\\codex.ps1:16 char:5\r\n+     \u0026 \"$basedir/node$exe\"  \"$basedir/node_modules/@openai/codex/bin/c ...\r\n+     ~~~~~~~~~~~~~~~~~~~~~~~~~~~~~~~~~~~~~~~~~~~~~~~~~~~~~~~~~~~~~~~~~\r\n    + CategoryInfo          : NotSpecified: (Not inside a tr... not specified.:String) [], RemoteException\r\n    + FullyQualifiedErrorId : NativeCommandError"}
{"id":"f88eacdf-3fd7-482b-8d3f-eb24d7dd9fa4","target":"desktop","created":"2026-02-06T02:35:25.7145575-05:00","status":"error","summary":"Codex exec failed","details":"exit=1\nnode.exe : Not inside a trusted directory and --skip-git-repo-check was not specified.\r\nAt C:\\nvm4w\\nodejs\\codex.ps1:16 char:5\r\n+     \u0026 \"$basedir/node$exe\"  \"$basedir/node_modules/@openai/codex/bin/c ...\r\n+     ~~~~~~~~~~~~~~~~~~~~~~~~~~~~~~~~~~~~~~~~~~~~~~~~~~~~~~~~~~~~~~~~~\r\n    + CategoryInfo          : NotSpecified: (Not inside a tr... not specified.:String) [], RemoteException\r\n    + FullyQualifiedErrorId : NativeCommandError"}
{"id":"15cebaa1-1f10-41ee-825e-45f10f469534","target":"desktop","created":"2026-02-06T02:35:28.4176577-05:00","status":"error","summary":"Codex exec failed","details":"exit=1\nnode.exe : Not inside a trusted directory and --skip-git-repo-check was not specified.\r\nAt C:\\nvm4w\\nodejs\\codex.ps1:16 char:5\r\n+     \u0026 \"$basedir/node$exe\"  \"$basedir/node_modules/@openai/codex/bin/c ...\r\n+     ~~~~~~~~~~~~~~~~~~~~~~~~~~~~~~~~~~~~~~~~~~~~~~~~~~~~~~~~~~~~~~~~~\r\n    + CategoryInfo          : NotSpecified: (Not inside a tr... not specified.:String) [], RemoteException\r\n    + FullyQualifiedErrorId : NativeCommandError"}
{"id":"d18f795d-52c7-4d18-9d9b-f488c8e61823","target":"desktop","created":"2026-02-06T02:35:30.9335442-05:00","status":"error","summary":"Codex exec failed","details":"exit=1\nnode.exe : Not inside a trusted directory and --skip-git-repo-check was not specified.\r\nAt C:\\nvm4w\\nodejs\\codex.ps1:16 char:5\r\n+     \u0026 \"$basedir/node$exe\"  \"$basedir/node_modules/@openai/codex/bin/c ...\r\n+     ~~~~~~~~~~~~~~~~~~~~~~~~~~~~~~~~~~~~~~~~~~~~~~~~~~~~~~~~~~~~~~~~~\r\n    + CategoryInfo          : NotSpecified: (Not inside a tr... not specified.:String) [], RemoteException\r\n    + FullyQualifiedErrorId : NativeCommandError"}
{"id":"25095aaf-5b89-412c-9e50-2b9626aae7e8","target":"desktop","created":"2026-02-06T02:35:33.1407097-05:00","status":"error","summary":"Codex exec failed","details":"exit=2\nnode.exe : error: unexpected argument \u0027-N\u0027 found\r\nAt C:\\nvm4w\\nodejs\\codex.ps1:16 char:5\r\n+     \u0026 \"$basedir/node$exe\"  \"$basedir/node_modules/@openai/codex/bin/c ...\r\n+     ~~~~~~~~~~~~~~~~~~~~~~~~~~~~~~~~~~~~~~~~~~~~~~~~~~~~~~~~~~~~~~~~~\r\n    + CategoryInfo          : NotSpecified: (error: unexpected argument \u0027-N\u0027 found:String) [], RemoteException\r\n    + FullyQualifiedErrorId : NativeCommandError\r\n \r\n\r\n  tip: to pass \u0027-N\u0027 as a value, use \u0027-- -N\u0027\r\n\r\nUsage: codex exec [OPTIONS] [PROMPT] [COMMAND]\r\n\r\nFor more information, try \u0027--help\u0027."}
{"id":"4ec42255-9623-4d8e-aa85-fc1406ce721e","target":"desktop","created":"2026-02-06T02:35:35.3287714-05:00","status":"error","summary":"Codex exec failed","details":"exit=1\nnode.exe : Not inside a trusted directory and --skip-git-repo-check was not specified.\r\nAt C:\\nvm4w\\nodejs\\codex.ps1:16 char:5\r\n+     \u0026 \"$basedir/node$exe\"  \"$basedir/node_modules/@openai/codex/bin/c ...\r\n+     ~~~~~~~~~~~~~~~~~~~~~~~~~~~~~~~~~~~~~~~~~~~~~~~~~~~~~~~~~~~~~~~~~\r\n    + CategoryInfo          : NotSpecified: (Not inside a tr... not specified.:String) [], RemoteException\r\n    + FullyQualifiedErrorId : NativeCommandError"}
{"id":"57715b3d-4374-4855-a797-2bdac49fdba4","target":"desktop","created":"2026-02-06T02:35:37.5592986-05:00","status":"error","summary":"Codex exec failed","details":"exit=1\nnode.exe : Not inside a trusted directory and --skip-git-repo-check was not specified.\r\nAt C:\\nvm4w\\nodejs\\codex.ps1:16 char:5\r\n+     \u0026 \"$basedir/node$exe\"  \"$basedir/node_modules/@openai/codex/bin/c ...\r\n+     ~~~~~~~~~~~~~~~~~~~~~~~~~~~~~~~~~~~~~~~~~~~~~~~~~~~~~~~~~~~~~~~~~\r\n    + CategoryInfo          : NotSpecified: (Not inside a tr... not specified.:String) [], RemoteException\r\n    + FullyQualifiedErrorId : NativeCommandError"}
{"id":"a6315198-eb27-41cb-8433-2c608935e14e","target":"desktop","created":"2026-02-06T02:35:39.6749366-05:00","status":"error","summary":"Codex exec failed","details":"exit=2\nnode.exe : error: unexpected argument \u0027network\u0027 found\r\nAt C:\\nvm4w\\nodejs\\codex.ps1:16 char:5\r\n+     \u0026 \"$basedir/node$exe\"  \"$basedir/node_modules/@openai/codex/bin/c ...\r\n+     ~~~~~~~~~~~~~~~~~~~~~~~~~~~~~~~~~~~~~~~~~~~~~~~~~~~~~~~~~~~~~~~~~\r\n    + CategoryInfo          : NotSpecified: (error: unexpect...\u0027network\u0027 found:String) [], RemoteException\r\n    + FullyQualifiedErrorId : NativeCommandError\r\n \r\n\r\nUsage: codex exec [OPTIONS] [PROMPT] [COMMAND]\r\n\r\nFor more information, try \u0027--help\u0027."}
{"id":"9b388067-2ed2-4413-bea9-cd797e9698eb","target":"desktop","created":"2026-02-06T02:35:52.4349726-05:00","status":"error","summary":"Codex exec failed","details":"exit=1\nnode.exe : Not inside a trusted directory and --skip-git-repo-check was not specified.\r\nAt C:\\nvm4w\\nodejs\\codex.ps1:16 char:5\r\n+     \u0026 \"$basedir/node$exe\"  \"$basedir/node_modules/@openai/codex/bin/c ...\r\n+     ~~~~~~~~~~~~~~~~~~~~~~~~~~~~~~~~~~~~~~~~~~~~~~~~~~~~~~~~~~~~~~~~~\r\n    + CategoryInfo          : NotSpecified: (Not inside a tr... not specified.:String) [], RemoteException\r\n    + FullyQualifiedErrorId : NativeCommandError"}
{"id":"f88eacdf-3fd7-482b-8d3f-eb24d7dd9fa4","target":"desktop","created":"2026-02-06T02:35:55.5469612-05:00","status":"error","summary":"Codex exec failed","details":"exit=1\nnode.exe : Not inside a trusted directory and --skip-git-repo-check was not specified.\r\nAt C:\\nvm4w\\nodejs\\codex.ps1:16 char:5\r\n+     \u0026 \"$basedir/node$exe\"  \"$basedir/node_modules/@openai/codex/bin/c ...\r\n+     ~~~~~~~~~~~~~~~~~~~~~~~~~~~~~~~~~~~~~~~~~~~~~~~~~~~~~~~~~~~~~~~~~\r\n    + CategoryInfo          : NotSpecified: (Not inside a tr... not specified.:String) [], RemoteException\r\n    + FullyQualifiedErrorId : NativeCommandError"}
{"id":"15cebaa1-1f10-41ee-825e-45f10f469534","target":"desktop","created":"2026-02-06T02:35:58.1489318-05:00","status":"error","summary":"Codex exec failed","details":"exit=1\nnode.exe : Not inside a trusted directory and --skip-git-repo-check was not specified.\r\nAt C:\\nvm4w\\nodejs\\codex.ps1:16 char:5\r\n+     \u0026 \"$basedir/node$exe\"  \"$basedir/node_modules/@openai/codex/bin/c ...\r\n+     ~~~~~~~~~~~~~~~~~~~~~~~~~~~~~~~~~~~~~~~~~~~~~~~~~~~~~~~~~~~~~~~~~\r\n    + CategoryInfo          : NotSpecified: (Not inside a tr... not specified.:String) [], RemoteException\r\n    + FullyQualifiedErrorId : NativeCommandError"}
{"id":"d18f795d-52c7-4d18-9d9b-f488c8e61823","target":"desktop","created":"2026-02-06T02:36:00.5507996-05:00","status":"error","summary":"Codex exec failed","details":"exit=1\nnode.exe : Not inside a trusted directory and --skip-git-repo-check was not specified.\r\nAt C:\\nvm4w\\nodejs\\codex.ps1:16 char:5\r\n+     \u0026 \"$basedir/node$exe\"  \"$basedir/node_modules/@openai/codex/bin/c ...\r\n+     ~~~~~~~~~~~~~~~~~~~~~~~~~~~~~~~~~~~~~~~~~~~~~~~~~~~~~~~~~~~~~~~~~\r\n    + CategoryInfo          : NotSpecified: (Not inside a tr... not specified.:String) [], RemoteException\r\n    + FullyQualifiedErrorId : NativeCommandError"}
{"id":"25095aaf-5b89-412c-9e50-2b9626aae7e8","target":"desktop","created":"2026-02-06T02:36:02.8079885-05:00","status":"error","summary":"Codex exec failed","details":"exit=2\nnode.exe : error: unexpected argument \u0027-N\u0027 found\r\nAt C:\\nvm4w\\nodejs\\codex.ps1:16 char:5\r\n+     \u0026 \"$basedir/node$exe\"  \"$basedir/node_modules/@openai/codex/bin/c ...\r\n+     ~~~~~~~~~~~~~~~~~~~~~~~~~~~~~~~~~~~~~~~~~~~~~~~~~~~~~~~~~~~~~~~~~\r\n    + CategoryInfo          : NotSpecified: (error: unexpected argument \u0027-N\u0027 found:String) [], RemoteException\r\n    + FullyQualifiedErrorId : NativeCommandError\r\n \r\n\r\n  tip: to pass \u0027-N\u0027 as a value, use \u0027-- -N\u0027\r\n\r\nUsage: codex exec [OPTIONS] [PROMPT] [COMMAND]\r\n\r\nFor more information, try \u0027--help\u0027."}
{"id":"4ec42255-9623-4d8e-aa85-fc1406ce721e","target":"desktop","created":"2026-02-06T02:36:05.2301222-05:00","status":"error","summary":"Codex exec failed","details":"exit=1\nnode.exe : Not inside a trusted directory and --skip-git-repo-check was not specified.\r\nAt C:\\nvm4w\\nodejs\\codex.ps1:16 char:5\r\n+     \u0026 \"$basedir/node$exe\"  \"$basedir/node_modules/@openai/codex/bin/c ...\r\n+     ~~~~~~~~~~~~~~~~~~~~~~~~~~~~~~~~~~~~~~~~~~~~~~~~~~~~~~~~~~~~~~~~~\r\n    + CategoryInfo          : NotSpecified: (Not inside a tr... not specified.:String) [], RemoteException\r\n    + FullyQualifiedErrorId : NativeCommandError"}
{"id":"57715b3d-4374-4855-a797-2bdac49fdba4","target":"desktop","created":"2026-02-06T02:36:07.5577679-05:00","status":"error","summary":"Codex exec failed","details":"exit=1\nnode.exe : Not inside a trusted directory and --skip-git-repo-check was not specified.\r\nAt C:\\nvm4w\\nodejs\\codex.ps1:16 char:5\r\n+     \u0026 \"$basedir/node$exe\"  \"$basedir/node_modules/@openai/codex/bin/c ...\r\n+     ~~~~~~~~~~~~~~~~~~~~~~~~~~~~~~~~~~~~~~~~~~~~~~~~~~~~~~~~~~~~~~~~~\r\n    + CategoryInfo          : NotSpecified: (Not inside a tr... not specified.:String) [], RemoteException\r\n    + FullyQualifiedErrorId : NativeCommandError"}
{"id":"01b81a63-a4a6-4e96-801f-e1f5e7dba93c","target":"desktop","created":"2026-02-06T02:36:10.0813681-05:00","status":"error","summary":"Codex exec failed","details":"exit=2\nnode.exe : error: unexpected argument \u0027network\u0027 found\r\nAt C:\\nvm4w\\nodejs\\codex.ps1:16 char:5\r\n+     \u0026 \"$basedir/node$exe\"  \"$basedir/node_modules/@openai/codex/bin/c ...\r\n+     ~~~~~~~~~~~~~~~~~~~~~~~~~~~~~~~~~~~~~~~~~~~~~~~~~~~~~~~~~~~~~~~~~\r\n    + CategoryInfo          : NotSpecified: (error: unexpect...\u0027network\u0027 found:String) [], RemoteException\r\n    + FullyQualifiedErrorId : NativeCommandError\r\n \r\n\r\nUsage: codex exec [OPTIONS] [PROMPT] [COMMAND]\r\n\r\nFor more information, try \u0027--help\u0027."}
{"id":"9b388067-2ed2-4413-bea9-cd797e9698eb","target":"desktop","created":"2026-02-06T02:36:23.1671935-05:00","status":"error","summary":"Codex exec failed","details":"exit=1\nnode.exe : Not inside a trusted directory and --skip-git-repo-check was not specified.\r\nAt C:\\nvm4w\\nodejs\\codex.ps1:16 char:5\r\n+     \u0026 \"$basedir/node$exe\"  \"$basedir/node_modules/@openai/codex/bin/c ...\r\n+     ~~~~~~~~~~~~~~~~~~~~~~~~~~~~~~~~~~~~~~~~~~~~~~~~~~~~~~~~~~~~~~~~~\r\n    + CategoryInfo          : NotSpecified: (Not inside a tr... not specified.:String) [], RemoteException\r\n    + FullyQualifiedErrorId : NativeCommandError"}
{"id":"f88eacdf-3fd7-482b-8d3f-eb24d7dd9fa4","target":"desktop","created":"2026-02-06T02:36:25.6635778-05:00","status":"error","summary":"Codex exec failed","details":"exit=1\nnode.exe : Not inside a trusted directory and --skip-git-repo-check was not specified.\r\nAt C:\\nvm4w\\nodejs\\codex.ps1:16 char:5\r\n+     \u0026 \"$basedir/node$exe\"  \"$basedir/node_modules/@openai/codex/bin/c ...\r\n+     ~~~~~~~~~~~~~~~~~~~~~~~~~~~~~~~~~~~~~~~~~~~~~~~~~~~~~~~~~~~~~~~~~\r\n    + CategoryInfo          : NotSpecified: (Not inside a tr... not specified.:String) [], RemoteException\r\n    + FullyQualifiedErrorId : NativeCommandError"}
{"id":"15cebaa1-1f10-41ee-825e-45f10f469534","target":"desktop","created":"2026-02-06T02:36:28.3090142-05:00","status":"error","summary":"Codex exec failed","details":"exit=1\nnode.exe : Not inside a trusted directory and --skip-git-repo-check was not specified.\r\nAt C:\\nvm4w\\nodejs\\codex.ps1:16 char:5\r\n+     \u0026 \"$basedir/node$exe\"  \"$basedir/node_modules/@openai/codex/bin/c ...\r\n+     ~~~~~~~~~~~~~~~~~~~~~~~~~~~~~~~~~~~~~~~~~~~~~~~~~~~~~~~~~~~~~~~~~\r\n    + CategoryInfo          : NotSpecified: (Not inside a tr... not specified.:String) [], RemoteException\r\n    + FullyQualifiedErrorId : NativeCommandError"}
{"id":"d18f795d-52c7-4d18-9d9b-f488c8e61823","target":"desktop","created":"2026-02-06T02:36:30.7549956-05:00","status":"error","summary":"Codex exec failed","details":"exit=1\nnode.exe : Not inside a trusted directory and --skip-git-repo-check was not specified.\r\nAt C:\\nvm4w\\nodejs\\codex.ps1:16 char:5\r\n+     \u0026 \"$basedir/node$exe\"  \"$basedir/node_modules/@openai/codex/bin/c ...\r\n+     ~~~~~~~~~~~~~~~~~~~~~~~~~~~~~~~~~~~~~~~~~~~~~~~~~~~~~~~~~~~~~~~~~\r\n    + CategoryInfo          : NotSpecified: (Not inside a tr... not specified.:String) [], RemoteException\r\n    + FullyQualifiedErrorId : NativeCommandError"}
{"id":"25095aaf-5b89-412c-9e50-2b9626aae7e8","target":"desktop","created":"2026-02-06T02:36:32.9616210-05:00","status":"error","summary":"Codex exec failed","details":"exit=2\nnode.exe : error: unexpected argument \u0027-N\u0027 found\r\nAt C:\\nvm4w\\nodejs\\codex.ps1:16 char:5\r\n+     \u0026 \"$basedir/node$exe\"  \"$basedir/node_modules/@openai/codex/bin/c ...\r\n+     ~~~~~~~~~~~~~~~~~~~~~~~~~~~~~~~~~~~~~~~~~~~~~~~~~~~~~~~~~~~~~~~~~\r\n    + CategoryInfo          : NotSpecified: (error: unexpected argument \u0027-N\u0027 found:String) [], RemoteException\r\n    + FullyQualifiedErrorId : NativeCommandError\r\n \r\n\r\n  tip: to pass \u0027-N\u0027 as a value, use \u0027-- -N\u0027\r\n\r\nUsage: codex exec [OPTIONS] [PROMPT] [COMMAND]\r\n\r\nFor more information, try \u0027--help\u0027."}
{"id":"4ec42255-9623-4d8e-aa85-fc1406ce721e","target":"desktop","created":"2026-02-06T02:36:35.3287701-05:00","status":"error","summary":"Codex exec failed","details":"exit=1\nnode.exe : Not inside a trusted directory and --skip-git-repo-check was not specified.\r\nAt C:\\nvm4w\\nodejs\\codex.ps1:16 char:5\r\n+     \u0026 \"$basedir/node$exe\"  \"$basedir/node_modules/@openai/codex/bin/c ...\r\n+     ~~~~~~~~~~~~~~~~~~~~~~~~~~~~~~~~~~~~~~~~~~~~~~~~~~~~~~~~~~~~~~~~~\r\n    + CategoryInfo          : NotSpecified: (Not inside a tr... not specified.:String) [], RemoteException\r\n    + FullyQualifiedErrorId : NativeCommandError"}
{"id":"57715b3d-4374-4855-a797-2bdac49fdba4","target":"desktop","created":"2026-02-06T02:36:37.8635249-05:00","status":"error","summary":"Codex exec failed","details":"exit=1\nnode.exe : Not inside a trusted directory and --skip-git-repo-check was not specified.\r\nAt C:\\nvm4w\\nodejs\\codex.ps1:16 char:5\r\n+     \u0026 \"$basedir/node$exe\"  \"$basedir/node_modules/@openai/codex/bin/c ...\r\n+     ~~~~~~~~~~~~~~~~~~~~~~~~~~~~~~~~~~~~~~~~~~~~~~~~~~~~~~~~~~~~~~~~~\r\n    + CategoryInfo          : NotSpecified: (Not inside a tr... not specified.:String) [], RemoteException\r\n    + FullyQualifiedErrorId : NativeCommandError"}
{"id":"a6315198-eb27-41cb-8433-2c608935e14e","target":"desktop","created":"2026-02-06T02:36:40.3010882-05:00","status":"error","summary":"Codex exec failed","details":"exit=2\nnode.exe : error: unexpected argument \u0027network\u0027 found\r\nAt C:\\nvm4w\\nodejs\\codex.ps1:16 char:5\r\n+     \u0026 \"$basedir/node$exe\"  \"$basedir/node_modules/@openai/codex/bin/c ...\r\n+     ~~~~~~~~~~~~~~~~~~~~~~~~~~~~~~~~~~~~~~~~~~~~~~~~~~~~~~~~~~~~~~~~~\r\n    + CategoryInfo          : NotSpecified: (error: unexpect...\u0027network\u0027 found:String) [], RemoteException\r\n    + FullyQualifiedErrorId : NativeCommandError\r\n \r\n\r\nUsage: codex exec [OPTIONS] [PROMPT] [COMMAND]\r\n\r\nFor more information, try \u0027--help\u0027."}
{"id":"e70bed7a-8006-4256-9880-5008be8633ce","target":"desktop","created":"2026-02-06T02:36:43.4498048-05:00","status":"error","summary":"Codex exec failed","details":"exit=1\nnode.exe : Not inside a trusted directory and --skip-git-repo-check was not specified.\r\nAt C:\\nvm4w\\nodejs\\codex.ps1:16 char:5\r\n+     \u0026 \"$basedir/node$exe\"  \"$basedir/node_modules/@openai/codex/bin/c ...\r\n+     ~~~~~~~~~~~~~~~~~~~~~~~~~~~~~~~~~~~~~~~~~~~~~~~~~~~~~~~~~~~~~~~~~\r\n    + CategoryInfo          : NotSpecified: (Not inside a tr... not specified.:String) [], RemoteException\r\n    + FullyQualifiedErrorId : NativeCommandError"}
{"id":"9b388067-2ed2-4413-bea9-cd797e9698eb","target":"desktop","created":"2026-02-06T02:36:57.2618644-05:00","status":"error","summary":"Codex exec failed","details":"exit=1\nnode.exe : Not inside a trusted directory and --skip-git-repo-check was not specified.\r\nAt C:\\nvm4w\\nodejs\\codex.ps1:16 char:5\r\n+     \u0026 \"$basedir/node$exe\"  \"$basedir/node_modules/@openai/codex/bin/c ...\r\n+     ~~~~~~~~~~~~~~~~~~~~~~~~~~~~~~~~~~~~~~~~~~~~~~~~~~~~~~~~~~~~~~~~~\r\n    + CategoryInfo          : NotSpecified: (Not inside a tr... not specified.:String) [], RemoteException\r\n    + FullyQualifiedErrorId : NativeCommandError"}
{"id":"f88eacdf-3fd7-482b-8d3f-eb24d7dd9fa4","target":"desktop","created":"2026-02-06T02:37:05.9162614-05:00","status":"error","summary":"Codex exec failed","details":"exit=1\nnode.exe : Not inside a trusted directory and --skip-git-repo-check was not specified.\r\nAt C:\\nvm4w\\nodejs\\codex.ps1:16 char:5\r\n+     \u0026 \"$basedir/node$exe\"  \"$basedir/node_modules/@openai/codex/bin/c ...\r\n+     ~~~~~~~~~~~~~~~~~~~~~~~~~~~~~~~~~~~~~~~~~~~~~~~~~~~~~~~~~~~~~~~~~\r\n    + CategoryInfo          : NotSpecified: (Not inside a tr... not specified.:String) [], RemoteException\r\n    + FullyQualifiedErrorId : NativeCommandError"}
{"id":"15cebaa1-1f10-41ee-825e-45f10f469534","target":"desktop","created":"2026-02-06T02:37:09.4408851-05:00","status":"error","summary":"Codex exec failed","details":"exit=1\nnode.exe : Not inside a trusted directory and --skip-git-repo-check was not specified.\r\nAt C:\\nvm4w\\nodejs\\codex.ps1:16 char:5\r\n+     \u0026 \"$basedir/node$exe\"  \"$basedir/node_modules/@openai/codex/bin/c ...\r\n+     ~~~~~~~~~~~~~~~~~~~~~~~~~~~~~~~~~~~~~~~~~~~~~~~~~~~~~~~~~~~~~~~~~\r\n    + CategoryInfo          : NotSpecified: (Not inside a tr... not specified.:String) [], RemoteException\r\n    + FullyQualifiedErrorId : NativeCommandError"}
{"id":"d18f795d-52c7-4d18-9d9b-f488c8e61823","target":"desktop","created":"2026-02-06T02:37:12.4519952-05:00","status":"error","summary":"Codex exec failed","details":"exit=1\nnode.exe : Not inside a trusted directory and --skip-git-repo-check was not specified.\r\nAt C:\\nvm4w\\nodejs\\codex.ps1:16 char:5\r\n+     \u0026 \"$basedir/node$exe\"  \"$basedir/node_modules/@openai/codex/bin/c ...\r\n+     ~~~~~~~~~~~~~~~~~~~~~~~~~~~~~~~~~~~~~~~~~~~~~~~~~~~~~~~~~~~~~~~~~\r\n    + CategoryInfo          : NotSpecified: (Not inside a tr... not specified.:String) [], RemoteException\r\n    + FullyQualifiedErrorId : NativeCommandError"}
{"id":"25095aaf-5b89-412c-9e50-2b9626aae7e8","target":"desktop","created":"2026-02-06T02:37:15.5922139-05:00","status":"error","summary":"Codex exec failed","details":"exit=2\nnode.exe : error: unexpected argument \u0027-N\u0027 found\r\nAt C:\\nvm4w\\nodejs\\codex.ps1:16 char:5\r\n+     \u0026 \"$basedir/node$exe\"  \"$basedir/node_modules/@openai/codex/bin/c ...\r\n+     ~~~~~~~~~~~~~~~~~~~~~~~~~~~~~~~~~~~~~~~~~~~~~~~~~~~~~~~~~~~~~~~~~\r\n    + CategoryInfo          : NotSpecified: (error: unexpected argument \u0027-N\u0027 found:String) [], RemoteException\r\n    + FullyQualifiedErrorId : NativeCommandError\r\n \r\n\r\n  tip: to pass \u0027-N\u0027 as a value, use \u0027-- -N\u0027\r\n\r\nUsage: codex exec [OPTIONS] [PROMPT] [COMMAND]\r\n\r\nFor more information, try \u0027--help\u0027."}
{"id":"4ec42255-9623-4d8e-aa85-fc1406ce721e","target":"desktop","created":"2026-02-06T02:37:18.4883331-05:00","status":"error","summary":"Codex exec failed","details":"exit=1\nnode.exe : Not inside a trusted directory and --skip-git-repo-check was not specified.\r\nAt C:\\nvm4w\\nodejs\\codex.ps1:16 char:5\r\n+     \u0026 \"$basedir/node$exe\"  \"$basedir/node_modules/@openai/codex/bin/c ...\r\n+     ~~~~~~~~~~~~~~~~~~~~~~~~~~~~~~~~~~~~~~~~~~~~~~~~~~~~~~~~~~~~~~~~~\r\n    + CategoryInfo          : NotSpecified: (Not inside a tr... not specified.:String) [], RemoteException\r\n    + FullyQualifiedErrorId : NativeCommandError"}
{"id":"57715b3d-4374-4855-a797-2bdac49fdba4","target":"desktop","created":"2026-02-06T02:37:20.8968936-05:00","status":"error","summary":"Codex exec failed","details":"exit=1\nnode.exe : Not inside a trusted directory and --skip-git-repo-check was not specified.\r\nAt C:\\nvm4w\\nodejs\\codex.ps1:16 char:5\r\n+     \u0026 \"$basedir/node$exe\"  \"$basedir/node_modules/@openai/codex/bin/c ...\r\n+     ~~~~~~~~~~~~~~~~~~~~~~~~~~~~~~~~~~~~~~~~~~~~~~~~~~~~~~~~~~~~~~~~~\r\n    + CategoryInfo          : NotSpecified: (Not inside a tr... not specified.:String) [], RemoteException\r\n    + FullyQualifiedErrorId : NativeCommandError"}
{"id":"a6315198-eb27-41cb-8433-2c608935e14e","target":"desktop","created":"2026-02-06T02:37:23.4102270-05:00","status":"error","summary":"Codex exec failed","details":"exit=2\nnode.exe : error: unexpected argument \u0027network\u0027 found\r\nAt C:\\nvm4w\\nodejs\\codex.ps1:16 char:5\r\n+     \u0026 \"$basedir/node$exe\"  \"$basedir/node_modules/@openai/codex/bin/c ...\r\n+     ~~~~~~~~~~~~~~~~~~~~~~~~~~~~~~~~~~~~~~~~~~~~~~~~~~~~~~~~~~~~~~~~~\r\n    + CategoryInfo          : NotSpecified: (error: unexpect...\u0027network\u0027 found:String) [], RemoteException\r\n    + FullyQualifiedErrorId : NativeCommandError\r\n \r\n\r\nUsage: codex exec [OPTIONS] [PROMPT] [COMMAND]\r\n\r\nFor more information, try \u0027--help\u0027."}
{"id":"01b81a63-a4a6-4e96-801f-e1f5e7dba93c","target":"desktop","created":"2026-02-06T02:37:26.5970123-05:00","status":"error","summary":"Codex exec failed","details":"exit=2\nnode.exe : error: unexpected argument \u0027network\u0027 found\r\nAt C:\\nvm4w\\nodejs\\codex.ps1:16 char:5\r\n+     \u0026 \"$basedir/node$exe\"  \"$basedir/node_modules/@openai/codex/bin/c ...\r\n+     ~~~~~~~~~~~~~~~~~~~~~~~~~~~~~~~~~~~~~~~~~~~~~~~~~~~~~~~~~~~~~~~~~\r\n    + CategoryInfo          : NotSpecified: (error: unexpect...\u0027network\u0027 found:String) [], RemoteException\r\n    + FullyQualifiedErrorId : NativeCommandError\r\n \r\n\r\nUsage: codex exec [OPTIONS] [PROMPT] [COMMAND]\r\n\r\nFor more information, try \u0027--help\u0027."}
{"id":"9b388067-2ed2-4413-bea9-cd797e9698eb","target":"desktop","created":"2026-02-06T02:37:39.9879117-05:00","status":"error","summary":"Codex exec failed","details":"exit=1\nnode.exe : Not inside a trusted directory and --skip-git-repo-check was not specified.\r\nAt C:\\nvm4w\\nodejs\\codex.ps1:16 char:5\r\n+     \u0026 \"$basedir/node$exe\"  \"$basedir/node_modules/@openai/codex/bin/c ...\r\n+     ~~~~~~~~~~~~~~~~~~~~~~~~~~~~~~~~~~~~~~~~~~~~~~~~~~~~~~~~~~~~~~~~~\r\n    + CategoryInfo          : NotSpecified: (Not inside a tr... not specified.:String) [], RemoteException\r\n    + FullyQualifiedErrorId : NativeCommandError"}
{"id":"f88eacdf-3fd7-482b-8d3f-eb24d7dd9fa4","target":"desktop","created":"2026-02-06T02:37:42.3286355-05:00","status":"error","summary":"Codex exec failed","details":"exit=1\nnode.exe : Not inside a trusted directory and --skip-git-repo-check was not specified.\r\nAt C:\\nvm4w\\nodejs\\codex.ps1:16 char:5\r\n+     \u0026 \"$basedir/node$exe\"  \"$basedir/node_modules/@openai/codex/bin/c ...\r\n+     ~~~~~~~~~~~~~~~~~~~~~~~~~~~~~~~~~~~~~~~~~~~~~~~~~~~~~~~~~~~~~~~~~\r\n    + CategoryInfo          : NotSpecified: (Not inside a tr... not specified.:String) [], RemoteException\r\n    + FullyQualifiedErrorId : NativeCommandError"}
{"id":"15cebaa1-1f10-41ee-825e-45f10f469534","target":"desktop","created":"2026-02-06T02:37:45.7099874-05:00","status":"error","summary":"Codex exec failed","details":"exit=1\nnode.exe : Not inside a trusted directory and --skip-git-repo-check was not specified.\r\nAt C:\\nvm4w\\nodejs\\codex.ps1:16 char:5\r\n+     \u0026 \"$basedir/node$exe\"  \"$basedir/node_modules/@openai/codex/bin/c ...\r\n+     ~~~~~~~~~~~~~~~~~~~~~~~~~~~~~~~~~~~~~~~~~~~~~~~~~~~~~~~~~~~~~~~~~\r\n    + CategoryInfo          : NotSpecified: (Not inside a tr... not specified.:String) [], RemoteException\r\n    + FullyQualifiedErrorId : NativeCommandError"}
{"id":"d18f795d-52c7-4d18-9d9b-f488c8e61823","target":"desktop","created":"2026-02-06T02:37:48.6062342-05:00","status":"error","summary":"Codex exec failed","details":"exit=1\nnode.exe : Not inside a trusted directory and --skip-git-repo-check was not specified.\r\nAt C:\\nvm4w\\nodejs\\codex.ps1:16 char:5\r\n+     \u0026 \"$basedir/node$exe\"  \"$basedir/node_modules/@openai/codex/bin/c ...\r\n+     ~~~~~~~~~~~~~~~~~~~~~~~~~~~~~~~~~~~~~~~~~~~~~~~~~~~~~~~~~~~~~~~~~\r\n    + CategoryInfo          : NotSpecified: (Not inside a tr... not specified.:String) [], RemoteException\r\n    + FullyQualifiedErrorId : NativeCommandError"}
{"id":"25095aaf-5b89-412c-9e50-2b9626aae7e8","target":"desktop","created":"2026-02-06T02:37:51.4831851-05:00","status":"error","summary":"Codex exec failed","details":"exit=2\nnode.exe : error: unexpected argument \u0027-N\u0027 found\r\nAt C:\\nvm4w\\nodejs\\codex.ps1:16 char:5\r\n+     \u0026 \"$basedir/node$exe\"  \"$basedir/node_modules/@openai/codex/bin/c ...\r\n+     ~~~~~~~~~~~~~~~~~~~~~~~~~~~~~~~~~~~~~~~~~~~~~~~~~~~~~~~~~~~~~~~~~\r\n    + CategoryInfo          : NotSpecified: (error: unexpected argument \u0027-N\u0027 found:String) [], RemoteException\r\n    + FullyQualifiedErrorId : NativeCommandError\r\n \r\n\r\n  tip: to pass \u0027-N\u0027 as a value, use \u0027-- -N\u0027\r\n\r\nUsage: codex exec [OPTIONS] [PROMPT] [COMMAND]\r\n\r\nFor more information, try \u0027--help\u0027."}
{"id":"4ec42255-9623-4d8e-aa85-fc1406ce721e","target":"desktop","created":"2026-02-06T02:37:55.6770185-05:00","status":"error","summary":"Codex exec failed","details":"exit=1\nnode.exe : Not inside a trusted directory and --skip-git-repo-check was not specified.\r\nAt C:\\nvm4w\\nodejs\\codex.ps1:16 char:5\r\n+     \u0026 \"$basedir/node$exe\"  \"$basedir/node_modules/@openai/codex/bin/c ...\r\n+     ~~~~~~~~~~~~~~~~~~~~~~~~~~~~~~~~~~~~~~~~~~~~~~~~~~~~~~~~~~~~~~~~~\r\n    + CategoryInfo          : NotSpecified: (Not inside a tr... not specified.:String) [], RemoteException\r\n    + FullyQualifiedErrorId : NativeCommandError"}
{"id":"57715b3d-4374-4855-a797-2bdac49fdba4","target":"desktop","created":"2026-02-06T02:37:58.2184575-05:00","status":"error","summary":"Codex exec failed","details":"exit=1\nnode.exe : Not inside a trusted directory and --skip-git-repo-check was not specified.\r\nAt C:\\nvm4w\\nodejs\\codex.ps1:16 char:5\r\n+     \u0026 \"$basedir/node$exe\"  \"$basedir/node_modules/@openai/codex/bin/c ...\r\n+     ~~~~~~~~~~~~~~~~~~~~~~~~~~~~~~~~~~~~~~~~~~~~~~~~~~~~~~~~~~~~~~~~~\r\n    + CategoryInfo          : NotSpecified: (Not inside a tr... not specified.:String) [], RemoteException\r\n    + FullyQualifiedErrorId : NativeCommandError"}
{"id":"a6315198-eb27-41cb-8433-2c608935e14e","target":"desktop","created":"2026-02-06T02:38:01.6693274-05:00","status":"error","summary":"Codex exec failed","details":"exit=2\nnode.exe : error: unexpected argument \u0027network\u0027 found\r\nAt C:\\nvm4w\\nodejs\\codex.ps1:16 char:5\r\n+     \u0026 \"$basedir/node$exe\"  \"$basedir/node_modules/@openai/codex/bin/c ...\r\n+     ~~~~~~~~~~~~~~~~~~~~~~~~~~~~~~~~~~~~~~~~~~~~~~~~~~~~~~~~~~~~~~~~~\r\n    + CategoryInfo          : NotSpecified: (error: unexpect...\u0027network\u0027 found:String) [], RemoteException\r\n    + FullyQualifiedErrorId : NativeCommandError\r\n \r\n\r\nUsage: codex exec [OPTIONS] [PROMPT] [COMMAND]\r\n\r\nFor more information, try \u0027--help\u0027."}
{"id":"e70bed7a-8006-4256-9880-5008be8633ce","target":"desktop","created":"2026-02-06T02:38:04.4246272-05:00","status":"error","summary":"Codex exec failed","details":"exit=1\nnode.exe : Not inside a trusted directory and --skip-git-repo-check was not specified.\r\nAt C:\\nvm4w\\nodejs\\codex.ps1:16 char:5\r\n+     \u0026 \"$basedir/node$exe\"  \"$basedir/node_modules/@openai/codex/bin/c ...\r\n+     ~~~~~~~~~~~~~~~~~~~~~~~~~~~~~~~~~~~~~~~~~~~~~~~~~~~~~~~~~~~~~~~~~\r\n    + CategoryInfo          : NotSpecified: (Not inside a tr... not specified.:String) [], RemoteException\r\n    + FullyQualifiedErrorId : NativeCommandError"}
{"id":"9b388067-2ed2-4413-bea9-cd797e9698eb","target":"desktop","created":"2026-02-06T02:38:17.7005087-05:00","status":"error","summary":"Codex exec failed","details":"exit=1\nnode.exe : Not inside a trusted directory and --skip-git-repo-check was not specified.\r\nAt C:\\nvm4w\\nodejs\\codex.ps1:16 char:5\r\n+     \u0026 \"$basedir/node$exe\"  \"$basedir/node_modules/@openai/codex/bin/c ...\r\n+     ~~~~~~~~~~~~~~~~~~~~~~~~~~~~~~~~~~~~~~~~~~~~~~~~~~~~~~~~~~~~~~~~~\r\n    + CategoryInfo          : NotSpecified: (Not inside a tr... not specified.:String) [], RemoteException\r\n    + FullyQualifiedErrorId : NativeCommandError"}
{"id":"f88eacdf-3fd7-482b-8d3f-eb24d7dd9fa4","target":"desktop","created":"2026-02-06T02:38:19.9852865-05:00","status":"error","summary":"Codex exec failed","details":"exit=1\nnode.exe : Not inside a trusted directory and --skip-git-repo-check was not specified.\r\nAt C:\\nvm4w\\nodejs\\codex.ps1:16 char:5\r\n+     \u0026 \"$basedir/node$exe\"  \"$basedir/node_modules/@openai/codex/bin/c ...\r\n+     ~~~~~~~~~~~~~~~~~~~~~~~~~~~~~~~~~~~~~~~~~~~~~~~~~~~~~~~~~~~~~~~~~\r\n    + CategoryInfo          : NotSpecified: (Not inside a tr... not specified.:String) [], RemoteException\r\n    + FullyQualifiedErrorId : NativeCommandError"}
{"id":"15cebaa1-1f10-41ee-825e-45f10f469534","target":"desktop","created":"2026-02-06T02:38:22.3975174-05:00","status":"error","summary":"Codex exec failed","details":"exit=1\nnode.exe : Not inside a trusted directory and --skip-git-repo-check was not specified.\r\nAt C:\\nvm4w\\nodejs\\codex.ps1:16 char:5\r\n+     \u0026 \"$basedir/node$exe\"  \"$basedir/node_modules/@openai/codex/bin/c ...\r\n+     ~~~~~~~~~~~~~~~~~~~~~~~~~~~~~~~~~~~~~~~~~~~~~~~~~~~~~~~~~~~~~~~~~\r\n    + CategoryInfo          : NotSpecified: (Not inside a tr... not specified.:String) [], RemoteException\r\n    + FullyQualifiedErrorId : NativeCommandError"}
{"id":"d18f795d-52c7-4d18-9d9b-f488c8e61823","target":"desktop","created":"2026-02-06T02:38:25.4885862-05:00","status":"error","summary":"Codex exec failed","details":"exit=1\nnode.exe : Not inside a trusted directory and --skip-git-repo-check was not specified.\r\nAt C:\\nvm4w\\nodejs\\codex.ps1:16 char:5\r\n+     \u0026 \"$basedir/node$exe\"  \"$basedir/node_modules/@openai/codex/bin/c ...\r\n+     ~~~~~~~~~~~~~~~~~~~~~~~~~~~~~~~~~~~~~~~~~~~~~~~~~~~~~~~~~~~~~~~~~\r\n    + CategoryInfo          : NotSpecified: (Not inside a tr... not specified.:String) [], RemoteException\r\n    + FullyQualifiedErrorId : NativeCommandError"}
{"id":"25095aaf-5b89-412c-9e50-2b9626aae7e8","target":"desktop","created":"2026-02-06T02:38:28.0398176-05:00","status":"error","summary":"Codex exec failed","details":"exit=2\nnode.exe : error: unexpected argument \u0027-N\u0027 found\r\nAt C:\\nvm4w\\nodejs\\codex.ps1:16 char:5\r\n+     \u0026 \"$basedir/node$exe\"  \"$basedir/node_modules/@openai/codex/bin/c ...\r\n+     ~~~~~~~~~~~~~~~~~~~~~~~~~~~~~~~~~~~~~~~~~~~~~~~~~~~~~~~~~~~~~~~~~\r\n    + CategoryInfo          : NotSpecified: (error: unexpected argument \u0027-N\u0027 found:String) [], RemoteException\r\n    + FullyQualifiedErrorId : NativeCommandError\r\n \r\n\r\n  tip: to pass \u0027-N\u0027 as a value, use \u0027-- -N\u0027\r\n\r\nUsage: codex exec [OPTIONS] [PROMPT] [COMMAND]\r\n\r\nFor more information, try \u0027--help\u0027."}
{"id":"4ec42255-9623-4d8e-aa85-fc1406ce721e","target":"desktop","created":"2026-02-06T02:38:32.0414384-05:00","status":"error","summary":"Codex exec failed","details":"exit=1\nnode.exe : Not inside a trusted directory and --skip-git-repo-check was not specified.\r\nAt C:\\nvm4w\\nodejs\\codex.ps1:16 char:5\r\n+     \u0026 \"$basedir/node$exe\"  \"$basedir/node_modules/@openai/codex/bin/c ...\r\n+     ~~~~~~~~~~~~~~~~~~~~~~~~~~~~~~~~~~~~~~~~~~~~~~~~~~~~~~~~~~~~~~~~~\r\n    + CategoryInfo          : NotSpecified: (Not inside a tr... not specified.:String) [], RemoteException\r\n    + FullyQualifiedErrorId : NativeCommandError"}
{"id":"57715b3d-4374-4855-a797-2bdac49fdba4","target":"desktop","created":"2026-02-06T02:38:34.9567123-05:00","status":"error","summary":"Codex exec failed","details":"exit=1\nnode.exe : Not inside a trusted directory and --skip-git-repo-check was not specified.\r\nAt C:\\nvm4w\\nodejs\\codex.ps1:16 char:5\r\n+     \u0026 \"$basedir/node$exe\"  \"$basedir/node_modules/@openai/codex/bin/c ...\r\n+     ~~~~~~~~~~~~~~~~~~~~~~~~~~~~~~~~~~~~~~~~~~~~~~~~~~~~~~~~~~~~~~~~~\r\n    + CategoryInfo          : NotSpecified: (Not inside a tr... not specified.:String) [], RemoteException\r\n    + FullyQualifiedErrorId : NativeCommandError"}
{"id":"a6315198-eb27-41cb-8433-2c608935e14e","target":"desktop","created":"2026-02-06T02:38:37.6734290-05:00","status":"error","summary":"Codex exec failed","details":"exit=2\nnode.exe : error: unexpected argument \u0027network\u0027 found\r\nAt C:\\nvm4w\\nodejs\\codex.ps1:16 char:5\r\n+     \u0026 \"$basedir/node$exe\"  \"$basedir/node_modules/@openai/codex/bin/c ...\r\n+     ~~~~~~~~~~~~~~~~~~~~~~~~~~~~~~~~~~~~~~~~~~~~~~~~~~~~~~~~~~~~~~~~~\r\n    + CategoryInfo          : NotSpecified: (error: unexpect...\u0027network\u0027 found:String) [], RemoteException\r\n    + FullyQualifiedErrorId : NativeCommandError\r\n \r\n\r\nUsage: codex exec [OPTIONS] [PROMPT] [COMMAND]\r\n\r\nFor more information, try \u0027--help\u0027."}
{"id":"01b81a63-a4a6-4e96-801f-e1f5e7dba93c","target":"desktop","created":"2026-02-06T02:38:40.1736309-05:00","status":"error","summary":"Codex exec failed","details":"exit=2\nnode.exe : error: unexpected argument \u0027network\u0027 found\r\nAt C:\\nvm4w\\nodejs\\codex.ps1:16 char:5\r\n+     \u0026 \"$basedir/node$exe\"  \"$basedir/node_modules/@openai/codex/bin/c ...\r\n+     ~~~~~~~~~~~~~~~~~~~~~~~~~~~~~~~~~~~~~~~~~~~~~~~~~~~~~~~~~~~~~~~~~\r\n    + CategoryInfo          : NotSpecified: (error: unexpect...\u0027network\u0027 found:String) [], RemoteException\r\n    + FullyQualifiedErrorId : NativeCommandError\r\n \r\n\r\nUsage: codex exec [OPTIONS] [PROMPT] [COMMAND]\r\n\r\nFor more information, try \u0027--help\u0027."}
{"id":"65cec834-98f9-4f6a-827b-cfd14461aed3","target":"desktop","created":"2026-02-06T02:38:42.8655507-05:00","status":"error","summary":"Codex exec failed","details":"exit=1\nnode.exe : Not inside a trusted directory and --skip-git-repo-check was not specified.\r\nAt C:\\nvm4w\\nodejs\\codex.ps1:16 char:5\r\n+     \u0026 \"$basedir/node$exe\"  \"$basedir/node_modules/@openai/codex/bin/c ...\r\n+     ~~~~~~~~~~~~~~~~~~~~~~~~~~~~~~~~~~~~~~~~~~~~~~~~~~~~~~~~~~~~~~~~~\r\n    + CategoryInfo          : NotSpecified: (Not inside a tr... not specified.:String) [], RemoteException\r\n    + FullyQualifiedErrorId : NativeCommandError"}
{"id":"9b388067-2ed2-4413-bea9-cd797e9698eb","target":"desktop","created":"2026-02-06T02:38:59.8994988-05:00","status":"error","summary":"Codex exec failed","details":"exit=1\nnode.exe : Not inside a trusted directory and --skip-git-repo-check was not specified.\r\nAt C:\\nvm4w\\nodejs\\codex.ps1:16 char:5\r\n+     \u0026 \"$basedir/node$exe\"  \"$basedir/node_modules/@openai/codex/bin/c ...\r\n+     ~~~~~~~~~~~~~~~~~~~~~~~~~~~~~~~~~~~~~~~~~~~~~~~~~~~~~~~~~~~~~~~~~\r\n    + CategoryInfo          : NotSpecified: (Not inside a tr... not specified.:String) [], RemoteException\r\n    + FullyQualifiedErrorId : NativeCommandError"}
{"id":"f88eacdf-3fd7-482b-8d3f-eb24d7dd9fa4","target":"desktop","created":"2026-02-06T02:39:08.0033971-05:00","status":"error","summary":"Codex exec failed","details":"exit=1\nnode.exe : Not inside a trusted directory and --skip-git-repo-check was not specified.\r\nAt C:\\nvm4w\\nodejs\\codex.ps1:16 char:5\r\n+     \u0026 \"$basedir/node$exe\"  \"$basedir/node_modules/@openai/codex/bin/c ...\r\n+     ~~~~~~~~~~~~~~~~~~~~~~~~~~~~~~~~~~~~~~~~~~~~~~~~~~~~~~~~~~~~~~~~~\r\n    + CategoryInfo          : NotSpecified: (Not inside a tr... not specified.:String) [], RemoteException\r\n    + FullyQualifiedErrorId : NativeCommandError"}
{"id":"15cebaa1-1f10-41ee-825e-45f10f469534","target":"desktop","created":"2026-02-06T02:39:11.5247724-05:00","status":"error","summary":"Codex exec failed","details":"exit=1\nnode.exe : Not inside a trusted directory and --skip-git-repo-check was not specified.\r\nAt C:\\nvm4w\\nodejs\\codex.ps1:16 char:5\r\n+     \u0026 \"$basedir/node$exe\"  \"$basedir/node_modules/@openai/codex/bin/c ...\r\n+     ~~~~~~~~~~~~~~~~~~~~~~~~~~~~~~~~~~~~~~~~~~~~~~~~~~~~~~~~~~~~~~~~~\r\n    + CategoryInfo          : NotSpecified: (Not inside a tr... not specified.:String) [], RemoteException\r\n    + FullyQualifiedErrorId : NativeCommandError"}
{"id":"d18f795d-52c7-4d18-9d9b-f488c8e61823","target":"desktop","created":"2026-02-06T02:39:16.1652502-05:00","status":"error","summary":"Codex exec failed","details":"exit=1\nnode.exe : Not inside a trusted directory and --skip-git-repo-check was not specified.\r\nAt C:\\nvm4w\\nodejs\\codex.ps1:16 char:5\r\n+     \u0026 \"$basedir/node$exe\"  \"$basedir/node_modules/@openai/codex/bin/c ...\r\n+     ~~~~~~~~~~~~~~~~~~~~~~~~~~~~~~~~~~~~~~~~~~~~~~~~~~~~~~~~~~~~~~~~~\r\n    + CategoryInfo          : NotSpecified: (Not inside a tr... not specified.:String) [], RemoteException\r\n    + FullyQualifiedErrorId : NativeCommandError"}
{"id":"25095aaf-5b89-412c-9e50-2b9626aae7e8","target":"desktop","created":"2026-02-06T02:39:18.8222754-05:00","status":"error","summary":"Codex exec failed","details":"exit=2\nnode.exe : error: unexpected argument \u0027-N\u0027 found\r\nAt C:\\nvm4w\\nodejs\\codex.ps1:16 char:5\r\n+     \u0026 \"$basedir/node$exe\"  \"$basedir/node_modules/@openai/codex/bin/c ...\r\n+     ~~~~~~~~~~~~~~~~~~~~~~~~~~~~~~~~~~~~~~~~~~~~~~~~~~~~~~~~~~~~~~~~~\r\n    + CategoryInfo          : NotSpecified: (error: unexpected argument \u0027-N\u0027 found:String) [], RemoteException\r\n    + FullyQualifiedErrorId : NativeCommandError\r\n \r\n\r\n  tip: to pass \u0027-N\u0027 as a value, use \u0027-- -N\u0027\r\n\r\nUsage: codex exec [OPTIONS] [PROMPT] [COMMAND]\r\n\r\nFor more information, try \u0027--help\u0027."}
{"id":"4ec42255-9623-4d8e-aa85-fc1406ce721e","target":"desktop","created":"2026-02-06T02:39:21.1016843-05:00","status":"error","summary":"Codex exec failed","details":"exit=1\nnode.exe : Not inside a trusted directory and --skip-git-repo-check was not specified.\r\nAt C:\\nvm4w\\nodejs\\codex.ps1:16 char:5\r\n+     \u0026 \"$basedir/node$exe\"  \"$basedir/node_modules/@openai/codex/bin/c ...\r\n+     ~~~~~~~~~~~~~~~~~~~~~~~~~~~~~~~~~~~~~~~~~~~~~~~~~~~~~~~~~~~~~~~~~\r\n    + CategoryInfo          : NotSpecified: (Not inside a tr... not specified.:String) [], RemoteException\r\n    + FullyQualifiedErrorId : NativeCommandError"}
{"id":"57715b3d-4374-4855-a797-2bdac49fdba4","target":"desktop","created":"2026-02-06T02:39:23.6211063-05:00","status":"error","summary":"Codex exec failed","details":"exit=1\nnode.exe : Not inside a trusted directory and --skip-git-repo-check was not specified.\r\nAt C:\\nvm4w\\nodejs\\codex.ps1:16 char:5\r\n+     \u0026 \"$basedir/node$exe\"  \"$basedir/node_modules/@openai/codex/bin/c ...\r\n+     ~~~~~~~~~~~~~~~~~~~~~~~~~~~~~~~~~~~~~~~~~~~~~~~~~~~~~~~~~~~~~~~~~\r\n    + CategoryInfo          : NotSpecified: (Not inside a tr... not specified.:String) [], RemoteException\r\n    + FullyQualifiedErrorId : NativeCommandError"}
{"id":"a6315198-eb27-41cb-8433-2c608935e14e","target":"desktop","created":"2026-02-06T02:39:26.6306734-05:00","status":"error","summary":"Codex exec failed","details":"exit=2\nnode.exe : error: unexpected argument \u0027network\u0027 found\r\nAt C:\\nvm4w\\nodejs\\codex.ps1:16 char:5\r\n+     \u0026 \"$basedir/node$exe\"  \"$basedir/node_modules/@openai/codex/bin/c ...\r\n+     ~~~~~~~~~~~~~~~~~~~~~~~~~~~~~~~~~~~~~~~~~~~~~~~~~~~~~~~~~~~~~~~~~\r\n    + CategoryInfo          : NotSpecified: (error: unexpect...\u0027network\u0027 found:String) [], RemoteException\r\n    + FullyQualifiedErrorId : NativeCommandError\r\n \r\n\r\nUsage: codex exec [OPTIONS] [PROMPT] [COMMAND]\r\n\r\nFor more information, try \u0027--help\u0027."}
{"id":"01b81a63-a4a6-4e96-801f-e1f5e7dba93c","target":"desktop","created":"2026-02-06T02:39:28.9128677-05:00","status":"error","summary":"Codex exec failed","details":"exit=2\nnode.exe : error: unexpected argument \u0027network\u0027 found\r\nAt C:\\nvm4w\\nodejs\\codex.ps1:16 char:5\r\n+     \u0026 \"$basedir/node$exe\"  \"$basedir/node_modules/@openai/codex/bin/c ...\r\n+     ~~~~~~~~~~~~~~~~~~~~~~~~~~~~~~~~~~~~~~~~~~~~~~~~~~~~~~~~~~~~~~~~~\r\n    + CategoryInfo          : NotSpecified: (error: unexpect...\u0027network\u0027 found:String) [], RemoteException\r\n    + FullyQualifiedErrorId : NativeCommandError\r\n \r\n\r\nUsage: codex exec [OPTIONS] [PROMPT] [COMMAND]\r\n\r\nFor more information, try \u0027--help\u0027."}
{"id":"e70bed7a-8006-4256-9880-5008be8633ce","target":"desktop","created":"2026-02-06T02:39:31.7632776-05:00","status":"error","summary":"Codex exec failed","details":"exit=1\nnode.exe : Not inside a trusted directory and --skip-git-repo-check was not specified.\r\nAt C:\\nvm4w\\nodejs\\codex.ps1:16 char:5\r\n+     \u0026 \"$basedir/node$exe\"  \"$basedir/node_modules/@openai/codex/bin/c ...\r\n+     ~~~~~~~~~~~~~~~~~~~~~~~~~~~~~~~~~~~~~~~~~~~~~~~~~~~~~~~~~~~~~~~~~\r\n    + CategoryInfo          : NotSpecified: (Not inside a tr... not specified.:String) [], RemoteException\r\n    + FullyQualifiedErrorId : NativeCommandError"}
{"id":"893de58e-6960-46df-9c91-ccf79a0da028","target":"desktop","created":"2026-02-06T02:39:34.1423365-05:00","status":"error","summary":"Codex exec failed","details":"exit=1\nnode.exe : Not inside a trusted directory and --skip-git-repo-check was not specified.\r\nAt C:\\nvm4w\\nodejs\\codex.ps1:16 char:5\r\n+     \u0026 \"$basedir/node$exe\"  \"$basedir/node_modules/@openai/codex/bin/c ...\r\n+     ~~~~~~~~~~~~~~~~~~~~~~~~~~~~~~~~~~~~~~~~~~~~~~~~~~~~~~~~~~~~~~~~~\r\n    + CategoryInfo          : NotSpecified: (Not inside a tr... not specified.:String) [], RemoteException\r\n    + FullyQualifiedErrorId : NativeCommandError"}
{"id":"9b388067-2ed2-4413-bea9-cd797e9698eb","target":"desktop","created":"2026-02-06T02:39:47.2183905-05:00","status":"error","summary":"Codex exec failed","details":"exit=1\nnode.exe : Not inside a trusted directory and --skip-git-repo-check was not specified.\r\nAt C:\\nvm4w\\nodejs\\codex.ps1:16 char:5\r\n+     \u0026 \"$basedir/node$exe\"  \"$basedir/node_modules/@openai/codex/bin/c ...\r\n+     ~~~~~~~~~~~~~~~~~~~~~~~~~~~~~~~~~~~~~~~~~~~~~~~~~~~~~~~~~~~~~~~~~\r\n    + CategoryInfo          : NotSpecified: (Not inside a tr... not specified.:String) [], RemoteException\r\n    + FullyQualifiedErrorId : NativeCommandError"}
{"id":"f88eacdf-3fd7-482b-8d3f-eb24d7dd9fa4","target":"desktop","created":"2026-02-06T02:39:49.4148695-05:00","status":"error","summary":"Codex exec failed","details":"exit=1\nnode.exe : Not inside a trusted directory and --skip-git-repo-check was not specified.\r\nAt C:\\nvm4w\\nodejs\\codex.ps1:16 char:5\r\n+     \u0026 \"$basedir/node$exe\"  \"$basedir/node_modules/@openai/codex/bin/c ...\r\n+     ~~~~~~~~~~~~~~~~~~~~~~~~~~~~~~~~~~~~~~~~~~~~~~~~~~~~~~~~~~~~~~~~~\r\n    + CategoryInfo          : NotSpecified: (Not inside a tr... not specified.:String) [], RemoteException\r\n    + FullyQualifiedErrorId : NativeCommandError"}
{"id":"15cebaa1-1f10-41ee-825e-45f10f469534","target":"desktop","created":"2026-02-06T02:39:51.8985591-05:00","status":"error","summary":"Codex exec failed","details":"exit=1\nnode.exe : Not inside a trusted directory and --skip-git-repo-check was not specified.\r\nAt C:\\nvm4w\\nodejs\\codex.ps1:16 char:5\r\n+     \u0026 \"$basedir/node$exe\"  \"$basedir/node_modules/@openai/codex/bin/c ...\r\n+     ~~~~~~~~~~~~~~~~~~~~~~~~~~~~~~~~~~~~~~~~~~~~~~~~~~~~~~~~~~~~~~~~~\r\n    + CategoryInfo          : NotSpecified: (Not inside a tr... not specified.:String) [], RemoteException\r\n    + FullyQualifiedErrorId : NativeCommandError"}
{"id":"d18f795d-52c7-4d18-9d9b-f488c8e61823","target":"desktop","created":"2026-02-06T02:39:54.8331181-05:00","status":"error","summary":"Codex exec failed","details":"exit=1\nnode.exe : Not inside a trusted directory and --skip-git-repo-check was not specified.\r\nAt C:\\nvm4w\\nodejs\\codex.ps1:16 char:5\r\n+     \u0026 \"$basedir/node$exe\"  \"$basedir/node_modules/@openai/codex/bin/c ...\r\n+     ~~~~~~~~~~~~~~~~~~~~~~~~~~~~~~~~~~~~~~~~~~~~~~~~~~~~~~~~~~~~~~~~~\r\n    + CategoryInfo          : NotSpecified: (Not inside a tr... not specified.:String) [], RemoteException\r\n    + FullyQualifiedErrorId : NativeCommandError"}
{"id":"25095aaf-5b89-412c-9e50-2b9626aae7e8","target":"desktop","created":"2026-02-06T02:39:58.5581749-05:00","status":"error","summary":"Codex exec failed","details":"exit=2\nnode.exe : error: unexpected argument \u0027-N\u0027 found\r\nAt C:\\nvm4w\\nodejs\\codex.ps1:16 char:5\r\n+     \u0026 \"$basedir/node$exe\"  \"$basedir/node_modules/@openai/codex/bin/c ...\r\n+     ~~~~~~~~~~~~~~~~~~~~~~~~~~~~~~~~~~~~~~~~~~~~~~~~~~~~~~~~~~~~~~~~~\r\n    + CategoryInfo          : NotSpecified: (error: unexpected argument \u0027-N\u0027 found:String) [], RemoteException\r\n    + FullyQualifiedErrorId : NativeCommandError\r\n \r\n\r\n  tip: to pass \u0027-N\u0027 as a value, use \u0027-- -N\u0027\r\n\r\nUsage: codex exec [OPTIONS] [PROMPT] [COMMAND]\r\n\r\nFor more information, try \u0027--help\u0027."}
{"id":"4ec42255-9623-4d8e-aa85-fc1406ce721e","target":"desktop","created":"2026-02-06T02:40:05.1986204-05:00","status":"error","summary":"Codex exec failed","details":"exit=1\nnode.exe : Not inside a trusted directory and --skip-git-repo-check was not specified.\r\nAt C:\\nvm4w\\nodejs\\codex.ps1:16 char:5\r\n+     \u0026 \"$basedir/node$exe\"  \"$basedir/node_modules/@openai/codex/bin/c ...\r\n+     ~~~~~~~~~~~~~~~~~~~~~~~~~~~~~~~~~~~~~~~~~~~~~~~~~~~~~~~~~~~~~~~~~\r\n    + CategoryInfo          : NotSpecified: (Not inside a tr... not specified.:String) [], RemoteException\r\n    + FullyQualifiedErrorId : NativeCommandError"}
{"id":"57715b3d-4374-4855-a797-2bdac49fdba4","target":"desktop","created":"2026-02-06T02:40:09.1747301-05:00","status":"error","summary":"Codex exec failed","details":"exit=1\nnode.exe : Not inside a trusted directory and --skip-git-repo-check was not specified.\r\nAt C:\\nvm4w\\nodejs\\codex.ps1:16 char:5\r\n+     \u0026 \"$basedir/node$exe\"  \"$basedir/node_modules/@openai/codex/bin/c ...\r\n+     ~~~~~~~~~~~~~~~~~~~~~~~~~~~~~~~~~~~~~~~~~~~~~~~~~~~~~~~~~~~~~~~~~\r\n    + CategoryInfo          : NotSpecified: (Not inside a tr... not specified.:String) [], RemoteException\r\n    + FullyQualifiedErrorId : NativeCommandError"}
{"id":"a6315198-eb27-41cb-8433-2c608935e14e","target":"desktop","created":"2026-02-06T02:40:12.2822901-05:00","status":"error","summary":"Codex exec failed","details":"exit=2\nnode.exe : error: unexpected argument \u0027network\u0027 found\r\nAt C:\\nvm4w\\nodejs\\codex.ps1:16 char:5\r\n+     \u0026 \"$basedir/node$exe\"  \"$basedir/node_modules/@openai/codex/bin/c ...\r\n+     ~~~~~~~~~~~~~~~~~~~~~~~~~~~~~~~~~~~~~~~~~~~~~~~~~~~~~~~~~~~~~~~~~\r\n    + CategoryInfo          : NotSpecified: (error: unexpect...\u0027network\u0027 found:String) [], RemoteException\r\n    + FullyQualifiedErrorId : NativeCommandError\r\n \r\n\r\nUsage: codex exec [OPTIONS] [PROMPT] [COMMAND]\r\n\r\nFor more information, try \u0027--help\u0027."}
{"id":"01b81a63-a4a6-4e96-801f-e1f5e7dba93c","target":"desktop","created":"2026-02-06T02:40:14.7128626-05:00","status":"error","summary":"Codex exec failed","details":"exit=2\nnode.exe : error: unexpected argument \u0027network\u0027 found\r\nAt C:\\nvm4w\\nodejs\\codex.ps1:16 char:5\r\n+     \u0026 \"$basedir/node$exe\"  \"$basedir/node_modules/@openai/codex/bin/c ...\r\n+     ~~~~~~~~~~~~~~~~~~~~~~~~~~~~~~~~~~~~~~~~~~~~~~~~~~~~~~~~~~~~~~~~~\r\n    + CategoryInfo          : NotSpecified: (error: unexpect...\u0027network\u0027 found:String) [], RemoteException\r\n    + FullyQualifiedErrorId : NativeCommandError\r\n \r\n\r\nUsage: codex exec [OPTIONS] [PROMPT] [COMMAND]\r\n\r\nFor more information, try \u0027--help\u0027."}
{"id":"e70bed7a-8006-4256-9880-5008be8633ce","target":"desktop","created":"2026-02-06T02:40:17.0296406-05:00","status":"error","summary":"Codex exec failed","details":"exit=1\nnode.exe : Not inside a trusted directory and --skip-git-repo-check was not specified.\r\nAt C:\\nvm4w\\nodejs\\codex.ps1:16 char:5\r\n+     \u0026 \"$basedir/node$exe\"  \"$basedir/node_modules/@openai/codex/bin/c ...\r\n+     ~~~~~~~~~~~~~~~~~~~~~~~~~~~~~~~~~~~~~~~~~~~~~~~~~~~~~~~~~~~~~~~~~\r\n    + CategoryInfo          : NotSpecified: (Not inside a tr... not specified.:String) [], RemoteException\r\n    + FullyQualifiedErrorId : NativeCommandError"}
{"id":"65cec834-98f9-4f6a-827b-cfd14461aed3","target":"desktop","created":"2026-02-06T02:40:19.5299511-05:00","status":"error","summary":"Codex exec failed","details":"exit=1\nnode.exe : Not inside a trusted directory and --skip-git-repo-check was not specified.\r\nAt C:\\nvm4w\\nodejs\\codex.ps1:16 char:5\r\n+     \u0026 \"$basedir/node$exe\"  \"$basedir/node_modules/@openai/codex/bin/c ...\r\n+     ~~~~~~~~~~~~~~~~~~~~~~~~~~~~~~~~~~~~~~~~~~~~~~~~~~~~~~~~~~~~~~~~~\r\n    + CategoryInfo          : NotSpecified: (Not inside a tr... not specified.:String) [], RemoteException\r\n    + FullyQualifiedErrorId : NativeCommandError"}
{"id":"f0162769-dfc3-40ce-8b88-260452a253a7","target":"desktop","created":"2026-02-06T02:40:22.9929226-05:00","status":"error","summary":"Codex exec failed","details":"exit=1\nnode.exe : Not inside a trusted directory and --skip-git-repo-check was not specified.\r\nAt C:\\nvm4w\\nodejs\\codex.ps1:16 char:5\r\n+     \u0026 \"$basedir/node$exe\"  \"$basedir/node_modules/@openai/codex/bin/c ...\r\n+     ~~~~~~~~~~~~~~~~~~~~~~~~~~~~~~~~~~~~~~~~~~~~~~~~~~~~~~~~~~~~~~~~~\r\n    + CategoryInfo          : NotSpecified: (Not inside a tr... not specified.:String) [], RemoteException\r\n    + FullyQualifiedErrorId : NativeCommandError"}
{"id":"9b388067-2ed2-4413-bea9-cd797e9698eb","target":"desktop","created":"2026-02-06T02:40:36.5670567-05:00","status":"error","summary":"Codex exec failed","details":"exit=1\nnode.exe : Not inside a trusted directory and --skip-git-repo-check was not specified.\r\nAt C:\\nvm4w\\nodejs\\codex.ps1:16 char:5\r\n+     \u0026 \"$basedir/node$exe\"  \"$basedir/node_modules/@openai/codex/bin/c ...\r\n+     ~~~~~~~~~~~~~~~~~~~~~~~~~~~~~~~~~~~~~~~~~~~~~~~~~~~~~~~~~~~~~~~~~\r\n    + CategoryInfo          : NotSpecified: (Not inside a tr... not specified.:String) [], RemoteException\r\n    + FullyQualifiedErrorId : NativeCommandError"}
{"id":"f88eacdf-3fd7-482b-8d3f-eb24d7dd9fa4","target":"desktop","created":"2026-02-06T02:40:39.2313186-05:00","status":"error","summary":"Codex exec failed","details":"exit=1\nnode.exe : Not inside a trusted directory and --skip-git-repo-check was not specified.\r\nAt C:\\nvm4w\\nodejs\\codex.ps1:16 char:5\r\n+     \u0026 \"$basedir/node$exe\"  \"$basedir/node_modules/@openai/codex/bin/c ...\r\n+     ~~~~~~~~~~~~~~~~~~~~~~~~~~~~~~~~~~~~~~~~~~~~~~~~~~~~~~~~~~~~~~~~~\r\n    + CategoryInfo          : NotSpecified: (Not inside a tr... not specified.:String) [], RemoteException\r\n    + FullyQualifiedErrorId : NativeCommandError"}
{"id":"15cebaa1-1f10-41ee-825e-45f10f469534","target":"desktop","created":"2026-02-06T02:40:41.5773070-05:00","status":"error","summary":"Codex exec failed","details":"exit=1\nnode.exe : Not inside a trusted directory and --skip-git-repo-check was not specified.\r\nAt C:\\nvm4w\\nodejs\\codex.ps1:16 char:5\r\n+     \u0026 \"$basedir/node$exe\"  \"$basedir/node_modules/@openai/codex/bin/c ...\r\n+     ~~~~~~~~~~~~~~~~~~~~~~~~~~~~~~~~~~~~~~~~~~~~~~~~~~~~~~~~~~~~~~~~~\r\n    + CategoryInfo          : NotSpecified: (Not inside a tr... not specified.:String) [], RemoteException\r\n    + FullyQualifiedErrorId : NativeCommandError"}
{"id":"d18f795d-52c7-4d18-9d9b-f488c8e61823","target":"desktop","created":"2026-02-06T02:40:44.0239435-05:00","status":"error","summary":"Codex exec failed","details":"exit=1\nnode.exe : Not inside a trusted directory and --skip-git-repo-check was not specified.\r\nAt C:\\nvm4w\\nodejs\\codex.ps1:16 char:5\r\n+     \u0026 \"$basedir/node$exe\"  \"$basedir/node_modules/@openai/codex/bin/c ...\r\n+     ~~~~~~~~~~~~~~~~~~~~~~~~~~~~~~~~~~~~~~~~~~~~~~~~~~~~~~~~~~~~~~~~~\r\n    + CategoryInfo          : NotSpecified: (Not inside a tr... not specified.:String) [], RemoteException\r\n    + FullyQualifiedErrorId : NativeCommandError"}
{"id":"25095aaf-5b89-412c-9e50-2b9626aae7e8","target":"desktop","created":"2026-02-06T02:40:46.8131176-05:00","status":"error","summary":"Codex exec failed","details":"exit=2\nnode.exe : error: unexpected argument \u0027-N\u0027 found\r\nAt C:\\nvm4w\\nodejs\\codex.ps1:16 char:5\r\n+     \u0026 \"$basedir/node$exe\"  \"$basedir/node_modules/@openai/codex/bin/c ...\r\n+     ~~~~~~~~~~~~~~~~~~~~~~~~~~~~~~~~~~~~~~~~~~~~~~~~~~~~~~~~~~~~~~~~~\r\n    + CategoryInfo          : NotSpecified: (error: unexpected argument \u0027-N\u0027 found:String) [], RemoteException\r\n    + FullyQualifiedErrorId : NativeCommandError\r\n \r\n\r\n  tip: to pass \u0027-N\u0027 as a value, use \u0027-- -N\u0027\r\n\r\nUsage: codex exec [OPTIONS] [PROMPT] [COMMAND]\r\n\r\nFor more information, try \u0027--help\u0027."}
{"id":"4ec42255-9623-4d8e-aa85-fc1406ce721e","target":"desktop","created":"2026-02-06T02:40:50.2968947-05:00","status":"error","summary":"Codex exec failed","details":"exit=1\nnode.exe : Not inside a trusted directory and --skip-git-repo-check was not specified.\r\nAt C:\\nvm4w\\nodejs\\codex.ps1:16 char:5\r\n+     \u0026 \"$basedir/node$exe\"  \"$basedir/node_modules/@openai/codex/bin/c ...\r\n+     ~~~~~~~~~~~~~~~~~~~~~~~~~~~~~~~~~~~~~~~~~~~~~~~~~~~~~~~~~~~~~~~~~\r\n    + CategoryInfo          : NotSpecified: (Not inside a tr... not specified.:String) [], RemoteException\r\n    + FullyQualifiedErrorId : NativeCommandError"}
{"id":"57715b3d-4374-4855-a797-2bdac49fdba4","target":"desktop","created":"2026-02-06T02:40:54.2036632-05:00","status":"error","summary":"Codex exec failed","details":"exit=1\nnode.exe : Not inside a trusted directory and --skip-git-repo-check was not specified.\r\nAt C:\\nvm4w\\nodejs\\codex.ps1:16 char:5\r\n+     \u0026 \"$basedir/node$exe\"  \"$basedir/node_modules/@openai/codex/bin/c ...\r\n+     ~~~~~~~~~~~~~~~~~~~~~~~~~~~~~~~~~~~~~~~~~~~~~~~~~~~~~~~~~~~~~~~~~\r\n    + CategoryInfo          : NotSpecified: (Not inside a tr... not specified.:String) [], RemoteException\r\n    + FullyQualifiedErrorId : NativeCommandError"}
{"id":"a6315198-eb27-41cb-8433-2c608935e14e","target":"desktop","created":"2026-02-06T02:40:57.6840858-05:00","status":"error","summary":"Codex exec failed","details":"exit=2\nnode.exe : error: unexpected argument \u0027network\u0027 found\r\nAt C:\\nvm4w\\nodejs\\codex.ps1:16 char:5\r\n+     \u0026 \"$basedir/node$exe\"  \"$basedir/node_modules/@openai/codex/bin/c ...\r\n+     ~~~~~~~~~~~~~~~~~~~~~~~~~~~~~~~~~~~~~~~~~~~~~~~~~~~~~~~~~~~~~~~~~\r\n    + CategoryInfo          : NotSpecified: (error: unexpect...\u0027network\u0027 found:String) [], RemoteException\r\n    + FullyQualifiedErrorId : NativeCommandError\r\n \r\n\r\nUsage: codex exec [OPTIONS] [PROMPT] [COMMAND]\r\n\r\nFor more information, try \u0027--help\u0027."}
{"id":"01b81a63-a4a6-4e96-801f-e1f5e7dba93c","target":"desktop","created":"2026-02-06T02:41:00.7733000-05:00","status":"error","summary":"Codex exec failed","details":"exit=2\nnode.exe : error: unexpected argument \u0027network\u0027 found\r\nAt C:\\nvm4w\\nodejs\\codex.ps1:16 char:5\r\n+     \u0026 \"$basedir/node$exe\"  \"$basedir/node_modules/@openai/codex/bin/c ...\r\n+     ~~~~~~~~~~~~~~~~~~~~~~~~~~~~~~~~~~~~~~~~~~~~~~~~~~~~~~~~~~~~~~~~~\r\n    + CategoryInfo          : NotSpecified: (error: unexpect...\u0027network\u0027 found:String) [], RemoteException\r\n    + FullyQualifiedErrorId : NativeCommandError\r\n \r\n\r\nUsage: codex exec [OPTIONS] [PROMPT] [COMMAND]\r\n\r\nFor more information, try \u0027--help\u0027."}
{"id":"e70bed7a-8006-4256-9880-5008be8633ce","target":"desktop","created":"2026-02-06T02:41:04.4322477-05:00","status":"error","summary":"Codex exec failed","details":"exit=1\nnode.exe : Not inside a trusted directory and --skip-git-repo-check was not specified.\r\nAt C:\\nvm4w\\nodejs\\codex.ps1:16 char:5\r\n+     \u0026 \"$basedir/node$exe\"  \"$basedir/node_modules/@openai/codex/bin/c ...\r\n+     ~~~~~~~~~~~~~~~~~~~~~~~~~~~~~~~~~~~~~~~~~~~~~~~~~~~~~~~~~~~~~~~~~\r\n    + CategoryInfo          : NotSpecified: (Not inside a tr... not specified.:String) [], RemoteException\r\n    + FullyQualifiedErrorId : NativeCommandError"}
{"id":"65cec834-98f9-4f6a-827b-cfd14461aed3","target":"desktop","created":"2026-02-06T02:41:07.8491129-05:00","status":"error","summary":"Codex exec failed","details":"exit=1\nnode.exe : Not inside a trusted directory and --skip-git-repo-check was not specified.\r\nAt C:\\nvm4w\\nodejs\\codex.ps1:16 char:5\r\n+     \u0026 \"$basedir/node$exe\"  \"$basedir/node_modules/@openai/codex/bin/c ...\r\n+     ~~~~~~~~~~~~~~~~~~~~~~~~~~~~~~~~~~~~~~~~~~~~~~~~~~~~~~~~~~~~~~~~~\r\n    + CategoryInfo          : NotSpecified: (Not inside a tr... not specified.:String) [], RemoteException\r\n    + FullyQualifiedErrorId : NativeCommandError"}
{"id":"893de58e-6960-46df-9c91-ccf79a0da028","target":"desktop","created":"2026-02-06T02:41:11.0475684-05:00","status":"error","summary":"Codex exec failed","details":"exit=1\nnode.exe : Not inside a trusted directory and --skip-git-repo-check was not specified.\r\nAt C:\\nvm4w\\nodejs\\codex.ps1:16 char:5\r\n+     \u0026 \"$basedir/node$exe\"  \"$basedir/node_modules/@openai/codex/bin/c ...\r\n+     ~~~~~~~~~~~~~~~~~~~~~~~~~~~~~~~~~~~~~~~~~~~~~~~~~~~~~~~~~~~~~~~~~\r\n    + CategoryInfo          : NotSpecified: (Not inside a tr... not specified.:String) [], RemoteException\r\n    + FullyQualifiedErrorId : NativeCommandError"}
{"id":"9b388067-2ed2-4413-bea9-cd797e9698eb","target":"desktop","created":"2026-02-06T02:41:24.8024081-05:00","status":"error","summary":"Codex exec failed","details":"exit=1\nnode.exe : Not inside a trusted directory and --skip-git-repo-check was not specified.\r\nAt C:\\nvm4w\\nodejs\\codex.ps1:16 char:5\r\n+     \u0026 \"$basedir/node$exe\"  \"$basedir/node_modules/@openai/codex/bin/c ...\r\n+     ~~~~~~~~~~~~~~~~~~~~~~~~~~~~~~~~~~~~~~~~~~~~~~~~~~~~~~~~~~~~~~~~~\r\n    + CategoryInfo          : NotSpecified: (Not inside a tr... not specified.:String) [], RemoteException\r\n    + FullyQualifiedErrorId : NativeCommandError"}
{"id":"f88eacdf-3fd7-482b-8d3f-eb24d7dd9fa4","target":"desktop","created":"2026-02-06T02:41:28.7592091-05:00","status":"error","summary":"Codex exec failed","details":"exit=1\nnode.exe : Not inside a trusted directory and --skip-git-repo-check was not specified.\r\nAt C:\\nvm4w\\nodejs\\codex.ps1:16 char:5\r\n+     \u0026 \"$basedir/node$exe\"  \"$basedir/node_modules/@openai/codex/bin/c ...\r\n+     ~~~~~~~~~~~~~~~~~~~~~~~~~~~~~~~~~~~~~~~~~~~~~~~~~~~~~~~~~~~~~~~~~\r\n    + CategoryInfo          : NotSpecified: (Not inside a tr... not specified.:String) [], RemoteException\r\n    + FullyQualifiedErrorId : NativeCommandError"}
{"id":"15cebaa1-1f10-41ee-825e-45f10f469534","target":"desktop","created":"2026-02-06T02:41:32.8452935-05:00","status":"error","summary":"Codex exec failed","details":"exit=1\nnode.exe : Not inside a trusted directory and --skip-git-repo-check was not specified.\r\nAt C:\\nvm4w\\nodejs\\codex.ps1:16 char:5\r\n+     \u0026 \"$basedir/node$exe\"  \"$basedir/node_modules/@openai/codex/bin/c ...\r\n+     ~~~~~~~~~~~~~~~~~~~~~~~~~~~~~~~~~~~~~~~~~~~~~~~~~~~~~~~~~~~~~~~~~\r\n    + CategoryInfo          : NotSpecified: (Not inside a tr... not specified.:String) [], RemoteException\r\n    + FullyQualifiedErrorId : NativeCommandError"}
{"id":"d18f795d-52c7-4d18-9d9b-f488c8e61823","target":"desktop","created":"2026-02-06T02:41:41.1911529-05:00","status":"error","summary":"Codex exec failed","details":"exit=1\nnode.exe : Not inside a trusted directory and --skip-git-repo-check was not specified.\r\nAt C:\\nvm4w\\nodejs\\codex.ps1:16 char:5\r\n+     \u0026 \"$basedir/node$exe\"  \"$basedir/node_modules/@openai/codex/bin/c ...\r\n+     ~~~~~~~~~~~~~~~~~~~~~~~~~~~~~~~~~~~~~~~~~~~~~~~~~~~~~~~~~~~~~~~~~\r\n    + CategoryInfo          : NotSpecified: (Not inside a tr... not specified.:String) [], RemoteException\r\n    + FullyQualifiedErrorId : NativeCommandError"}
{"id":"25095aaf-5b89-412c-9e50-2b9626aae7e8","target":"desktop","created":"2026-02-06T02:41:48.3696159-05:00","status":"error","summary":"Codex exec failed","details":"exit=2\nnode.exe : error: unexpected argument \u0027-N\u0027 found\r\nAt C:\\nvm4w\\nodejs\\codex.ps1:16 char:5\r\n+     \u0026 \"$basedir/node$exe\"  \"$basedir/node_modules/@openai/codex/bin/c ...\r\n+     ~~~~~~~~~~~~~~~~~~~~~~~~~~~~~~~~~~~~~~~~~~~~~~~~~~~~~~~~~~~~~~~~~\r\n    + CategoryInfo          : NotSpecified: (error: unexpected argument \u0027-N\u0027 found:String) [], RemoteException\r\n    + FullyQualifiedErrorId : NativeCommandError\r\n \r\n\r\n  tip: to pass \u0027-N\u0027 as a value, use \u0027-- -N\u0027\r\n\r\nUsage: codex exec [OPTIONS] [PROMPT] [COMMAND]\r\n\r\nFor more information, try \u0027--help\u0027."}
{"id":"4ec42255-9623-4d8e-aa85-fc1406ce721e","target":"desktop","created":"2026-02-06T02:41:53.8745780-05:00","status":"error","summary":"Codex exec failed","details":"exit=1\nnode.exe : Not inside a trusted directory and --skip-git-repo-check was not specified.\r\nAt C:\\nvm4w\\nodejs\\codex.ps1:16 char:5\r\n+     \u0026 \"$basedir/node$exe\"  \"$basedir/node_modules/@openai/codex/bin/c ...\r\n+     ~~~~~~~~~~~~~~~~~~~~~~~~~~~~~~~~~~~~~~~~~~~~~~~~~~~~~~~~~~~~~~~~~\r\n    + CategoryInfo          : NotSpecified: (Not inside a tr... not specified.:String) [], RemoteException\r\n    + FullyQualifiedErrorId : NativeCommandError"}
{"id":"57715b3d-4374-4855-a797-2bdac49fdba4","target":"desktop","created":"2026-02-06T02:42:01.9290760-05:00","status":"error","summary":"Codex exec failed","details":"exit=1\nnode.exe : Not inside a trusted directory and --skip-git-repo-check was not specified.\r\nAt C:\\nvm4w\\nodejs\\codex.ps1:16 char:5\r\n+     \u0026 \"$basedir/node$exe\"  \"$basedir/node_modules/@openai/codex/bin/c ...\r\n+     ~~~~~~~~~~~~~~~~~~~~~~~~~~~~~~~~~~~~~~~~~~~~~~~~~~~~~~~~~~~~~~~~~\r\n    + CategoryInfo          : NotSpecified: (Not inside a tr... not specified.:String) [], RemoteException\r\n    + FullyQualifiedErrorId : NativeCommandError"}
{"id":"a6315198-eb27-41cb-8433-2c608935e14e","target":"desktop","created":"2026-02-06T02:42:10.0333170-05:00","status":"error","summary":"Codex exec failed","details":"exit=2\nnode.exe : error: unexpected argument \u0027network\u0027 found\r\nAt C:\\nvm4w\\nodejs\\codex.ps1:16 char:5\r\n+     \u0026 \"$basedir/node$exe\"  \"$basedir/node_modules/@openai/codex/bin/c ...\r\n+     ~~~~~~~~~~~~~~~~~~~~~~~~~~~~~~~~~~~~~~~~~~~~~~~~~~~~~~~~~~~~~~~~~\r\n    + CategoryInfo          : NotSpecified: (error: unexpect...\u0027network\u0027 found:String) [], RemoteException\r\n    + FullyQualifiedErrorId : NativeCommandError\r\n \r\n\r\nUsage: codex exec [OPTIONS] [PROMPT] [COMMAND]\r\n\r\nFor more information, try \u0027--help\u0027."}
{"id":"01b81a63-a4a6-4e96-801f-e1f5e7dba93c","target":"desktop","created":"2026-02-06T02:42:21.4938603-05:00","status":"error","summary":"Codex exec failed","details":"exit=2\nnode.exe : error: unexpected argument \u0027network\u0027 found\r\nAt C:\\nvm4w\\nodejs\\codex.ps1:16 char:5\r\n+     \u0026 \"$basedir/node$exe\"  \"$basedir/node_modules/@openai/codex/bin/c ...\r\n+     ~~~~~~~~~~~~~~~~~~~~~~~~~~~~~~~~~~~~~~~~~~~~~~~~~~~~~~~~~~~~~~~~~\r\n    + CategoryInfo          : NotSpecified: (error: unexpect...\u0027network\u0027 found:String) [], RemoteException\r\n    + FullyQualifiedErrorId : NativeCommandError\r\n \r\n\r\nUsage: codex exec [OPTIONS] [PROMPT] [COMMAND]\r\n\r\nFor more information, try \u0027--help\u0027."}
{"id":"e70bed7a-8006-4256-9880-5008be8633ce","target":"desktop","created":"2026-02-06T02:42:26.8506823-05:00","status":"error","summary":"Codex exec failed","details":"exit=1\nnode.exe : Not inside a trusted directory and --skip-git-repo-check was not specified.\r\nAt C:\\nvm4w\\nodejs\\codex.ps1:16 char:5\r\n+     \u0026 \"$basedir/node$exe\"  \"$basedir/node_modules/@openai/codex/bin/c ...\r\n+     ~~~~~~~~~~~~~~~~~~~~~~~~~~~~~~~~~~~~~~~~~~~~~~~~~~~~~~~~~~~~~~~~~\r\n    + CategoryInfo          : NotSpecified: (Not inside a tr... not specified.:String) [], RemoteException\r\n    + FullyQualifiedErrorId : NativeCommandError"}
{"id":"65cec834-98f9-4f6a-827b-cfd14461aed3","target":"desktop","created":"2026-02-06T02:42:30.1260768-05:00","status":"error","summary":"Codex exec failed","details":"exit=1\nnode.exe : Not inside a trusted directory and --skip-git-repo-check was not specified.\r\nAt C:\\nvm4w\\nodejs\\codex.ps1:16 char:5\r\n+     \u0026 \"$basedir/node$exe\"  \"$basedir/node_modules/@openai/codex/bin/c ...\r\n+     ~~~~~~~~~~~~~~~~~~~~~~~~~~~~~~~~~~~~~~~~~~~~~~~~~~~~~~~~~~~~~~~~~\r\n    + CategoryInfo          : NotSpecified: (Not inside a tr... not specified.:String) [], RemoteException\r\n    + FullyQualifiedErrorId : NativeCommandError"}
{"id":"f0162769-dfc3-40ce-8b88-260452a253a7","target":"desktop","created":"2026-02-06T02:42:33.2704408-05:00","status":"error","summary":"Codex exec failed","details":"exit=1\nnode.exe : Not inside a trusted directory and --skip-git-repo-check was not specified.\r\nAt C:\\nvm4w\\nodejs\\codex.ps1:16 char:5\r\n+     \u0026 \"$basedir/node$exe\"  \"$basedir/node_modules/@openai/codex/bin/c ...\r\n+     ~~~~~~~~~~~~~~~~~~~~~~~~~~~~~~~~~~~~~~~~~~~~~~~~~~~~~~~~~~~~~~~~~\r\n    + CategoryInfo          : NotSpecified: (Not inside a tr... not specified.:String) [], RemoteException\r\n    + FullyQualifiedErrorId : NativeCommandError"}
{"id":"9b388067-2ed2-4413-bea9-cd797e9698eb","target":"desktop","created":"2026-02-06T02:42:47.4750156-05:00","status":"error","summary":"Codex exec failed","details":"exit=1\nnode.exe : Not inside a trusted directory and --skip-git-repo-check was not specified.\r\nAt C:\\nvm4w\\nodejs\\codex.ps1:16 char:5\r\n+     \u0026 \"$basedir/node$exe\"  \"$basedir/node_modules/@openai/codex/bin/c ...\r\n+     ~~~~~~~~~~~~~~~~~~~~~~~~~~~~~~~~~~~~~~~~~~~~~~~~~~~~~~~~~~~~~~~~~\r\n    + CategoryInfo          : NotSpecified: (Not inside a tr... not specified.:String) [], RemoteException\r\n    + FullyQualifiedErrorId : NativeCommandError"}
{"id":"f88eacdf-3fd7-482b-8d3f-eb24d7dd9fa4","target":"desktop","created":"2026-02-06T02:42:54.3266908-05:00","status":"error","summary":"Codex exec failed","details":"exit=1\nnode.exe : Not inside a trusted directory and --skip-git-repo-check was not specified.\r\nAt C:\\nvm4w\\nodejs\\codex.ps1:16 char:5\r\n+     \u0026 \"$basedir/node$exe\"  \"$basedir/node_modules/@openai/codex/bin/c ...\r\n+     ~~~~~~~~~~~~~~~~~~~~~~~~~~~~~~~~~~~~~~~~~~~~~~~~~~~~~~~~~~~~~~~~~\r\n    + CategoryInfo          : NotSpecified: (Not inside a tr... not specified.:String) [], RemoteException\r\n    + FullyQualifiedErrorId : NativeCommandError"}
{"id":"15cebaa1-1f10-41ee-825e-45f10f469534","target":"desktop","created":"2026-02-06T02:42:58.6971059-05:00","status":"error","summary":"Codex exec failed","details":"exit=1\nnode.exe : Not inside a trusted directory and --skip-git-repo-check was not specified.\r\nAt C:\\nvm4w\\nodejs\\codex.ps1:16 char:5\r\n+     \u0026 \"$basedir/node$exe\"  \"$basedir/node_modules/@openai/codex/bin/c ...\r\n+     ~~~~~~~~~~~~~~~~~~~~~~~~~~~~~~~~~~~~~~~~~~~~~~~~~~~~~~~~~~~~~~~~~\r\n    + CategoryInfo          : NotSpecified: (Not inside a tr... not specified.:String) [], RemoteException\r\n    + FullyQualifiedErrorId : NativeCommandError"}
{"id":"d18f795d-52c7-4d18-9d9b-f488c8e61823","target":"desktop","created":"2026-02-06T02:43:08.2999238-05:00","status":"error","summary":"Codex exec failed","details":"exit=1\nnode.exe : Not inside a trusted directory and --skip-git-repo-check was not specified.\r\nAt C:\\nvm4w\\nodejs\\codex.ps1:16 char:5\r\n+     \u0026 \"$basedir/node$exe\"  \"$basedir/node_modules/@openai/codex/bin/c ...\r\n+     ~~~~~~~~~~~~~~~~~~~~~~~~~~~~~~~~~~~~~~~~~~~~~~~~~~~~~~~~~~~~~~~~~\r\n    + CategoryInfo          : NotSpecified: (Not inside a tr... not specified.:String) [], RemoteException\r\n    + FullyQualifiedErrorId : NativeCommandError"}
{"id":"25095aaf-5b89-412c-9e50-2b9626aae7e8","target":"desktop","created":"2026-02-06T02:43:12.2513207-05:00","status":"error","summary":"Codex exec failed","details":"exit=2\nnode.exe : error: unexpected argument \u0027-N\u0027 found\r\nAt C:\\nvm4w\\nodejs\\codex.ps1:16 char:5\r\n+     \u0026 \"$basedir/node$exe\"  \"$basedir/node_modules/@openai/codex/bin/c ...\r\n+     ~~~~~~~~~~~~~~~~~~~~~~~~~~~~~~~~~~~~~~~~~~~~~~~~~~~~~~~~~~~~~~~~~\r\n    + CategoryInfo          : NotSpecified: (error: unexpected argument \u0027-N\u0027 found:String) [], RemoteException\r\n    + FullyQualifiedErrorId : NativeCommandError\r\n \r\n\r\n  tip: to pass \u0027-N\u0027 as a value, use \u0027-- -N\u0027\r\n\r\nUsage: codex exec [OPTIONS] [PROMPT] [COMMAND]\r\n\r\nFor more information, try \u0027--help\u0027."}
{"id":"4ec42255-9623-4d8e-aa85-fc1406ce721e","target":"desktop","created":"2026-02-06T02:43:15.3019834-05:00","status":"error","summary":"Codex exec failed","details":"exit=1\nnode.exe : Not inside a trusted directory and --skip-git-repo-check was not specified.\r\nAt C:\\nvm4w\\nodejs\\codex.ps1:16 char:5\r\n+     \u0026 \"$basedir/node$exe\"  \"$basedir/node_modules/@openai/codex/bin/c ...\r\n+     ~~~~~~~~~~~~~~~~~~~~~~~~~~~~~~~~~~~~~~~~~~~~~~~~~~~~~~~~~~~~~~~~~\r\n    + CategoryInfo          : NotSpecified: (Not inside a tr... not specified.:String) [], RemoteException\r\n    + FullyQualifiedErrorId : NativeCommandError"}
{"id":"57715b3d-4374-4855-a797-2bdac49fdba4","target":"desktop","created":"2026-02-06T02:43:18.8079432-05:00","status":"error","summary":"Codex exec failed","details":"exit=1\nnode.exe : Not inside a trusted directory and --skip-git-repo-check was not specified.\r\nAt C:\\nvm4w\\nodejs\\codex.ps1:16 char:5\r\n+     \u0026 \"$basedir/node$exe\"  \"$basedir/node_modules/@openai/codex/bin/c ...\r\n+     ~~~~~~~~~~~~~~~~~~~~~~~~~~~~~~~~~~~~~~~~~~~~~~~~~~~~~~~~~~~~~~~~~\r\n    + CategoryInfo          : NotSpecified: (Not inside a tr... not specified.:String) [], RemoteException\r\n    + FullyQualifiedErrorId : NativeCommandError"}
{"id":"a6315198-eb27-41cb-8433-2c608935e14e","target":"desktop","created":"2026-02-06T02:43:22.1819231-05:00","status":"error","summary":"Codex exec failed","details":"exit=2\nnode.exe : error: unexpected argument \u0027network\u0027 found\r\nAt C:\\nvm4w\\nodejs\\codex.ps1:16 char:5\r\n+     \u0026 \"$basedir/node$exe\"  \"$basedir/node_modules/@openai/codex/bin/c ...\r\n+     ~~~~~~~~~~~~~~~~~~~~~~~~~~~~~~~~~~~~~~~~~~~~~~~~~~~~~~~~~~~~~~~~~\r\n    + CategoryInfo          : NotSpecified: (error: unexpect...\u0027network\u0027 found:String) [], RemoteException\r\n    + FullyQualifiedErrorId : NativeCommandError\r\n \r\n\r\nUsage: codex exec [OPTIONS] [PROMPT] [COMMAND]\r\n\r\nFor more information, try \u0027--help\u0027."}
{"id":"01b81a63-a4a6-4e96-801f-e1f5e7dba93c","target":"desktop","created":"2026-02-06T02:43:25.3922035-05:00","status":"error","summary":"Codex exec failed","details":"exit=2\nnode.exe : error: unexpected argument \u0027network\u0027 found\r\nAt C:\\nvm4w\\nodejs\\codex.ps1:16 char:5\r\n+     \u0026 \"$basedir/node$exe\"  \"$basedir/node_modules/@openai/codex/bin/c ...\r\n+     ~~~~~~~~~~~~~~~~~~~~~~~~~~~~~~~~~~~~~~~~~~~~~~~~~~~~~~~~~~~~~~~~~\r\n    + CategoryInfo          : NotSpecified: (error: unexpect...\u0027network\u0027 found:String) [], RemoteException\r\n    + FullyQualifiedErrorId : NativeCommandError\r\n \r\n\r\nUsage: codex exec [OPTIONS] [PROMPT] [COMMAND]\r\n\r\nFor more information, try \u0027--help\u0027."}
{"id":"e70bed7a-8006-4256-9880-5008be8633ce","target":"desktop","created":"2026-02-06T02:43:29.7422785-05:00","status":"error","summary":"Codex exec failed","details":"exit=1\nnode.exe : Not inside a trusted directory and --skip-git-repo-check was not specified.\r\nAt C:\\nvm4w\\nodejs\\codex.ps1:16 char:5\r\n+     \u0026 \"$basedir/node$exe\"  \"$basedir/node_modules/@openai/codex/bin/c ...\r\n+     ~~~~~~~~~~~~~~~~~~~~~~~~~~~~~~~~~~~~~~~~~~~~~~~~~~~~~~~~~~~~~~~~~\r\n    + CategoryInfo          : NotSpecified: (Not inside a tr... not specified.:String) [], RemoteException\r\n    + FullyQualifiedErrorId : NativeCommandError"}
{"id":"65cec834-98f9-4f6a-827b-cfd14461aed3","target":"desktop","created":"2026-02-06T02:43:33.4775785-05:00","status":"error","summary":"Codex exec failed","details":"exit=1\nnode.exe : Not inside a trusted directory and --skip-git-repo-check was not specified.\r\nAt C:\\nvm4w\\nodejs\\codex.ps1:16 char:5\r\n+     \u0026 \"$basedir/node$exe\"  \"$basedir/node_modules/@openai/codex/bin/c ...\r\n+     ~~~~~~~~~~~~~~~~~~~~~~~~~~~~~~~~~~~~~~~~~~~~~~~~~~~~~~~~~~~~~~~~~\r\n    + CategoryInfo          : NotSpecified: (Not inside a tr... not specified.:String) [], RemoteException\r\n    + FullyQualifiedErrorId : NativeCommandError"}
{"id":"893de58e-6960-46df-9c91-ccf79a0da028","target":"desktop","created":"2026-02-06T02:43:36.8992997-05:00","status":"error","summary":"Codex exec failed","details":"exit=1\nnode.exe : Not inside a trusted directory and --skip-git-repo-check was not specified.\r\nAt C:\\nvm4w\\nodejs\\codex.ps1:16 char:5\r\n+     \u0026 \"$basedir/node$exe\"  \"$basedir/node_modules/@openai/codex/bin/c ...\r\n+     ~~~~~~~~~~~~~~~~~~~~~~~~~~~~~~~~~~~~~~~~~~~~~~~~~~~~~~~~~~~~~~~~~\r\n    + CategoryInfo          : NotSpecified: (Not inside a tr... not specified.:String) [], RemoteException\r\n    + FullyQualifiedErrorId : NativeCommandError"}
{"id":"f0162769-dfc3-40ce-8b88-260452a253a7","target":"desktop","created":"2026-02-06T02:45:42.0138088-05:00","status":"ok","summary":"A2A messages sent; awaiting reply","details":"Timestamp: 02/06/2026 02:45:42\nSent:\n- hello-from-desktop\n- riddle-response: a candle\nReply from laptop: not received yet (no new inbound A2A messages logged)"}
{"id":"f502429d-fbe4-4fc0-816f-718608ed0fac","target":"desktop","created":"2026-02-06T03:08:41.4590743-05:00","status":"ok","summary":"A2A bridge/relay tasks created and started","details":"Timestamp: 02/06/2026 03:08:41\nScheduled tasks created:\n- AgenticA2ABridge (ONLOGON)\n- AgenticA2ARelay (ONLOGON)\n\nStatus:\n- AgenticA2ABridge: Ready (manual start required); process found running (a2a_bridge.ps1)\n- AgenticA2ARelay: Running"}
{"id":"628e60b6-51f1-4888-bae5-05b1dda3906c","target":"desktop","created":"2026-02-06T03:14:33.2466864-05:00","status":"ok","summary":"Auto-reply running; summary file missing","details":"Timestamp: 02/06/2026 03:14:33\nTasks running: AgenticA2ABridge + AgenticA2ARelay (started via schtasks).\nAgentic Console restarted.\nMemory summaries: a2a_thread_summaries.json not created yet (even after \u003e10 test messages). Inbound A2A stored in a2a_messages table; summary hook may not be firing on loopback send.\nProposed compact protocol:\n- message_id, thread_id, reply_to\n- type: ping|reply|event|command\n- intent: short verb phrase\n- payload: brief text\n- ack: {message_id, status}"}
{"id":"344022ff-1095-4961-a26a-0edf8dd91c9e","target":"desktop","created":"2026-02-06T03:42:51.2594218-05:00","status":"ok","summary":"A2A routing enabled; plan response sent","details":"Timestamp: 02/06/2026 03:42:51\nPlan message received and stored. Auto-reply enabled. A2A plan response sent to laptop.\nSummary file created: C:\\Users\\codym\\agentic-console\\data\\a2a_thread_summaries.json\nMemory entry created: kind=a2a for laptop-\u003edesktop message."}
{"id":"31f5053f-58fe-4e1e-9746-a20c0c755982","target":"desktop","created":"2026-02-06T03:54:48.6957520-05:00","status":"ok","summary":"Auto-update loop enabled","details":"Timestamp: 02/06/2026 03:54:48\nAgenticAutoUpdate task created and started.\nLog file exists: C:\\Users\\codym\\agentic-console\\data\\auto_update.log\nRecent log lines:\n2026-02-06T03:53:48.9992939-05:00 OK C:\\Users\\codym\\agentic-console up to date\n2026-02-06T03:53:49.7719029-05:00 OK C:\\Users\\codym\\agentic-control-plane up to date\n2026-02-06T03:53:50.3162746-05:00 OK C:\\Users\\codym\\codex-control-stack up to date"}
{"id":"9b388067-2ed2-4413-bea9-cd797e9698eb","target":"desktop","created":"2026-02-06T04:10:14.6557200-05:00","status":"error","summary":"Codex exec failed","details":"exit=1\nnode.exe : Not inside a trusted directory and --skip-git-repo-check was not specified.\r\nAt C:\\Users\\codym\\AppData\\Roaming\\npm\\codex.ps1:24 char:5\r\n+     \u0026 \"node$exe\"  \"$basedir/node_modules/@openai/codex/bin/codex.js\"  ...\r\n+     ~~~~~~~~~~~~~~~~~~~~~~~~~~~~~~~~~~~~~~~~~~~~~~~~~~~~~~~~~~~~~~~~~\r\n    + CategoryInfo          : NotSpecified: (Not inside a tr... not specified.:String) [], RemoteException\r\n    + FullyQualifiedErrorId : NativeCommandError"}
{"id":"f88eacdf-3fd7-482b-8d3f-eb24d7dd9fa4","target":"desktop","created":"2026-02-06T04:10:18.9730908-05:00","status":"error","summary":"Codex exec failed","details":"exit=1\nnode.exe : Not inside a trusted directory and --skip-git-repo-check was not specified.\r\nAt C:\\Users\\codym\\AppData\\Roaming\\npm\\codex.ps1:24 char:5\r\n+     \u0026 \"node$exe\"  \"$basedir/node_modules/@openai/codex/bin/codex.js\"  ...\r\n+     ~~~~~~~~~~~~~~~~~~~~~~~~~~~~~~~~~~~~~~~~~~~~~~~~~~~~~~~~~~~~~~~~~\r\n    + CategoryInfo          : NotSpecified: (Not inside a tr... not specified.:String) [], RemoteException\r\n    + FullyQualifiedErrorId : NativeCommandError"}
{"id":"15cebaa1-1f10-41ee-825e-45f10f469534","target":"desktop","created":"2026-02-06T04:10:24.5550073-05:00","status":"error","summary":"Codex exec failed","details":"exit=1\nnode.exe : Not inside a trusted directory and --skip-git-repo-check was not specified.\r\nAt C:\\Users\\codym\\AppData\\Roaming\\npm\\codex.ps1:24 char:5\r\n+     \u0026 \"node$exe\"  \"$basedir/node_modules/@openai/codex/bin/codex.js\"  ...\r\n+     ~~~~~~~~~~~~~~~~~~~~~~~~~~~~~~~~~~~~~~~~~~~~~~~~~~~~~~~~~~~~~~~~~\r\n    + CategoryInfo          : NotSpecified: (Not inside a tr... not specified.:String) [], RemoteException\r\n    + FullyQualifiedErrorId : NativeCommandError"}
{"id":"d18f795d-52c7-4d18-9d9b-f488c8e61823","target":"desktop","created":"2026-02-06T04:10:29.5688273-05:00","status":"error","summary":"Codex exec failed","details":"exit=1\nnode.exe : Not inside a trusted directory and --skip-git-repo-check was not specified.\r\nAt C:\\Users\\codym\\AppData\\Roaming\\npm\\codex.ps1:24 char:5\r\n+     \u0026 \"node$exe\"  \"$basedir/node_modules/@openai/codex/bin/codex.js\"  ...\r\n+     ~~~~~~~~~~~~~~~~~~~~~~~~~~~~~~~~~~~~~~~~~~~~~~~~~~~~~~~~~~~~~~~~~\r\n    + CategoryInfo          : NotSpecified: (Not inside a tr... not specified.:String) [], RemoteException\r\n    + FullyQualifiedErrorId : NativeCommandError"}
{"id":"25095aaf-5b89-412c-9e50-2b9626aae7e8","target":"desktop","created":"2026-02-06T04:10:33.6239800-05:00","status":"error","summary":"Codex exec failed","details":"exit=2\nnode.exe : error: unexpected argument \u0027-N\u0027 found\r\nAt C:\\Users\\codym\\AppData\\Roaming\\npm\\codex.ps1:24 char:5\r\n+     \u0026 \"node$exe\"  \"$basedir/node_modules/@openai/codex/bin/codex.js\"  ...\r\n+     ~~~~~~~~~~~~~~~~~~~~~~~~~~~~~~~~~~~~~~~~~~~~~~~~~~~~~~~~~~~~~~~~~\r\n    + CategoryInfo          : NotSpecified: (error: unexpected argument \u0027-N\u0027 found:String) [], RemoteException\r\n    + FullyQualifiedErrorId : NativeCommandError\r\n \r\n\r\n  tip: to pass \u0027-N\u0027 as a value, use \u0027-- -N\u0027\r\n\r\nUsage: codex exec [OPTIONS] [PROMPT] [COMMAND]\r\n\r\nFor more information, try \u0027--help\u0027."}
{"id":"4ec42255-9623-4d8e-aa85-fc1406ce721e","target":"desktop","created":"2026-02-06T04:10:37.5989499-05:00","status":"error","summary":"Codex exec failed","details":"exit=1\nnode.exe : Not inside a trusted directory and --skip-git-repo-check was not specified.\r\nAt C:\\Users\\codym\\AppData\\Roaming\\npm\\codex.ps1:24 char:5\r\n+     \u0026 \"node$exe\"  \"$basedir/node_modules/@openai/codex/bin/codex.js\"  ...\r\n+     ~~~~~~~~~~~~~~~~~~~~~~~~~~~~~~~~~~~~~~~~~~~~~~~~~~~~~~~~~~~~~~~~~\r\n    + CategoryInfo          : NotSpecified: (Not inside a tr... not specified.:String) [], RemoteException\r\n    + FullyQualifiedErrorId : NativeCommandError"}
{"id":"57715b3d-4374-4855-a797-2bdac49fdba4","target":"desktop","created":"2026-02-06T04:10:41.8122849-05:00","status":"error","summary":"Codex exec failed","details":"exit=1\nnode.exe : Not inside a trusted directory and --skip-git-repo-check was not specified.\r\nAt C:\\Users\\codym\\AppData\\Roaming\\npm\\codex.ps1:24 char:5\r\n+     \u0026 \"node$exe\"  \"$basedir/node_modules/@openai/codex/bin/codex.js\"  ...\r\n+     ~~~~~~~~~~~~~~~~~~~~~~~~~~~~~~~~~~~~~~~~~~~~~~~~~~~~~~~~~~~~~~~~~\r\n    + CategoryInfo          : NotSpecified: (Not inside a tr... not specified.:String) [], RemoteException\r\n    + FullyQualifiedErrorId : NativeCommandError"}
{"id":"a6315198-eb27-41cb-8433-2c608935e14e","target":"desktop","created":"2026-02-06T04:10:45.8420071-05:00","status":"error","summary":"Codex exec failed","details":"exit=2\nnode.exe : error: unexpected argument \u0027network\u0027 found\r\nAt C:\\Users\\codym\\AppData\\Roaming\\npm\\codex.ps1:24 char:5\r\n+     \u0026 \"node$exe\"  \"$basedir/node_modules/@openai/codex/bin/codex.js\"  ...\r\n+     ~~~~~~~~~~~~~~~~~~~~~~~~~~~~~~~~~~~~~~~~~~~~~~~~~~~~~~~~~~~~~~~~~\r\n    + CategoryInfo          : NotSpecified: (error: unexpect...\u0027network\u0027 found:String) [], RemoteException\r\n    + FullyQualifiedErrorId : NativeCommandError\r\n \r\n\r\nUsage: codex exec [OPTIONS] [PROMPT] [COMMAND]\r\n\r\nFor more information, try \u0027--help\u0027."}
{"id":"01b81a63-a4a6-4e96-801f-e1f5e7dba93c","target":"desktop","created":"2026-02-06T04:10:49.6472843-05:00","status":"error","summary":"Codex exec failed","details":"exit=2\nnode.exe : error: unexpected argument \u0027network\u0027 found\r\nAt C:\\Users\\codym\\AppData\\Roaming\\npm\\codex.ps1:24 char:5\r\n+     \u0026 \"node$exe\"  \"$basedir/node_modules/@openai/codex/bin/codex.js\"  ...\r\n+     ~~~~~~~~~~~~~~~~~~~~~~~~~~~~~~~~~~~~~~~~~~~~~~~~~~~~~~~~~~~~~~~~~\r\n    + CategoryInfo          : NotSpecified: (error: unexpect...\u0027network\u0027 found:String) [], RemoteException\r\n    + FullyQualifiedErrorId : NativeCommandError\r\n \r\n\r\nUsage: codex exec [OPTIONS] [PROMPT] [COMMAND]\r\n\r\nFor more information, try \u0027--help\u0027."}
{"id":"e70bed7a-8006-4256-9880-5008be8633ce","target":"desktop","created":"2026-02-06T04:10:55.0193342-05:00","status":"error","summary":"Codex exec failed","details":"exit=1\nnode.exe : Not inside a trusted directory and --skip-git-repo-check was not specified.\r\nAt C:\\Users\\codym\\AppData\\Roaming\\npm\\codex.ps1:24 char:5\r\n+     \u0026 \"node$exe\"  \"$basedir/node_modules/@openai/codex/bin/codex.js\"  ...\r\n+     ~~~~~~~~~~~~~~~~~~~~~~~~~~~~~~~~~~~~~~~~~~~~~~~~~~~~~~~~~~~~~~~~~\r\n    + CategoryInfo          : NotSpecified: (Not inside a tr... not specified.:String) [], RemoteException\r\n    + FullyQualifiedErrorId : NativeCommandError"}
{"id":"65cec834-98f9-4f6a-827b-cfd14461aed3","target":"desktop","created":"2026-02-06T04:10:59.1650027-05:00","status":"error","summary":"Codex exec failed","details":"exit=1\nnode.exe : Not inside a trusted directory and --skip-git-repo-check was not specified.\r\nAt C:\\Users\\codym\\AppData\\Roaming\\npm\\codex.ps1:24 char:5\r\n+     \u0026 \"node$exe\"  \"$basedir/node_modules/@openai/codex/bin/codex.js\"  ...\r\n+     ~~~~~~~~~~~~~~~~~~~~~~~~~~~~~~~~~~~~~~~~~~~~~~~~~~~~~~~~~~~~~~~~~\r\n    + CategoryInfo          : NotSpecified: (Not inside a tr... not specified.:String) [], RemoteException\r\n    + FullyQualifiedErrorId : NativeCommandError"}
{"id":"893de58e-6960-46df-9c91-ccf79a0da028","target":"desktop","created":"2026-02-06T04:11:03.4263665-05:00","status":"error","summary":"Codex exec failed","details":"exit=1\nnode.exe : Not inside a trusted directory and --skip-git-repo-check was not specified.\r\nAt C:\\Users\\codym\\AppData\\Roaming\\npm\\codex.ps1:24 char:5\r\n+     \u0026 \"node$exe\"  \"$basedir/node_modules/@openai/codex/bin/codex.js\"  ...\r\n+     ~~~~~~~~~~~~~~~~~~~~~~~~~~~~~~~~~~~~~~~~~~~~~~~~~~~~~~~~~~~~~~~~~\r\n    + CategoryInfo          : NotSpecified: (Not inside a tr... not specified.:String) [], RemoteException\r\n    + FullyQualifiedErrorId : NativeCommandError"}
{"id":"f0162769-dfc3-40ce-8b88-260452a253a7","target":"desktop","created":"2026-02-06T04:11:07.5006488-05:00","status":"error","summary":"Codex exec failed","details":"exit=1\nnode.exe : Not inside a trusted directory and --skip-git-repo-check was not specified.\r\nAt C:\\Users\\codym\\AppData\\Roaming\\npm\\codex.ps1:24 char:5\r\n+     \u0026 \"node$exe\"  \"$basedir/node_modules/@openai/codex/bin/codex.js\"  ...\r\n+     ~~~~~~~~~~~~~~~~~~~~~~~~~~~~~~~~~~~~~~~~~~~~~~~~~~~~~~~~~~~~~~~~~\r\n    + CategoryInfo          : NotSpecified: (Not inside a tr... not specified.:String) [], RemoteException\r\n    + FullyQualifiedErrorId : NativeCommandError"}
{"id":"f502429d-fbe4-4fc0-816f-718608ed0fac","target":"desktop","created":"2026-02-06T04:11:11.5446072-05:00","status":"error","summary":"Codex exec failed","details":"exit=2\nnode.exe : error: unexpected argument \u0027-N\u0027 found\r\nAt C:\\Users\\codym\\AppData\\Roaming\\npm\\codex.ps1:24 char:5\r\n+     \u0026 \"node$exe\"  \"$basedir/node_modules/@openai/codex/bin/codex.js\"  ...\r\n+     ~~~~~~~~~~~~~~~~~~~~~~~~~~~~~~~~~~~~~~~~~~~~~~~~~~~~~~~~~~~~~~~~~\r\n    + CategoryInfo          : NotSpecified: (error: unexpected argument \u0027-N\u0027 found:String) [], RemoteException\r\n    + FullyQualifiedErrorId : NativeCommandError\r\n \r\n\r\n  tip: to pass \u0027-N\u0027 as a value, use \u0027-- -N\u0027\r\n\r\nUsage: codex exec [OPTIONS] [PROMPT] [COMMAND]\r\n\r\nFor more information, try \u0027--help\u0027."}
{"id":"628e60b6-51f1-4888-bae5-05b1dda3906c","target":"desktop","created":"2026-02-06T04:11:15.8915988-05:00","status":"error","summary":"Codex exec failed","details":"exit=1\nnode.exe : Not inside a trusted directory and --skip-git-repo-check was not specified.\r\nAt C:\\Users\\codym\\AppData\\Roaming\\npm\\codex.ps1:24 char:5\r\n+     \u0026 \"node$exe\"  \"$basedir/node_modules/@openai/codex/bin/codex.js\"  ...\r\n+     ~~~~~~~~~~~~~~~~~~~~~~~~~~~~~~~~~~~~~~~~~~~~~~~~~~~~~~~~~~~~~~~~~\r\n    + CategoryInfo          : NotSpecified: (Not inside a tr... not specified.:String) [], RemoteException\r\n    + FullyQualifiedErrorId : NativeCommandError"}
{"id":"7503c4b4-cd00-4ce7-ae44-eae7de3a535b","target":"desktop","created":"2026-02-06T04:11:19.7086025-05:00","status":"error","summary":"Codex exec failed","details":"exit=2\nnode.exe : error: unexpected argument \u0027Control with live transcript and Start/Stop/Pause/Resume.\r\nAt C:\\Users\\codym\\AppData\\Roaming\\npm\\codex.ps1:24 char:5\r\n+     \u0026 \"node$exe\"  \"$basedir/node_modules/@openai/codex/bin/codex.js\"  ...\r\n+     ~~~~~~~~~~~~~~~~~~~~~~~~~~~~~~~~~~~~~~~~~~~~~~~~~~~~~~~~~~~~~~~~~\r\n    + CategoryInfo          : NotSpecified: (error: unexpect...p/Pause/Resume.:String) [], RemoteException\r\n    + FullyQualifiedErrorId : NativeCommandError\r\n \r\n   - Send\u0027 found\r\n\r\nUsage: codex exec [OPTIONS] [PROMPT] [COMMAND]\r\n\r\nFor more information, try \u0027--help\u0027."}
{"id":"344022ff-1095-4961-a26a-0edf8dd91c9e","target":"desktop","created":"2026-02-06T04:11:23.5496620-05:00","status":"error","summary":"Codex exec failed","details":"exit=1\nnode.exe : Not inside a trusted directory and --skip-git-repo-check was not specified.\r\nAt C:\\Users\\codym\\AppData\\Roaming\\npm\\codex.ps1:24 char:5\r\n+     \u0026 \"node$exe\"  \"$basedir/node_modules/@openai/codex/bin/codex.js\"  ...\r\n+     ~~~~~~~~~~~~~~~~~~~~~~~~~~~~~~~~~~~~~~~~~~~~~~~~~~~~~~~~~~~~~~~~~\r\n    + CategoryInfo          : NotSpecified: (Not inside a tr... not specified.:String) [], RemoteException\r\n    + FullyQualifiedErrorId : NativeCommandError"}
{"id":"bc26c93a-dce0-4916-b2eb-2087d62aa73f","target":"desktop","created":"2026-02-06T04:11:27.1954323-05:00","status":"error","summary":"Codex exec failed","details":"exit=2\nnode.exe : error: unexpected argument \u0027and\u0027 found\r\nAt C:\\Users\\codym\\AppData\\Roaming\\npm\\codex.ps1:24 char:5\r\n+     \u0026 \"node$exe\"  \"$basedir/node_modules/@openai/codex/bin/codex.js\"  ...\r\n+     ~~~~~~~~~~~~~~~~~~~~~~~~~~~~~~~~~~~~~~~~~~~~~~~~~~~~~~~~~~~~~~~~~\r\n    + CategoryInfo          : NotSpecified: (error: unexpected argument \u0027and\u0027 found:String) [], RemoteException\r\n    + FullyQualifiedErrorId : NativeCommandError\r\n \r\n\r\nUsage: codex exec [OPTIONS] [PROMPT] [COMMAND]\r\n\r\nFor more information, try \u0027--help\u0027."}
{"id":"a61b0837-22bc-4a43-9a0a-2dc691079033","target":"desktop","created":"2026-02-06T04:11:31.1704400-05:00","status":"error","summary":"Codex exec failed","details":"exit=1\nnode.exe : Not inside a trusted directory and --skip-git-repo-check was not specified.\r\nAt C:\\Users\\codym\\AppData\\Roaming\\npm\\codex.ps1:24 char:5\r\n+     \u0026 \"node$exe\"  \"$basedir/node_modules/@openai/codex/bin/codex.js\"  ...\r\n+     ~~~~~~~~~~~~~~~~~~~~~~~~~~~~~~~~~~~~~~~~~~~~~~~~~~~~~~~~~~~~~~~~~\r\n    + CategoryInfo          : NotSpecified: (Not inside a tr... not specified.:String) [], RemoteException\r\n    + FullyQualifiedErrorId : NativeCommandError"}
{"id":"96aaa236-7859-4f5f-bae2-46b4357057ef","target":"desktop","created":"2026-02-06T04:11:35.1115334-05:00","status":"error","summary":"Codex exec failed","details":"exit=1\nnode.exe : Not inside a trusted directory and --skip-git-repo-check was not specified.\r\nAt C:\\Users\\codym\\AppData\\Roaming\\npm\\codex.ps1:24 char:5\r\n+     \u0026 \"node$exe\"  \"$basedir/node_modules/@openai/codex/bin/codex.js\"  ...\r\n+     ~~~~~~~~~~~~~~~~~~~~~~~~~~~~~~~~~~~~~~~~~~~~~~~~~~~~~~~~~~~~~~~~~\r\n    + CategoryInfo          : NotSpecified: (Not inside a tr... not specified.:String) [], RemoteException\r\n    + FullyQualifiedErrorId : NativeCommandError"}
{"id":"9b388067-2ed2-4413-bea9-cd797e9698eb","target":"desktop","created":"2026-02-06T04:11:50.0846999-05:00","status":"error","summary":"Codex exec failed","details":"exit=1\nnode.exe : Not inside a trusted directory and --skip-git-repo-check was not specified.\r\nAt C:\\Users\\codym\\AppData\\Roaming\\npm\\codex.ps1:24 char:5\r\n+     \u0026 \"node$exe\"  \"$basedir/node_modules/@openai/codex/bin/codex.js\"  ...\r\n+     ~~~~~~~~~~~~~~~~~~~~~~~~~~~~~~~~~~~~~~~~~~~~~~~~~~~~~~~~~~~~~~~~~\r\n    + CategoryInfo          : NotSpecified: (Not inside a tr... not specified.:String) [], RemoteException\r\n    + FullyQualifiedErrorId : NativeCommandError"}
{"id":"f88eacdf-3fd7-482b-8d3f-eb24d7dd9fa4","target":"desktop","created":"2026-02-06T04:11:54.1653607-05:00","status":"error","summary":"Codex exec failed","details":"exit=1\nnode.exe : Not inside a trusted directory and --skip-git-repo-check was not specified.\r\nAt C:\\Users\\codym\\AppData\\Roaming\\npm\\codex.ps1:24 char:5\r\n+     \u0026 \"node$exe\"  \"$basedir/node_modules/@openai/codex/bin/codex.js\"  ...\r\n+     ~~~~~~~~~~~~~~~~~~~~~~~~~~~~~~~~~~~~~~~~~~~~~~~~~~~~~~~~~~~~~~~~~\r\n    + CategoryInfo          : NotSpecified: (Not inside a tr... not specified.:String) [], RemoteException\r\n    + FullyQualifiedErrorId : NativeCommandError"}
{"id":"15cebaa1-1f10-41ee-825e-45f10f469534","target":"desktop","created":"2026-02-06T04:11:58.4403120-05:00","status":"error","summary":"Codex exec failed","details":"exit=1\nnode.exe : Not inside a trusted directory and --skip-git-repo-check was not specified.\r\nAt C:\\Users\\codym\\AppData\\Roaming\\npm\\codex.ps1:24 char:5\r\n+     \u0026 \"node$exe\"  \"$basedir/node_modules/@openai/codex/bin/codex.js\"  ...\r\n+     ~~~~~~~~~~~~~~~~~~~~~~~~~~~~~~~~~~~~~~~~~~~~~~~~~~~~~~~~~~~~~~~~~\r\n    + CategoryInfo          : NotSpecified: (Not inside a tr... not specified.:String) [], RemoteException\r\n    + FullyQualifiedErrorId : NativeCommandError"}
{"id":"d18f795d-52c7-4d18-9d9b-f488c8e61823","target":"desktop","created":"2026-02-06T04:12:02.7004265-05:00","status":"error","summary":"Codex exec failed","details":"exit=1\nnode.exe : Not inside a trusted directory and --skip-git-repo-check was not specified.\r\nAt C:\\Users\\codym\\AppData\\Roaming\\npm\\codex.ps1:24 char:5\r\n+     \u0026 \"node$exe\"  \"$basedir/node_modules/@openai/codex/bin/codex.js\"  ...\r\n+     ~~~~~~~~~~~~~~~~~~~~~~~~~~~~~~~~~~~~~~~~~~~~~~~~~~~~~~~~~~~~~~~~~\r\n    + CategoryInfo          : NotSpecified: (Not inside a tr... not specified.:String) [], RemoteException\r\n    + FullyQualifiedErrorId : NativeCommandError"}
{"id":"25095aaf-5b89-412c-9e50-2b9626aae7e8","target":"desktop","created":"2026-02-06T04:12:06.8169136-05:00","status":"error","summary":"Codex exec failed","details":"exit=2\nnode.exe : error: unexpected argument \u0027-N\u0027 found\r\nAt C:\\Users\\codym\\AppData\\Roaming\\npm\\codex.ps1:24 char:5\r\n+     \u0026 \"node$exe\"  \"$basedir/node_modules/@openai/codex/bin/codex.js\"  ...\r\n+     ~~~~~~~~~~~~~~~~~~~~~~~~~~~~~~~~~~~~~~~~~~~~~~~~~~~~~~~~~~~~~~~~~\r\n    + CategoryInfo          : NotSpecified: (error: unexpected argument \u0027-N\u0027 found:String) [], RemoteException\r\n    + FullyQualifiedErrorId : NativeCommandError\r\n \r\n\r\n  tip: to pass \u0027-N\u0027 as a value, use \u0027-- -N\u0027\r\n\r\nUsage: codex exec [OPTIONS] [PROMPT] [COMMAND]\r\n\r\nFor more information, try \u0027--help\u0027."}
{"id":"4ec42255-9623-4d8e-aa85-fc1406ce721e","target":"desktop","created":"2026-02-06T04:12:11.0749000-05:00","status":"error","summary":"Codex exec failed","details":"exit=1\nnode.exe : Not inside a trusted directory and --skip-git-repo-check was not specified.\r\nAt C:\\Users\\codym\\AppData\\Roaming\\npm\\codex.ps1:24 char:5\r\n+     \u0026 \"node$exe\"  \"$basedir/node_modules/@openai/codex/bin/codex.js\"  ...\r\n+     ~~~~~~~~~~~~~~~~~~~~~~~~~~~~~~~~~~~~~~~~~~~~~~~~~~~~~~~~~~~~~~~~~\r\n    + CategoryInfo          : NotSpecified: (Not inside a tr... not specified.:String) [], RemoteException\r\n    + FullyQualifiedErrorId : NativeCommandError"}
{"id":"57715b3d-4374-4855-a797-2bdac49fdba4","target":"desktop","created":"2026-02-06T04:12:15.1942795-05:00","status":"error","summary":"Codex exec failed","details":"exit=1\nnode.exe : Not inside a trusted directory and --skip-git-repo-check was not specified.\r\nAt C:\\Users\\codym\\AppData\\Roaming\\npm\\codex.ps1:24 char:5\r\n+     \u0026 \"node$exe\"  \"$basedir/node_modules/@openai/codex/bin/codex.js\"  ...\r\n+     ~~~~~~~~~~~~~~~~~~~~~~~~~~~~~~~~~~~~~~~~~~~~~~~~~~~~~~~~~~~~~~~~~\r\n    + CategoryInfo          : NotSpecified: (Not inside a tr... not specified.:String) [], RemoteException\r\n    + FullyQualifiedErrorId : NativeCommandError"}
{"id":"a6315198-eb27-41cb-8433-2c608935e14e","target":"desktop","created":"2026-02-06T04:12:19.0619993-05:00","status":"error","summary":"Codex exec failed","details":"exit=2\nnode.exe : error: unexpected argument \u0027network\u0027 found\r\nAt C:\\Users\\codym\\AppData\\Roaming\\npm\\codex.ps1:24 char:5\r\n+     \u0026 \"node$exe\"  \"$basedir/node_modules/@openai/codex/bin/codex.js\"  ...\r\n+     ~~~~~~~~~~~~~~~~~~~~~~~~~~~~~~~~~~~~~~~~~~~~~~~~~~~~~~~~~~~~~~~~~\r\n    + CategoryInfo          : NotSpecified: (error: unexpect...\u0027network\u0027 found:String) [], RemoteException\r\n    + FullyQualifiedErrorId : NativeCommandError\r\n \r\n\r\nUsage: codex exec [OPTIONS] [PROMPT] [COMMAND]\r\n\r\nFor more information, try \u0027--help\u0027."}
{"id":"01b81a63-a4a6-4e96-801f-e1f5e7dba93c","target":"desktop","created":"2026-02-06T04:12:22.7584251-05:00","status":"error","summary":"Codex exec failed","details":"exit=2\nnode.exe : error: unexpected argument \u0027network\u0027 found\r\nAt C:\\Users\\codym\\AppData\\Roaming\\npm\\codex.ps1:24 char:5\r\n+     \u0026 \"node$exe\"  \"$basedir/node_modules/@openai/codex/bin/codex.js\"  ...\r\n+     ~~~~~~~~~~~~~~~~~~~~~~~~~~~~~~~~~~~~~~~~~~~~~~~~~~~~~~~~~~~~~~~~~\r\n    + CategoryInfo          : NotSpecified: (error: unexpect...\u0027network\u0027 found:String) [], RemoteException\r\n    + FullyQualifiedErrorId : NativeCommandError\r\n \r\n\r\nUsage: codex exec [OPTIONS] [PROMPT] [COMMAND]\r\n\r\nFor more information, try \u0027--help\u0027."}
{"id":"e70bed7a-8006-4256-9880-5008be8633ce","target":"desktop","created":"2026-02-06T04:12:26.6312361-05:00","status":"error","summary":"Codex exec failed","details":"exit=1\nnode.exe : Not inside a trusted directory and --skip-git-repo-check was not specified.\r\nAt C:\\Users\\codym\\AppData\\Roaming\\npm\\codex.ps1:24 char:5\r\n+     \u0026 \"node$exe\"  \"$basedir/node_modules/@openai/codex/bin/codex.js\"  ...\r\n+     ~~~~~~~~~~~~~~~~~~~~~~~~~~~~~~~~~~~~~~~~~~~~~~~~~~~~~~~~~~~~~~~~~\r\n    + CategoryInfo          : NotSpecified: (Not inside a tr... not specified.:String) [], RemoteException\r\n    + FullyQualifiedErrorId : NativeCommandError"}
{"id":"65cec834-98f9-4f6a-827b-cfd14461aed3","target":"desktop","created":"2026-02-06T04:12:30.5614275-05:00","status":"error","summary":"Codex exec failed","details":"exit=1\nnode.exe : Not inside a trusted directory and --skip-git-repo-check was not specified.\r\nAt C:\\Users\\codym\\AppData\\Roaming\\npm\\codex.ps1:24 char:5\r\n+     \u0026 \"node$exe\"  \"$basedir/node_modules/@openai/codex/bin/codex.js\"  ...\r\n+     ~~~~~~~~~~~~~~~~~~~~~~~~~~~~~~~~~~~~~~~~~~~~~~~~~~~~~~~~~~~~~~~~~\r\n    + CategoryInfo          : NotSpecified: (Not inside a tr... not specified.:String) [], RemoteException\r\n    + FullyQualifiedErrorId : NativeCommandError"}
{"id":"893de58e-6960-46df-9c91-ccf79a0da028","target":"desktop","created":"2026-02-06T04:12:34.4194554-05:00","status":"error","summary":"Codex exec failed","details":"exit=1\nnode.exe : Not inside a trusted directory and --skip-git-repo-check was not specified.\r\nAt C:\\Users\\codym\\AppData\\Roaming\\npm\\codex.ps1:24 char:5\r\n+     \u0026 \"node$exe\"  \"$basedir/node_modules/@openai/codex/bin/codex.js\"  ...\r\n+     ~~~~~~~~~~~~~~~~~~~~~~~~~~~~~~~~~~~~~~~~~~~~~~~~~~~~~~~~~~~~~~~~~\r\n    + CategoryInfo          : NotSpecified: (Not inside a tr... not specified.:String) [], RemoteException\r\n    + FullyQualifiedErrorId : NativeCommandError"}
{"id":"f0162769-dfc3-40ce-8b88-260452a253a7","target":"desktop","created":"2026-02-06T04:12:38.5320269-05:00","status":"error","summary":"Codex exec failed","details":"exit=1\nnode.exe : Not inside a trusted directory and --skip-git-repo-check was not specified.\r\nAt C:\\Users\\codym\\AppData\\Roaming\\npm\\codex.ps1:24 char:5\r\n+     \u0026 \"node$exe\"  \"$basedir/node_modules/@openai/codex/bin/codex.js\"  ...\r\n+     ~~~~~~~~~~~~~~~~~~~~~~~~~~~~~~~~~~~~~~~~~~~~~~~~~~~~~~~~~~~~~~~~~\r\n    + CategoryInfo          : NotSpecified: (Not inside a tr... not specified.:String) [], RemoteException\r\n    + FullyQualifiedErrorId : NativeCommandError"}
{"id":"f502429d-fbe4-4fc0-816f-718608ed0fac","target":"desktop","created":"2026-02-06T04:12:42.3931878-05:00","status":"error","summary":"Codex exec failed","details":"exit=2\nnode.exe : error: unexpected argument \u0027-N\u0027 found\r\nAt C:\\Users\\codym\\AppData\\Roaming\\npm\\codex.ps1:24 char:5\r\n+     \u0026 \"node$exe\"  \"$basedir/node_modules/@openai/codex/bin/codex.js\"  ...\r\n+     ~~~~~~~~~~~~~~~~~~~~~~~~~~~~~~~~~~~~~~~~~~~~~~~~~~~~~~~~~~~~~~~~~\r\n    + CategoryInfo          : NotSpecified: (error: unexpected argument \u0027-N\u0027 found:String) [], RemoteException\r\n    + FullyQualifiedErrorId : NativeCommandError\r\n \r\n\r\n  tip: to pass \u0027-N\u0027 as a value, use \u0027-- -N\u0027\r\n\r\nUsage: codex exec [OPTIONS] [PROMPT] [COMMAND]\r\n\r\nFor more information, try \u0027--help\u0027."}
{"id":"628e60b6-51f1-4888-bae5-05b1dda3906c","target":"desktop","created":"2026-02-06T04:12:46.4122643-05:00","status":"error","summary":"Codex exec failed","details":"exit=1\nnode.exe : Not inside a trusted directory and --skip-git-repo-check was not specified.\r\nAt C:\\Users\\codym\\AppData\\Roaming\\npm\\codex.ps1:24 char:5\r\n+     \u0026 \"node$exe\"  \"$basedir/node_modules/@openai/codex/bin/codex.js\"  ...\r\n+     ~~~~~~~~~~~~~~~~~~~~~~~~~~~~~~~~~~~~~~~~~~~~~~~~~~~~~~~~~~~~~~~~~\r\n    + CategoryInfo          : NotSpecified: (Not inside a tr... not specified.:String) [], RemoteException\r\n    + FullyQualifiedErrorId : NativeCommandError"}
{"id":"7503c4b4-cd00-4ce7-ae44-eae7de3a535b","target":"desktop","created":"2026-02-06T04:12:50.2553697-05:00","status":"error","summary":"Codex exec failed","details":"exit=2\nnode.exe : error: unexpected argument \u0027Control with live transcript and Start/Stop/Pause/Resume.\r\nAt C:\\Users\\codym\\AppData\\Roaming\\npm\\codex.ps1:24 char:5\r\n+     \u0026 \"node$exe\"  \"$basedir/node_modules/@openai/codex/bin/codex.js\"  ...\r\n+     ~~~~~~~~~~~~~~~~~~~~~~~~~~~~~~~~~~~~~~~~~~~~~~~~~~~~~~~~~~~~~~~~~\r\n    + CategoryInfo          : NotSpecified: (error: unexpect...p/Pause/Resume.:String) [], RemoteException\r\n    + FullyQualifiedErrorId : NativeCommandError\r\n \r\n   - Send\u0027 found\r\n\r\nUsage: codex exec [OPTIONS] [PROMPT] [COMMAND]\r\n\r\nFor more information, try \u0027--help\u0027."}
{"id":"344022ff-1095-4961-a26a-0edf8dd91c9e","target":"desktop","created":"2026-02-06T04:12:54.1668327-05:00","status":"error","summary":"Codex exec failed","details":"exit=1\nnode.exe : Not inside a trusted directory and --skip-git-repo-check was not specified.\r\nAt C:\\Users\\codym\\AppData\\Roaming\\npm\\codex.ps1:24 char:5\r\n+     \u0026 \"node$exe\"  \"$basedir/node_modules/@openai/codex/bin/codex.js\"  ...\r\n+     ~~~~~~~~~~~~~~~~~~~~~~~~~~~~~~~~~~~~~~~~~~~~~~~~~~~~~~~~~~~~~~~~~\r\n    + CategoryInfo          : NotSpecified: (Not inside a tr... not specified.:String) [], RemoteException\r\n    + FullyQualifiedErrorId : NativeCommandError"}
{"id":"bc26c93a-dce0-4916-b2eb-2087d62aa73f","target":"desktop","created":"2026-02-06T04:12:57.8568474-05:00","status":"error","summary":"Codex exec failed","details":"exit=2\nnode.exe : error: unexpected argument \u0027and\u0027 found\r\nAt C:\\Users\\codym\\AppData\\Roaming\\npm\\codex.ps1:24 char:5\r\n+     \u0026 \"node$exe\"  \"$basedir/node_modules/@openai/codex/bin/codex.js\"  ...\r\n+     ~~~~~~~~~~~~~~~~~~~~~~~~~~~~~~~~~~~~~~~~~~~~~~~~~~~~~~~~~~~~~~~~~\r\n    + CategoryInfo          : NotSpecified: (error: unexpected argument \u0027and\u0027 found:String) [], RemoteException\r\n    + FullyQualifiedErrorId : NativeCommandError\r\n \r\n\r\nUsage: codex exec [OPTIONS] [PROMPT] [COMMAND]\r\n\r\nFor more information, try \u0027--help\u0027."}
{"id":"31f5053f-58fe-4e1e-9746-a20c0c755982","target":"desktop","created":"2026-02-06T04:13:01.6332942-05:00","status":"error","summary":"Codex exec failed","details":"exit=2\nnode.exe : error: unexpected argument \u0027-N\u0027 found\r\nAt C:\\Users\\codym\\AppData\\Roaming\\npm\\codex.ps1:24 char:5\r\n+     \u0026 \"node$exe\"  \"$basedir/node_modules/@openai/codex/bin/codex.js\"  ...\r\n+     ~~~~~~~~~~~~~~~~~~~~~~~~~~~~~~~~~~~~~~~~~~~~~~~~~~~~~~~~~~~~~~~~~\r\n    + CategoryInfo          : NotSpecified: (error: unexpected argument \u0027-N\u0027 found:String) [], RemoteException\r\n    + FullyQualifiedErrorId : NativeCommandError\r\n \r\n\r\n  tip: to pass \u0027-N\u0027 as a value, use \u0027-- -N\u0027\r\n\r\nUsage: codex exec [OPTIONS] [PROMPT] [COMMAND]\r\n\r\nFor more information, try \u0027--help\u0027."}
{"id":"a61b0837-22bc-4a43-9a0a-2dc691079033","target":"desktop","created":"2026-02-06T04:13:05.7799477-05:00","status":"error","summary":"Codex exec failed","details":"exit=1\nnode.exe : Not inside a trusted directory and --skip-git-repo-check was not specified.\r\nAt C:\\Users\\codym\\AppData\\Roaming\\npm\\codex.ps1:24 char:5\r\n+     \u0026 \"node$exe\"  \"$basedir/node_modules/@openai/codex/bin/codex.js\"  ...\r\n+     ~~~~~~~~~~~~~~~~~~~~~~~~~~~~~~~~~~~~~~~~~~~~~~~~~~~~~~~~~~~~~~~~~\r\n    + CategoryInfo          : NotSpecified: (Not inside a tr... not specified.:String) [], RemoteException\r\n    + FullyQualifiedErrorId : NativeCommandError"}
{"id":"9b388067-2ed2-4413-bea9-cd797e9698eb","target":"desktop","created":"2026-02-06T04:13:20.2265267-05:00","status":"error","summary":"Codex exec failed","details":"exit=1\nnode.exe : Not inside a trusted directory and --skip-git-repo-check was not specified.\r\nAt C:\\Users\\codym\\AppData\\Roaming\\npm\\codex.ps1:24 char:5\r\n+     \u0026 \"node$exe\"  \"$basedir/node_modules/@openai/codex/bin/codex.js\"  ...\r\n+     ~~~~~~~~~~~~~~~~~~~~~~~~~~~~~~~~~~~~~~~~~~~~~~~~~~~~~~~~~~~~~~~~~\r\n    + CategoryInfo          : NotSpecified: (Not inside a tr... not specified.:String) [], RemoteException\r\n    + FullyQualifiedErrorId : NativeCommandError"}
{"id":"f88eacdf-3fd7-482b-8d3f-eb24d7dd9fa4","target":"desktop","created":"2026-02-06T04:13:24.2115076-05:00","status":"error","summary":"Codex exec failed","details":"exit=1\nnode.exe : Not inside a trusted directory and --skip-git-repo-check was not specified.\r\nAt C:\\Users\\codym\\AppData\\Roaming\\npm\\codex.ps1:24 char:5\r\n+     \u0026 \"node$exe\"  \"$basedir/node_modules/@openai/codex/bin/codex.js\"  ...\r\n+     ~~~~~~~~~~~~~~~~~~~~~~~~~~~~~~~~~~~~~~~~~~~~~~~~~~~~~~~~~~~~~~~~~\r\n    + CategoryInfo          : NotSpecified: (Not inside a tr... not specified.:String) [], RemoteException\r\n    + FullyQualifiedErrorId : NativeCommandError"}
{"id":"15cebaa1-1f10-41ee-825e-45f10f469534","target":"desktop","created":"2026-02-06T04:13:28.0857297-05:00","status":"error","summary":"Codex exec failed","details":"exit=1\nnode.exe : Not inside a trusted directory and --skip-git-repo-check was not specified.\r\nAt C:\\Users\\codym\\AppData\\Roaming\\npm\\codex.ps1:24 char:5\r\n+     \u0026 \"node$exe\"  \"$basedir/node_modules/@openai/codex/bin/codex.js\"  ...\r\n+     ~~~~~~~~~~~~~~~~~~~~~~~~~~~~~~~~~~~~~~~~~~~~~~~~~~~~~~~~~~~~~~~~~\r\n    + CategoryInfo          : NotSpecified: (Not inside a tr... not specified.:String) [], RemoteException\r\n    + FullyQualifiedErrorId : NativeCommandError"}
{"id":"d18f795d-52c7-4d18-9d9b-f488c8e61823","target":"desktop","created":"2026-02-06T04:13:31.9818787-05:00","status":"error","summary":"Codex exec failed","details":"exit=1\nnode.exe : Not inside a trusted directory and --skip-git-repo-check was not specified.\r\nAt C:\\Users\\codym\\AppData\\Roaming\\npm\\codex.ps1:24 char:5\r\n+     \u0026 \"node$exe\"  \"$basedir/node_modules/@openai/codex/bin/codex.js\"  ...\r\n+     ~~~~~~~~~~~~~~~~~~~~~~~~~~~~~~~~~~~~~~~~~~~~~~~~~~~~~~~~~~~~~~~~~\r\n    + CategoryInfo          : NotSpecified: (Not inside a tr... not specified.:String) [], RemoteException\r\n    + FullyQualifiedErrorId : NativeCommandError"}
{"id":"25095aaf-5b89-412c-9e50-2b9626aae7e8","target":"desktop","created":"2026-02-06T04:13:35.9435654-05:00","status":"error","summary":"Codex exec failed","details":"exit=2\nnode.exe : error: unexpected argument \u0027-N\u0027 found\r\nAt C:\\Users\\codym\\AppData\\Roaming\\npm\\codex.ps1:24 char:5\r\n+     \u0026 \"node$exe\"  \"$basedir/node_modules/@openai/codex/bin/codex.js\"  ...\r\n+     ~~~~~~~~~~~~~~~~~~~~~~~~~~~~~~~~~~~~~~~~~~~~~~~~~~~~~~~~~~~~~~~~~\r\n    + CategoryInfo          : NotSpecified: (error: unexpected argument \u0027-N\u0027 found:String) [], RemoteException\r\n    + FullyQualifiedErrorId : NativeCommandError\r\n \r\n\r\n  tip: to pass \u0027-N\u0027 as a value, use \u0027-- -N\u0027\r\n\r\nUsage: codex exec [OPTIONS] [PROMPT] [COMMAND]\r\n\r\nFor more information, try \u0027--help\u0027."}
{"id":"4ec42255-9623-4d8e-aa85-fc1406ce721e","target":"desktop","created":"2026-02-06T04:13:39.6742815-05:00","status":"error","summary":"Codex exec failed","details":"exit=1\nnode.exe : Not inside a trusted directory and --skip-git-repo-check was not specified.\r\nAt C:\\Users\\codym\\AppData\\Roaming\\npm\\codex.ps1:24 char:5\r\n+     \u0026 \"node$exe\"  \"$basedir/node_modules/@openai/codex/bin/codex.js\"  ...\r\n+     ~~~~~~~~~~~~~~~~~~~~~~~~~~~~~~~~~~~~~~~~~~~~~~~~~~~~~~~~~~~~~~~~~\r\n    + CategoryInfo          : NotSpecified: (Not inside a tr... not specified.:String) [], RemoteException\r\n    + FullyQualifiedErrorId : NativeCommandError"}
{"id":"57715b3d-4374-4855-a797-2bdac49fdba4","target":"desktop","created":"2026-02-06T04:13:43.4492540-05:00","status":"error","summary":"Codex exec failed","details":"exit=1\nnode.exe : Not inside a trusted directory and --skip-git-repo-check was not specified.\r\nAt C:\\Users\\codym\\AppData\\Roaming\\npm\\codex.ps1:24 char:5\r\n+     \u0026 \"node$exe\"  \"$basedir/node_modules/@openai/codex/bin/codex.js\"  ...\r\n+     ~~~~~~~~~~~~~~~~~~~~~~~~~~~~~~~~~~~~~~~~~~~~~~~~~~~~~~~~~~~~~~~~~\r\n    + CategoryInfo          : NotSpecified: (Not inside a tr... not specified.:String) [], RemoteException\r\n    + FullyQualifiedErrorId : NativeCommandError"}
{"id":"a6315198-eb27-41cb-8433-2c608935e14e","target":"desktop","created":"2026-02-06T04:13:46.9797639-05:00","status":"error","summary":"Codex exec failed","details":"exit=2\nnode.exe : error: unexpected argument \u0027network\u0027 found\r\nAt C:\\Users\\codym\\AppData\\Roaming\\npm\\codex.ps1:24 char:5\r\n+     \u0026 \"node$exe\"  \"$basedir/node_modules/@openai/codex/bin/codex.js\"  ...\r\n+     ~~~~~~~~~~~~~~~~~~~~~~~~~~~~~~~~~~~~~~~~~~~~~~~~~~~~~~~~~~~~~~~~~\r\n    + CategoryInfo          : NotSpecified: (error: unexpect...\u0027network\u0027 found:String) [], RemoteException\r\n    + FullyQualifiedErrorId : NativeCommandError\r\n \r\n\r\nUsage: codex exec [OPTIONS] [PROMPT] [COMMAND]\r\n\r\nFor more information, try \u0027--help\u0027."}
